<?xml version="1.0" encoding="UTF-8"?>
<!-- Generated by org.testng.reporters.JUnitXMLReporter -->
<testsuite ignored="0" hostname="Gunjans-MacBook-Pro.local" failures="0" tests="3" name="RegressionTests" time="246.087" errors="0" timestamp="2023-07-04T17:50:28 IST">
  <testcase classname="com.oneapp.test_suits.OtpTestCases" name="TC101_ValidOtpTestcase" time="99.069"/>
  <testcase classname="com.oneapp.test_suits.OtpTestCases" name="TC102_InValidOtpTestcase" time="16.699"/>
  <testcase classname="com.oneapp.test_suits.OtpTestCases" name="TC103_ResendLinkTestcase" time="115.603"/>
</testsuite> <!-- RegressionTests -->
