<?xml version="1.0" encoding="UTF-8"?>
<!-- Generated by org.testng.reporters.JUnitXMLReporter -->
<testsuite ignored="0" hostname="DESKTOP-A2S9SMV" failures="0" tests="1" name="WOTTest" time="199.996" errors="0" timestamp="2024-03-01T11:59:54 IST">
  <testcase classname="com.oneapp.basic.BaseClass" name="@AfterClass afterclass" time="0.0">
    <failure type="java.lang.NullPointerException" message="Cannot invoke &amp;quot;com.oneapp.basic.BaseClass.Quit_session()&amp;quot; because &amp;quot;this.baseclass&amp;quot; is null">
      <![CDATA[java.lang.NullPointerException: Cannot invoke "com.oneapp.basic.BaseClass.Quit_session()" because "this.baseclass" is null
at com.oneapp.basic.BaseClass.afterclass(BaseClass.java:118)
at java.base/java.util.ArrayList.forEach(ArrayList.java:1511)
... Removed 25 stack frames]]>
    </failure>
  </testcase> <!-- @AfterClass afterclass -->
  <testcase classname="com.oneapp.test_suits.WotTestCases" name="TC503_ValidateVehicleExchangeTestcase" time="126.669"/>
</testsuite> <!-- WOTTest -->
