<?xml version="1.0" encoding="UTF-8"?>
<!-- Generated by org.testng.reporters.JUnitXMLReporter -->
<testsuite hostname="DESKTOP-A2S9SMV" ignored="33" name="SmokeTest" tests="13" failures="0" timestamp="2023-06-29T18:39:10 IST" time="601.226" errors="0">
  <testcase name="TC101_ValidOtpTestcase" time="41.306" classname="com.oneapp.test_suits.OtpTestCases"/>
  <testcase name="TC601_ValidateDashboardVideo" time="34.407" classname="com.oneapp.test_suits.DashboardTestCases"/>
  <testcase name="TC602_ValidateRelationShipManager" time="5.595" classname="com.oneapp.test_suits.DashboardTestCases"/>
  <testcase name="TC603_ValidateRSA" time="6.307" classname="com.oneapp.test_suits.DashboardTestCases"/>
  <testcase name="TC604_ValidateDealerLocator" time="118.589" classname="com.oneapp.test_suits.DashboardTestCases"/>
  <testcase name="TC501_ValidateSendSOSAlertTestcase" time="13.486" classname="com.oneapp.test_suits.SOSTestCases"/>
  <testcase name="TC201_ValidateValidProfileDetailsTestcase" time="241.567" classname="com.oneapp.test_suits.MyProfileTestCases"/>
  <testcase name="TC301_ValidateValidAdddingEmergencyContactTestcase" time="21.731" classname="com.oneapp.test_suits.EmergencyContactTestCases"/>
  <testcase name="TC302_ValidateValidDeletingEmergencyContactTestcase" time="17.397" classname="com.oneapp.test_suits.EmergencyContactTestCases"/>
  <testcase name="TC701_ValidateContactUSlink" time="13.447" classname="com.oneapp.test_suits.ContactUsTestCases"/>
  <testcase name="TC901_ValidateValidReferToFriend" time="39.124" classname="com.oneapp.test_suits.ReferToFriendTestCases"/>
  <testcase name="TC801_ValidateTips" time="13.881" classname="com.oneapp.test_suits.TipsAndDiyVideosTestCases"/>
  <testcase name="TC802_ValidateDIYVideos" time="13.483" classname="com.oneapp.test_suits.TipsAndDiyVideosTestCases"/>
  <testcase name="TC103_ResendLinkTestcase" time="0.0" classname="com.oneapp.test_suits.OtpTestCases">
    <ignored/>
  </testcase> <!-- TC103_ResendLinkTestcase -->
  <testcase name="TC502_ValidateDontSentLinkTestcase" time="0.0" classname="com.oneapp.test_suits.SOSTestCases">
    <ignored/>
  </testcase> <!-- TC502_ValidateDontSentLinkTestcase -->
  <testcase name="@BeforeSuite AppiumServerStarts" time="0.0" classname="com.oneapp.basic.BaseClass">
    <ignored/>
  </testcase> <!-- @BeforeSuite AppiumServerStarts -->
  <testcase name="@BeforeSuite AppiumServerStarts" time="0.0" classname="com.oneapp.basic.BaseClass">
    <ignored/>
  </testcase> <!-- @BeforeSuite AppiumServerStarts -->
  <testcase name="@BeforeSuite AppiumServerStarts" time="0.0" classname="com.oneapp.basic.BaseClass">
    <ignored/>
  </testcase> <!-- @BeforeSuite AppiumServerStarts -->
  <testcase name="@BeforeSuite AppiumServerStarts" time="0.0" classname="com.oneapp.basic.BaseClass">
    <ignored/>
  </testcase> <!-- @BeforeSuite AppiumServerStarts -->
  <testcase name="@BeforeSuite AppiumServerStarts" time="0.0" classname="com.oneapp.basic.BaseClass">
    <ignored/>
  </testcase> <!-- @BeforeSuite AppiumServerStarts -->
  <testcase name="@BeforeSuite AppiumServerStarts" time="0.0" classname="com.oneapp.basic.BaseClass">
    <ignored/>
  </testcase> <!-- @BeforeSuite AppiumServerStarts -->
  <testcase name="@BeforeSuite AppiumServerStarts" time="0.0" classname="com.oneapp.basic.BaseClass">
    <ignored/>
  </testcase> <!-- @BeforeSuite AppiumServerStarts -->
  <testcase name="TC503_ValidatecloseIconTestcase" time="0.0" classname="com.oneapp.test_suits.SOSTestCases">
    <ignored/>
  </testcase> <!-- TC503_ValidatecloseIconTestcase -->
  <testcase name="@AfterSuite AppiumServiceStops" time="0.0" classname="com.oneapp.basic.BaseClass">
    <ignored/>
  </testcase> <!-- @AfterSuite AppiumServiceStops -->
  <testcase name="@AfterSuite AppiumServiceStops" time="0.0" classname="com.oneapp.basic.BaseClass">
    <ignored/>
  </testcase> <!-- @AfterSuite AppiumServiceStops -->
  <testcase name="@AfterSuite AppiumServiceStops" time="0.0" classname="com.oneapp.basic.BaseClass">
    <ignored/>
  </testcase> <!-- @AfterSuite AppiumServiceStops -->
  <testcase name="@AfterSuite AppiumServiceStops" time="0.0" classname="com.oneapp.basic.BaseClass">
    <ignored/>
  </testcase> <!-- @AfterSuite AppiumServiceStops -->
  <testcase name="@AfterSuite AppiumServiceStops" time="0.0" classname="com.oneapp.basic.BaseClass">
    <ignored/>
  </testcase> <!-- @AfterSuite AppiumServiceStops -->
  <testcase name="@AfterSuite AppiumServiceStops" time="0.0" classname="com.oneapp.basic.BaseClass">
    <ignored/>
  </testcase> <!-- @AfterSuite AppiumServiceStops -->
  <testcase name="@AfterSuite AppiumServiceStops" time="0.0" classname="com.oneapp.basic.BaseClass">
    <ignored/>
  </testcase> <!-- @AfterSuite AppiumServiceStops -->
  <testcase name="TC902_ValidateReferToYourSelfLink" time="0.0" classname="com.oneapp.test_suits.ReferToFriendTestCases">
    <ignored/>
  </testcase> <!-- TC902_ValidateReferToYourSelfLink -->
  <testcase name="@BeforeTest BrowserSetUp" time="0.0" classname="com.oneapp.basic.BaseClass">
    <ignored/>
  </testcase> <!-- @BeforeTest BrowserSetUp -->
  <testcase name="@BeforeTest BrowserSetUp" time="0.0" classname="com.oneapp.basic.BaseClass">
    <ignored/>
  </testcase> <!-- @BeforeTest BrowserSetUp -->
  <testcase name="@BeforeTest BrowserSetUp" time="0.0" classname="com.oneapp.basic.BaseClass">
    <ignored/>
  </testcase> <!-- @BeforeTest BrowserSetUp -->
  <testcase name="@BeforeTest BrowserSetUp" time="0.0" classname="com.oneapp.basic.BaseClass">
    <ignored/>
  </testcase> <!-- @BeforeTest BrowserSetUp -->
  <testcase name="@BeforeTest BrowserSetUp" time="0.0" classname="com.oneapp.basic.BaseClass">
    <ignored/>
  </testcase> <!-- @BeforeTest BrowserSetUp -->
  <testcase name="@BeforeTest BrowserSetUp" time="0.0" classname="com.oneapp.basic.BaseClass">
    <ignored/>
  </testcase> <!-- @BeforeTest BrowserSetUp -->
  <testcase name="@BeforeTest BrowserSetUp" time="0.0" classname="com.oneapp.basic.BaseClass">
    <ignored/>
  </testcase> <!-- @BeforeTest BrowserSetUp -->
  <testcase name="TC102_InValidOtpTestcase" time="0.0" classname="com.oneapp.test_suits.OtpTestCases">
    <ignored/>
  </testcase> <!-- TC102_InValidOtpTestcase -->
  <testcase name="@AfterTest Quit_session" time="0.0" classname="com.oneapp.basic.BaseClass">
    <ignored/>
  </testcase> <!-- @AfterTest Quit_session -->
  <testcase name="@AfterTest Quit_session" time="0.0" classname="com.oneapp.basic.BaseClass">
    <ignored/>
  </testcase> <!-- @AfterTest Quit_session -->
  <testcase name="@AfterTest Quit_session" time="0.0" classname="com.oneapp.basic.BaseClass">
    <ignored/>
  </testcase> <!-- @AfterTest Quit_session -->
  <testcase name="@AfterTest Quit_session" time="0.0" classname="com.oneapp.basic.BaseClass">
    <ignored/>
  </testcase> <!-- @AfterTest Quit_session -->
  <testcase name="@AfterTest Quit_session" time="0.0" classname="com.oneapp.basic.BaseClass">
    <ignored/>
  </testcase> <!-- @AfterTest Quit_session -->
  <testcase name="@AfterTest Quit_session" time="0.0" classname="com.oneapp.basic.BaseClass">
    <ignored/>
  </testcase> <!-- @AfterTest Quit_session -->
  <testcase name="@AfterTest Quit_session" time="0.0" classname="com.oneapp.basic.BaseClass">
    <ignored/>
  </testcase> <!-- @AfterTest Quit_session -->
</testsuite> <!-- SmokeTest -->
