<?xml version="1.0" encoding="UTF-8"?>
<!-- Generated by org.testng.reporters.JUnitXMLReporter -->
<testsuite ignored="0" hostname="DESKTOP-A2S9SMV" failures="0" tests="2" name="SmokeTest" time="298.539" errors="0" timestamp="2024-01-03T15:54:22 IST">
  <testcase classname="com.oneapp.test_suits.MyProfileTestCases" name="TC201_ValidateValidProfileDetailsTestcase" time="116.591"/>
  <testcase classname="com.oneapp.test_suits.MyProfileTestCases" name="TC201_ValidateValidProfileDetailsTestcase" time="158.95"/>
</testsuite> <!-- SmokeTest -->
