<?xml version="1.0" encoding="UTF-8"?>
<!-- Generated by org.testng.reporters.JUnitXMLReporter -->
<testsuite ignored="0" hostname="DESKTOP-A2S9SMV" failures="0" tests="3" name="SOSTest" time="104.078" errors="0" timestamp="2024-01-24T19:24:59 IST">
  <testcase classname="com.oneapp.test_suits.SOSTestCases" name="TC501_ValidateSendSOSAlertMessageSendTestcase" time="63.717"/>
  <testcase classname="com.oneapp.test_suits.SOSTestCases" name="TC502_ValidateDontSentLinkTestcase" time="12.334"/>
  <testcase classname="com.oneapp.test_suits.SOSTestCases" name="TC503_ValidatecloseIconTestcase" time="10.391"/>
</testsuite> <!-- SOSTest -->
