<?xml version="1.0" encoding="UTF-8"?>
<!-- Generated by org.testng.reporters.JUnitXMLReporter -->
<testsuite ignored="4" hostname="DESKTOP-A2S9SMV" failures="0" tests="1" name="Default test" time="81.503" errors="0" timestamp="2023-03-16T13:52:13 IST">
  <testcase classname="com.oneapp.test_suits.OTP_testcases" name="validation_valid_OTP_working_expected_after_minimizing_testcase" time="46.559"/>
  <testcase classname="com.oneapp.test_suits.OTP_testcases" name="validate_valid_OTP_testcase" time="0.0">
    <ignored/>
  </testcase> <!-- validate_valid_OTP_testcase -->
  <testcase classname="com.oneapp.test_suits.OTP_testcases" name="validate_valid_OTP_with_no_internet_testcase" time="0.0">
    <ignored/>
  </testcase> <!-- validate_valid_OTP_with_no_internet_testcase -->
  <testcase classname="com.oneapp.test_suits.OTP_testcases" name="validate_OTP_after_resend_testcase" time="0.0">
    <ignored/>
  </testcase> <!-- validate_OTP_after_resend_testcase -->
  <testcase classname="com.oneapp.test_suits.OTP_testcases" name="validate_invalid_OTP_testcase" time="0.0">
    <ignored/>
  </testcase> <!-- validate_invalid_OTP_testcase -->
</testsuite> <!-- Default test -->
