<?xml version="1.0" encoding="UTF-8"?>
<testng-results ignored="4" total="5" passed="1" failed="0" skipped="0">
  <reporter-output>
  </reporter-output>
  <suite started-at="2023-04-06T15:04:45 IST" name="RegressionSuite" finished-at="2023-04-06T15:06:56 IST" duration-ms="130326">
    <groups>
      <group name="Negative">
        <method signature="OTP_testcases.validate_valid_OTP_testcase()[pri:6, instance:com.oneapp.test_suits.OTP_testcases@189cbd7c]" name="validate_valid_OTP_testcase" class="com.oneapp.test_suits.OTP_testcases"/>
      </group> <!-- Negative -->
      <group name="Regression">
        <method signature="OTP_testcases.validate_valid_OTP_testcase()[pri:6, instance:com.oneapp.test_suits.OTP_testcases@189cbd7c]" name="validate_valid_OTP_testcase" class="com.oneapp.test_suits.OTP_testcases"/>
      </group> <!-- Regression -->
    </groups>
    <test started-at="2023-04-06T15:04:45 IST" name="RegressionTests" finished-at="2023-04-06T15:06:56 IST" duration-ms="130326">
      <class name="com.oneapp.test_suits.OTP_testcases">
        <test-method is-config="true" signature="Browsers_open()[pri:0, instance:com.oneapp.test_suits.OTP_testcases@189cbd7c]" started-at="2023-04-06T15:04:45 IST" name="Browsers_open" finished-at="2023-04-06T15:05:09 IST" duration-ms="23230" status="PASS">
          <reporter-output>
          </reporter-output>
        </test-method> <!-- Browsers_open -->
        <test-method signature="validate_valid_OTP_testcase()[pri:6, instance:com.oneapp.test_suits.OTP_testcases@189cbd7c]" started-at="2023-04-06T15:05:09 IST" name="validate_valid_OTP_testcase" finished-at="2023-04-06T15:06:54 IST" duration-ms="104939" status="PASS">
          <reporter-output>
          </reporter-output>
        </test-method> <!-- validate_valid_OTP_testcase -->
        <test-method is-config="true" signature="Quit_session()[pri:0, instance:com.oneapp.test_suits.OTP_testcases@189cbd7c]" started-at="2023-04-06T15:06:54 IST" name="Quit_session" finished-at="2023-04-06T15:06:56 IST" duration-ms="2099" status="PASS">
          <reporter-output>
          </reporter-output>
        </test-method> <!-- Quit_session -->
      </class> <!-- com.oneapp.test_suits.OTP_testcases -->
    </test> <!-- RegressionTests -->
  </suite> <!-- RegressionSuite -->
</testng-results>
