<?xml version="1.0" encoding="UTF-8"?>
<testng-results ignored="32" total="40" passed="8" failed="0" skipped="0">
  <reporter-output>
  </reporter-output>
  <suite started-at="2023-03-19T15:50:28 IST" name="LoginSuite" finished-at="2023-03-19T16:00:39 IST" duration-ms="611140">
    <groups>
      <group name="Negative">
        <method signature="Login_testcases.validate_invalidLogin_testcase()[pri:2, instance:com.oneapp.test_suits.Login_testcases@352ff4da]" name="validate_invalidLogin_testcase" class="com.oneapp.test_suits.Login_testcases"/>
        <method signature="Login_testcases.validate_mininum_length_field_testcase()[pri:3, instance:com.oneapp.test_suits.Login_testcases@352ff4da]" name="validate_mininum_length_field_testcase" class="com.oneapp.test_suits.Login_testcases"/>
        <method signature="Login_testcases.validation_app_working_expected_after_minimizing_testcase()[pri:5, instance:com.oneapp.test_suits.Login_testcases@352ff4da]" name="validation_app_working_expected_after_minimizing_testcase" class="com.oneapp.test_suits.Login_testcases"/>
        <method signature="OTP_testcases.validate_valid_OTP_testcase()[pri:6, instance:com.oneapp.test_suits.OTP_testcases@52815fa3]" name="validate_valid_OTP_testcase" class="com.oneapp.test_suits.OTP_testcases"/>
        <method signature="OTP_testcases.validate_OTP_after_resend_testcase()[pri:8, instance:com.oneapp.test_suits.OTP_testcases@52815fa3]" name="validate_OTP_after_resend_testcase" class="com.oneapp.test_suits.OTP_testcases"/>
        <method signature="OTP_testcases.validate_invalid_OTP_testcase()[pri:7, instance:com.oneapp.test_suits.OTP_testcases@52815fa3]" name="validate_invalid_OTP_testcase" class="com.oneapp.test_suits.OTP_testcases"/>
        <method signature="OTP_testcases.validation_valid_OTP_working_expected_after_minimizing_testcase()[pri:10, instance:com.oneapp.test_suits.OTP_testcases@52815fa3]" name="validation_valid_OTP_working_expected_after_minimizing_testcase" class="com.oneapp.test_suits.OTP_testcases"/>
      </group> <!-- Negative -->
      <group name="Regression">
        <method signature="Login_testcases.validate_validLogin_testcase()[pri:1, instance:com.oneapp.test_suits.Login_testcases@352ff4da]" name="validate_validLogin_testcase" class="com.oneapp.test_suits.Login_testcases"/>
        <method signature="Login_testcases.validate_invalidLogin_testcase()[pri:2, instance:com.oneapp.test_suits.Login_testcases@352ff4da]" name="validate_invalidLogin_testcase" class="com.oneapp.test_suits.Login_testcases"/>
        <method signature="Login_testcases.validate_mininum_length_field_testcase()[pri:3, instance:com.oneapp.test_suits.Login_testcases@352ff4da]" name="validate_mininum_length_field_testcase" class="com.oneapp.test_suits.Login_testcases"/>
        <method signature="Login_testcases.validation_app_working_expected_after_minimizing_testcase()[pri:5, instance:com.oneapp.test_suits.Login_testcases@352ff4da]" name="validation_app_working_expected_after_minimizing_testcase" class="com.oneapp.test_suits.Login_testcases"/>
        <method signature="OTP_testcases.validate_valid_OTP_testcase()[pri:6, instance:com.oneapp.test_suits.OTP_testcases@52815fa3]" name="validate_valid_OTP_testcase" class="com.oneapp.test_suits.OTP_testcases"/>
        <method signature="OTP_testcases.validate_OTP_after_resend_testcase()[pri:8, instance:com.oneapp.test_suits.OTP_testcases@52815fa3]" name="validate_OTP_after_resend_testcase" class="com.oneapp.test_suits.OTP_testcases"/>
        <method signature="OTP_testcases.validate_invalid_OTP_testcase()[pri:7, instance:com.oneapp.test_suits.OTP_testcases@52815fa3]" name="validate_invalid_OTP_testcase" class="com.oneapp.test_suits.OTP_testcases"/>
        <method signature="OTP_testcases.validation_valid_OTP_working_expected_after_minimizing_testcase()[pri:10, instance:com.oneapp.test_suits.OTP_testcases@52815fa3]" name="validation_valid_OTP_working_expected_after_minimizing_testcase" class="com.oneapp.test_suits.OTP_testcases"/>
      </group> <!-- Regression -->
      <group name="Smoke">
        <method signature="Login_testcases.validate_validLogin_testcase()[pri:1, instance:com.oneapp.test_suits.Login_testcases@352ff4da]" name="validate_validLogin_testcase" class="com.oneapp.test_suits.Login_testcases"/>
      </group> <!-- Smoke -->
    </groups>
    <test started-at="2023-03-19T15:50:28 IST" name="LoginTest" finished-at="2023-03-19T16:00:39 IST" duration-ms="611140">
      <class name="com.oneapp.test_suits.OTP_testcases">
        <test-method is-config="true" signature="Browsers_open()[pri:0, instance:com.oneapp.test_suits.OTP_testcases@52815fa3]" started-at="2023-03-19T15:52:55 IST" name="Browsers_open" finished-at="2023-03-19T15:53:05 IST" duration-ms="9541" status="PASS">
          <reporter-output>
          </reporter-output>
        </test-method> <!-- Browsers_open -->
        <test-method signature="validate_valid_OTP_testcase()[pri:6, instance:com.oneapp.test_suits.OTP_testcases@52815fa3]" started-at="2023-03-19T15:53:05 IST" name="validate_valid_OTP_testcase" finished-at="2023-03-19T15:56:20 IST" duration-ms="195642" status="PASS">
          <reporter-output>
          </reporter-output>
        </test-method> <!-- validate_valid_OTP_testcase -->
        <test-method signature="validate_invalid_OTP_testcase()[pri:7, instance:com.oneapp.test_suits.OTP_testcases@52815fa3]" started-at="2023-03-19T15:56:20 IST" name="validate_invalid_OTP_testcase" finished-at="2023-03-19T15:57:16 IST" depends-on-methods="com.oneapp.test_suits.OTP_testcases.validate_valid_OTP_testcase" duration-ms="55542" status="PASS">
          <reporter-output>
          </reporter-output>
        </test-method> <!-- validate_invalid_OTP_testcase -->
        <test-method signature="validate_OTP_after_resend_testcase()[pri:8, instance:com.oneapp.test_suits.OTP_testcases@52815fa3]" started-at="2023-03-19T15:57:16 IST" name="validate_OTP_after_resend_testcase" finished-at="2023-03-19T15:59:37 IST" depends-on-methods="com.oneapp.test_suits.OTP_testcases.validate_valid_OTP_testcase" duration-ms="141158" status="PASS">
          <reporter-output>
          </reporter-output>
        </test-method> <!-- validate_OTP_after_resend_testcase -->
        <test-method signature="validation_valid_OTP_working_expected_after_minimizing_testcase()[pri:10, instance:com.oneapp.test_suits.OTP_testcases@52815fa3]" started-at="2023-03-19T15:59:37 IST" name="validation_valid_OTP_working_expected_after_minimizing_testcase" finished-at="2023-03-19T16:00:39 IST" depends-on-methods="com.oneapp.test_suits.OTP_testcases.validate_valid_OTP_testcase" duration-ms="62226" status="PASS">
          <reporter-output>
          </reporter-output>
        </test-method> <!-- validation_valid_OTP_working_expected_after_minimizing_testcase -->
      </class> <!-- com.oneapp.test_suits.OTP_testcases -->
      <class name="com.oneapp.test_suits.Login_testcases">
        <test-method is-config="true" signature="Browsers_open()[pri:0, instance:com.oneapp.test_suits.Login_testcases@352ff4da]" started-at="2023-03-19T15:50:28 IST" name="Browsers_open" finished-at="2023-03-19T15:50:41 IST" duration-ms="12634" status="PASS">
          <reporter-output>
          </reporter-output>
        </test-method> <!-- Browsers_open -->
        <test-method signature="validate_validLogin_testcase()[pri:1, instance:com.oneapp.test_suits.Login_testcases@352ff4da]" started-at="2023-03-19T15:50:41 IST" name="validate_validLogin_testcase" finished-at="2023-03-19T15:51:51 IST" duration-ms="70318" status="PASS">
          <reporter-output>
          </reporter-output>
        </test-method> <!-- validate_validLogin_testcase -->
        <test-method signature="validate_invalidLogin_testcase()[pri:2, instance:com.oneapp.test_suits.Login_testcases@352ff4da]" started-at="2023-03-19T15:51:51 IST" name="validate_invalidLogin_testcase" finished-at="2023-03-19T15:52:09 IST" depends-on-methods="com.oneapp.test_suits.Login_testcases.validate_validLogin_testcase" duration-ms="17948" status="PASS">
          <reporter-output>
          </reporter-output>
        </test-method> <!-- validate_invalidLogin_testcase -->
        <test-method signature="validate_mininum_length_field_testcase()[pri:3, instance:com.oneapp.test_suits.Login_testcases@352ff4da]" started-at="2023-03-19T15:52:09 IST" name="validate_mininum_length_field_testcase" finished-at="2023-03-19T15:52:29 IST" depends-on-methods="com.oneapp.test_suits.Login_testcases.validate_validLogin_testcase" duration-ms="19941" status="PASS">
          <reporter-output>
          </reporter-output>
        </test-method> <!-- validate_mininum_length_field_testcase -->
        <test-method signature="validation_app_working_expected_after_minimizing_testcase()[pri:5, instance:com.oneapp.test_suits.Login_testcases@352ff4da]" started-at="2023-03-19T15:52:29 IST" name="validation_app_working_expected_after_minimizing_testcase" finished-at="2023-03-19T15:52:55 IST" depends-on-methods="com.oneapp.test_suits.Login_testcases.validate_validLogin_testcase" duration-ms="26070" status="PASS">
          <reporter-output>
          </reporter-output>
        </test-method> <!-- validation_app_working_expected_after_minimizing_testcase -->
      </class> <!-- com.oneapp.test_suits.Login_testcases -->
    </test> <!-- LoginTest -->
  </suite> <!-- LoginSuite -->
</testng-results>
