<?xml version="1.0" encoding="UTF-8"?>
<!-- Generated by org.testng.reporters.JUnitXMLReporter -->
<testsuite ignored="37" hostname="DESKTOP-A2S9SMV" failures="0" tests="3" name="LoginTest" time="201.54" errors="0" timestamp="2023-03-10T18:48:51 IST">
  <testcase classname="com.oneapp.test_suits.SOS_testcases" name="validate_SOS_message_sending_testcase" time="153.99"/>
  <testcase classname="com.oneapp.test_suits.SOS_testcases" name="validate_dont_send_link_testcase" time="13.182"/>
  <testcase classname="com.oneapp.test_suits.SOS_testcases" name="validate_closing_alert_window_testcase" time="13.133"/>
  <testcase classname="com.oneapp.test_suits.Login_testcases" name="T_and_C_validation_005" time="0.0">
    <ignored/>
  </testcase> <!-- T_and_C_validation_005 -->
  <testcase classname="com.oneapp.test_suits.Myprofile_testcases" name="validate_myprofile_with_valid_details_testcase" time="0.0">
    <ignored/>
  </testcase> <!-- validate_myprofile_with_valid_details_testcase -->
  <testcase classname="com.oneapp.test_suits.OTP_testcases" name="validate_valid_OTP_with_no_internet_testcase" time="0.0">
    <ignored/>
  </testcase> <!-- validate_valid_OTP_with_no_internet_testcase -->
  <testcase classname="com.oneapp.test_suits.Login_testcases" name="validate_mininum_length_field_testcase" time="0.0">
    <ignored/>
  </testcase> <!-- validate_mininum_length_field_testcase -->
  <testcase classname="com.oneapp.test_suits.OTP_testcases" name="validate_OTP_after_resend_testcase" time="0.0">
    <ignored/>
  </testcase> <!-- validate_OTP_after_resend_testcase -->
  <testcase classname="com.oneapp.test_suits.Login_testcases" name="validate_continue_with_no_internet_testcase" time="0.0">
    <ignored/>
  </testcase> <!-- validate_continue_with_no_internet_testcase -->
  <testcase classname="com.oneapp.test_suits.Login_testcases" name="validation_privacypage_with_no_internet" time="0.0">
    <ignored/>
  </testcase> <!-- validation_privacypage_with_no_internet -->
  <testcase classname="com.oneapp.test_suits.Login_testcases" name="validate_invalidLogin_testcase" time="0.0">
    <ignored/>
  </testcase> <!-- validate_invalidLogin_testcase -->
  <testcase classname="com.oneapp.test_suits.Myprofile_testcases" name="validate_saving_with_invalid_email_field_testcase" time="0.0">
    <ignored/>
  </testcase> <!-- validate_saving_with_invalid_email_field_testcase -->
  <testcase classname="com.oneapp.test_suits.Login_testcases" name="Contact_Us_005" time="0.0">
    <ignored/>
  </testcase> <!-- Contact_Us_005 -->
  <testcase classname="com.oneapp.test_suits.Myprofile_testcases" name="validate_saving_with_invalid_address_field_testcase" time="0.0">
    <ignored/>
  </testcase> <!-- validate_saving_with_invalid_address_field_testcase -->
  <testcase classname="com.oneapp.test_suits.EmergencyContact_testcases" name="validate_emergency_contact_with_blank_fullName_testcase" time="0.0">
    <ignored/>
  </testcase> <!-- validate_emergency_contact_with_blank_fullName_testcase -->
  <testcase classname="com.oneapp.test_suits.Login_testcases" name="validation_app_working_expected_after_minimizing_testcase" time="0.0">
    <ignored/>
  </testcase> <!-- validation_app_working_expected_after_minimizing_testcase -->
  <testcase classname="com.oneapp.test_suits.Myprofile_testcases" name="validate_saving_with_invalid_dateofbirth_field_testcase" time="0.0">
    <ignored/>
  </testcase> <!-- validate_saving_with_invalid_dateofbirth_field_testcase -->
  <testcase classname="com.oneapp.test_suits.EmergencyContact_testcases" name="validate_emergency_contact_with_blank_MobileNumber_testcase" time="0.0">
    <ignored/>
  </testcase> <!-- validate_emergency_contact_with_blank_MobileNumber_testcase -->
  <testcase classname="com.oneapp.test_suits.OTP_testcases" name="validation_valid_OTP_working_expected_after_minimizing_testcase" time="0.0">
    <ignored/>
  </testcase> <!-- validation_valid_OTP_working_expected_after_minimizing_testcase -->
  <testcase classname="com.oneapp.test_suits.EmergencyContact_testcases" name="validate_emergency_contact_with_blank_relationType_testcase" time="0.0">
    <ignored/>
  </testcase> <!-- validate_emergency_contact_with_blank_relationType_testcase -->
  <testcase classname="com.oneapp.test_suits.EmergencyContact_testcases" name="validate_emergency_contact_saving_with_invalid_details_testcase" time="0.0">
    <ignored/>
  </testcase> <!-- validate_emergency_contact_saving_with_invalid_details_testcase -->
  <testcase classname="com.oneapp.test_suits.ManageLicense_testcases" name="validation_uploading_licence_testcase" time="0.0">
    <ignored/>
  </testcase> <!-- validation_uploading_licence_testcase -->
  <testcase classname="com.oneapp.test_suits.EmergencyContact_testcases" name="validate_emergency_contact_saving_with_no_internet_testcase" time="0.0">
    <ignored/>
  </testcase> <!-- validate_emergency_contact_saving_with_no_internet_testcase -->
  <testcase classname="com.oneapp.test_suits.OTP_testcases" name="validate_invalid_OTP_testcase" time="0.0">
    <ignored/>
  </testcase> <!-- validate_invalid_OTP_testcase -->
  <testcase classname="com.oneapp.test_suits.SOS_testcases" name="validate_sending_SOS_alert_without_internet_testcase" time="0.0">
    <ignored/>
  </testcase> <!-- validate_sending_SOS_alert_without_internet_testcase -->
  <testcase classname="com.oneapp.test_suits.EmergencyContact_testcases" name="validate_emergency_contact_deleted_succesfully_testcase" time="0.0">
    <ignored/>
  </testcase> <!-- validate_emergency_contact_deleted_succesfully_testcase -->
  <testcase classname="com.oneapp.test_suits.Login_testcases" name="Privacy_validation_004" time="0.0">
    <ignored/>
  </testcase> <!-- Privacy_validation_004 -->
  <testcase classname="com.oneapp.test_suits.OTP_testcases" name="validate_valid_OTP_testcase" time="0.0">
    <ignored/>
  </testcase> <!-- validate_valid_OTP_testcase -->
  <testcase classname="com.oneapp.test_suits.Myprofile_testcases" name="validate_save_button_with_no_internet_testcase" time="0.0">
    <ignored/>
  </testcase> <!-- validate_save_button_with_no_internet_testcase -->
  <testcase classname="com.oneapp.test_suits.EmergencyContact_testcases" name="validate_emergency_contact_added_succesfully_testcase" time="0.0">
    <ignored/>
  </testcase> <!-- validate_emergency_contact_added_succesfully_testcase -->
  <testcase classname="com.oneapp.test_suits.Myprofile_testcases" name="validate_saving_with_blank_fullName_field_testcase" time="0.0">
    <ignored/>
  </testcase> <!-- validate_saving_with_blank_fullName_field_testcase -->
  <testcase classname="com.oneapp.test_suits.BookService_testcases" name="validate_Bookservice_Paid_testcase" time="0.0">
    <ignored/>
  </testcase> <!-- validate_Bookservice_Paid_testcase -->
  <testcase classname="com.oneapp.test_suits.GoodLife_testcases" name="validate_Goodlife_Non_member_199Plan_testcase" time="0.0">
    <ignored/>
  </testcase> <!-- validate_Goodlife_Non_member_199Plan_testcase -->
  <testcase classname="com.oneapp.test_suits.Login_testcases" name="validate_validLogin_testcase" time="0.0">
    <ignored/>
  </testcase> <!-- validate_validLogin_testcase -->
  <testcase classname="com.oneapp.test_suits.ManageLicense_testcases" name="validation_download_license_without_internet_testcase" time="0.0">
    <ignored/>
  </testcase> <!-- validation_download_license_without_internet_testcase -->
  <testcase classname="com.oneapp.test_suits.EmergencyContact_testcases" name="validate_emergency_contact_already_exist_testcase" time="0.0">
    <ignored/>
  </testcase> <!-- validate_emergency_contact_already_exist_testcase -->
  <testcase classname="com.oneapp.test_suits.ManageLicense_testcases" name="validation_uploading_license_without_internet_testcase" time="0.0">
    <ignored/>
  </testcase> <!-- validation_uploading_license_without_internet_testcase -->
  <testcase classname="com.oneapp.test_suits.ManageLicense_testcases" name="validation__downloading_the_uploaded_license_testcase" time="0.0">
    <ignored/>
  </testcase> <!-- validation__downloading_the_uploaded_license_testcase -->
  <testcase classname="com.oneapp.test_suits.GoodLife_testcases" name="validate_Goodlife_Non_member_299Plan_asOwner_testcase" time="0.0">
    <ignored/>
  </testcase> <!-- validate_Goodlife_Non_member_299Plan_asOwner_testcase -->
  <testcase classname="com.oneapp.test_suits.Myprofile_testcases" name="validate_saving_with_invalid_pincode_field_testcase" time="0.0">
    <ignored/>
  </testcase> <!-- validate_saving_with_invalid_pincode_field_testcase -->
</testsuite> <!-- LoginTest -->
