<?xml version="1.0" encoding="UTF-8"?>
<!-- Generated by org.testng.reporters.JUnitXMLReporter -->
<testsuite ignored="0" hostname="DESKTOP-A2S9SMV" failures="0" tests="3" name="LoginTest1" time="171.234" errors="0" timestamp="2024-02-05T11:13:48 IST">
  <testcase classname="com.oneapp.basic.BaseClass" name="@AfterClass afterclass" time="0.001">
    <failure type="java.lang.NullPointerException" message="Cannot invoke &amp;quot;com.oneapp.basic.BaseClass.Quit_session()&amp;quot; because &amp;quot;this.baseclass&amp;quot; is null">
      <![CDATA[java.lang.NullPointerException: Cannot invoke "com.oneapp.basic.BaseClass.Quit_session()" because "this.baseclass" is null
at com.oneapp.basic.BaseClass.afterclass(BaseClass.java:117)
at java.base/java.util.ArrayList.forEach(ArrayList.java:1511)
at java.base/java.util.concurrent.FutureTask.run(FutureTask.java:264)
at java.base/java.util.concurrent.ThreadPoolExecutor.runWorker(ThreadPoolExecutor.java:1136)
at java.base/java.util.concurrent.ThreadPoolExecutor$Worker.run(ThreadPoolExecutor.java:635)
at java.base/java.lang.Thread.run(Thread.java:840)
... Removed 16 stack frames]]>
    </failure>
  </testcase> <!-- @AfterClass afterclass -->
  <testcase classname="com.oneapp.test_suits.LoginTestCases" name="TC001_ValidLoginTestCase" time="50.672"/>
  <testcase classname="com.oneapp.test_suits.LoginTestCases" name="TC001_ValidLoginTestCase" time="25.75"/>
  <testcase classname="com.oneapp.test_suits.LoginTestCases" name="TC001_ValidLoginTestCase" time="21.452"/>
</testsuite> <!-- LoginTest1 -->
