<?xml version="1.0" encoding="UTF-8"?>
<!-- Generated by org.testng.reporters.JUnitXMLReporter -->
<testsuite ignored="0" hostname="DESKTOP-A2S9SMV" failures="2" tests="3" name="LoginTest2" time="250.447" errors="0" timestamp="2024-02-05T11:00:42 IST">
  <testcase classname="com.oneapp.basic.BaseClass" name="@AfterClass afterclass" time="0.001">
    <failure type="java.lang.NullPointerException" message="Cannot invoke &amp;quot;com.oneapp.basic.BaseClass.Quit_session()&amp;quot; because &amp;quot;this.baseclass&amp;quot; is null">
      <![CDATA[java.lang.NullPointerException: Cannot invoke "com.oneapp.basic.BaseClass.Quit_session()" because "this.baseclass" is null
at com.oneapp.basic.BaseClass.afterclass(BaseClass.java:117)
at java.base/java.util.ArrayList.forEach(ArrayList.java:1511)
at java.base/java.util.concurrent.FutureTask.run(FutureTask.java:264)
at java.base/java.util.concurrent.ThreadPoolExecutor.runWorker(ThreadPoolExecutor.java:1136)
at java.base/java.util.concurrent.ThreadPoolExecutor$Worker.run(ThreadPoolExecutor.java:635)
at java.base/java.lang.Thread.run(Thread.java:840)
... Removed 16 stack frames]]>
    </failure>
  </testcase> <!-- @AfterClass afterclass -->
  <testcase classname="com.oneapp.test_suits.LoginTestCases" name="TC001_ValidLoginTestCase" time="42.367"/>
  <testcase classname="com.oneapp.test_suits.LoginTestCases" name="TC001_ValidLoginTestCase" time="49.943">
    <failure type="org.openqa.selenium.UnsupportedCommandException" message="Method is not implemented
Build info: version: &amp;apos;3.141.59&amp;apos;, revision: &amp;apos;e82be7d358&amp;apos;, time: &amp;apos;2018-11-14T08:17:03&amp;apos;
System info: host: &amp;apos;DESKTOP-A2S9SMV&amp;apos;, ip: &amp;apos;172.18.208.1&amp;apos;, os.name: &amp;apos;Windows 10&amp;apos;, os.arch: &amp;apos;amd64&amp;apos;, os.version: &amp;apos;10.0&amp;apos;, java.version: &amp;apos;17.0.9&amp;apos;
Driver info: io.appium.java_client.android.AndroidDriver
Capabilities {app: /opt/raid-data/data/userV2/..., appActivity: com.customerapp.hero.views...., appPackage: com.customerapp.hero, autoGrantPermissions: true, automationName: uiautomator2, build: Android latest APK - 9.0.5, databaseEnabled: false, desired: {app: /opt/raid-data/data/userV2/..., appActivity: com.customerapp.hero.views...., appPackage: com.customerapp.hero, autoGrantPermissions: true, automationName: uiautomator2, build: Android latest APK - 9.0.5, deviceName: 721, launchTimeout: 90000, name: Invalid login, newCommandTimeout: 600, pCloudy_ApiKey: 2gdc5pv55mh54mqtwmvj4xbr, pCloudy_ApplicationName: app-debug.apk, pCloudy_DeviceFullName: SAMSUNG_GalaxyS10_Android_1..., pCloudy_DurationInMinutes: 10, pCloudy_EnableDeviceLogs: false, pCloudy_EnablePerformanceData: false, pCloudy_EnableVideo: false, pCloudy_Username: randhir.kumar@heromotocorp.com, pCloudy_WildNet: false, platformName: android, platformVersion: 12.0.0, project: Hero app, systemPort: 30994, tag: newtag}, deviceApiLevel: 31, deviceManufacturer: samsung, deviceModel: SM-G973F, deviceName: RZ8M309VF0R, deviceScreenDensity: 560, deviceScreenSize: 1440x3040, deviceUDID: RZ8M309VF0R, javascriptEnabled: true, launchTimeout: 90000, locationContextEnabled: false, name: Invalid login, networkConnectionEnabled: true, newCommandTimeout: 600, pCloudy_ApiKey: 2gdc5pv55mh54mqtwmvj4xbr, pCloudy_ApplicationName: app-debug.apk, pCloudy_DeviceFullName: SAMSUNG_GalaxyS10_Android_1..., pCloudy_DurationInMinutes: 10, pCloudy_EnableDeviceLogs: false, pCloudy_EnablePerformanceData: false, pCloudy_EnableVideo: false, pCloudy_Username: randhir.kumar@heromotocorp.com, pCloudy_WildNet: false, pixelRatio: 3.5, platform: LINUX, platformName: Android, platformVersion: 12, project: Hero app, statBarHeight: 150, systemPort: 30994, tag: newtag, takesScreenshot: true, viewportRect: {height: 2688, left: 0, top: 150, width: 1440}, warnings: {}, webStorageEnabled: false}
Session ID: 4b105d96-2438-425c-92a0-e9630a2e6048">
      <![CDATA[org.openqa.selenium.UnsupportedCommandException: Method is not implemented
Build info: version: '3.141.59', revision: 'e82be7d358', time: '2018-11-14T08:17:03'
System info: host: 'DESKTOP-A2S9SMV', ip: '172.18.208.1', os.name: 'Windows 10', os.arch: 'amd64', os.version: '10.0', java.version: '17.0.9'
Driver info: io.appium.java_client.android.AndroidDriver
Capabilities {app: /opt/raid-data/data/userV2/..., appActivity: com.customerapp.hero.views...., appPackage: com.customerapp.hero, autoGrantPermissions: true, automationName: uiautomator2, build: Android latest APK - 9.0.5, databaseEnabled: false, desired: {app: /opt/raid-data/data/userV2/..., appActivity: com.customerapp.hero.views...., appPackage: com.customerapp.hero, autoGrantPermissions: true, automationName: uiautomator2, build: Android latest APK - 9.0.5, deviceName: 721, launchTimeout: 90000, name: Invalid login, newCommandTimeout: 600, pCloudy_ApiKey: 2gdc5pv55mh54mqtwmvj4xbr, pCloudy_ApplicationName: app-debug.apk, pCloudy_DeviceFullName: SAMSUNG_GalaxyS10_Android_1..., pCloudy_DurationInMinutes: 10, pCloudy_EnableDeviceLogs: false, pCloudy_EnablePerformanceData: false, pCloudy_EnableVideo: false, pCloudy_Username: randhir.kumar@heromotocorp.com, pCloudy_WildNet: false, platformName: android, platformVersion: 12.0.0, project: Hero app, systemPort: 30994, tag: newtag}, deviceApiLevel: 31, deviceManufacturer: samsung, deviceModel: SM-G973F, deviceName: RZ8M309VF0R, deviceScreenDensity: 560, deviceScreenSize: 1440x3040, deviceUDID: RZ8M309VF0R, javascriptEnabled: true, launchTimeout: 90000, locationContextEnabled: false, name: Invalid login, networkConnectionEnabled: true, newCommandTimeout: 600, pCloudy_ApiKey: 2gdc5pv55mh54mqtwmvj4xbr, pCloudy_ApplicationName: app-debug.apk, pCloudy_DeviceFullName: SAMSUNG_GalaxyS10_Android_1..., pCloudy_DurationInMinutes: 10, pCloudy_EnableDeviceLogs: false, pCloudy_EnablePerformanceData: false, pCloudy_EnableVideo: false, pCloudy_Username: randhir.kumar@heromotocorp.com, pCloudy_WildNet: false, pixelRatio: 3.5, platform: LINUX, platformName: Android, platformVersion: 12, project: Hero app, statBarHeight: 150, systemPort: 30994, tag: newtag, takesScreenshot: true, viewportRect: {height: 2688, left: 0, top: 150, width: 1440}, warnings: {}, webStorageEnabled: false}
Session ID: 4b105d96-2438-425c-92a0-e9630a2e6048
at org.openqa.selenium.remote.http.W3CHttpResponseCodec.createException(W3CHttpResponseCodec.java:187)
at org.openqa.selenium.remote.http.W3CHttpResponseCodec.decode(W3CHttpResponseCodec.java:122)
at org.openqa.selenium.remote.http.W3CHttpResponseCodec.decode(W3CHttpResponseCodec.java:49)
at org.openqa.selenium.remote.HttpCommandExecutor.execute(HttpCommandExecutor.java:158)
at io.appium.java_client.remote.AppiumCommandExecutor.execute(AppiumCommandExecutor.java:250)
at org.openqa.selenium.remote.RemoteWebDriver.execute(RemoteWebDriver.java:552)
at io.appium.java_client.DefaultGenericMobileDriver.execute(DefaultGenericMobileDriver.java:41)
at io.appium.java_client.AppiumDriver.execute(AppiumDriver.java:1)
at io.appium.java_client.android.AndroidDriver.execute(AndroidDriver.java:1)
at org.openqa.selenium.remote.RemoteWebDriver.executeScript(RemoteWebDriver.java:489)
at com.oneapp.utils.Generic.clickOnWebElement(Generic.java:128)
at com.oneapp.pageobjects.Login_Page_Object.clickOnContinuebutton(Login_Page_Object.java:105)
at com.oneapp.test_suits.LoginTestCases.TC001_ValidLoginTestCase(LoginTestCases.java:68)
at java.base/java.util.ArrayList.forEach(ArrayList.java:1511)
at java.base/java.util.concurrent.FutureTask.run(FutureTask.java:264)
at java.base/java.util.concurrent.ThreadPoolExecutor.runWorker(ThreadPoolExecutor.java:1136)
at java.base/java.util.concurrent.ThreadPoolExecutor$Worker.run(ThreadPoolExecutor.java:635)
at java.base/java.lang.Thread.run(Thread.java:840)
... Removed 23 stack frames]]>
    </failure>
  </testcase> <!-- TC001_ValidLoginTestCase -->
  <testcase classname="com.oneapp.test_suits.LoginTestCases" name="TC001_ValidLoginTestCase" time="121.1">
    <failure type="org.openqa.selenium.NoSuchElementException" message="An element could not be located on the page using the given search parameters.
For documentation on this error, please visit: https://www.seleniumhq.org/exceptions/no_such_element.html
Build info: version: &amp;apos;3.141.59&amp;apos;, revision: &amp;apos;e82be7d358&amp;apos;, time: &amp;apos;2018-11-14T08:17:03&amp;apos;
System info: host: &amp;apos;DESKTOP-A2S9SMV&amp;apos;, ip: &amp;apos;172.18.208.1&amp;apos;, os.name: &amp;apos;Windows 10&amp;apos;, os.arch: &amp;apos;amd64&amp;apos;, os.version: &amp;apos;10.0&amp;apos;, java.version: &amp;apos;17.0.9&amp;apos;
Driver info: io.appium.java_client.android.AndroidDriver
Capabilities {app: /opt/raid-data/data/userV2/..., appActivity: com.customerapp.hero.views...., appPackage: com.customerapp.hero, autoGrantPermissions: true, automationName: uiautomator2, build: Android latest APK - 9.0.5, databaseEnabled: false, desired: {app: /opt/raid-data/data/userV2/..., appActivity: com.customerapp.hero.views...., appPackage: com.customerapp.hero, autoGrantPermissions: true, automationName: uiautomator2, build: Android latest APK - 9.0.5, deviceName: 721, launchTimeout: 90000, name: Invalid login, newCommandTimeout: 600, pCloudy_ApiKey: 2gdc5pv55mh54mqtwmvj4xbr, pCloudy_ApplicationName: app-debug.apk, pCloudy_DeviceFullName: SAMSUNG_GalaxyS10_Android_1..., pCloudy_DurationInMinutes: 10, pCloudy_EnableDeviceLogs: false, pCloudy_EnablePerformanceData: false, pCloudy_EnableVideo: false, pCloudy_Username: randhir.kumar@heromotocorp.com, pCloudy_WildNet: false, platformName: android, platformVersion: 12.0.0, project: Hero app, systemPort: 30994, tag: newtag}, deviceApiLevel: 31, deviceManufacturer: samsung, deviceModel: SM-G973F, deviceName: RZ8M309VF0R, deviceScreenDensity: 560, deviceScreenSize: 1440x3040, deviceUDID: RZ8M309VF0R, javascriptEnabled: true, launchTimeout: 90000, locationContextEnabled: false, name: Invalid login, networkConnectionEnabled: true, newCommandTimeout: 600, pCloudy_ApiKey: 2gdc5pv55mh54mqtwmvj4xbr, pCloudy_ApplicationName: app-debug.apk, pCloudy_DeviceFullName: SAMSUNG_GalaxyS10_Android_1..., pCloudy_DurationInMinutes: 10, pCloudy_EnableDeviceLogs: false, pCloudy_EnablePerformanceData: false, pCloudy_EnableVideo: false, pCloudy_Username: randhir.kumar@heromotocorp.com, pCloudy_WildNet: false, pixelRatio: 3.5, platform: LINUX, platformName: Android, platformVersion: 12, project: Hero app, statBarHeight: 150, systemPort: 30994, tag: newtag, takesScreenshot: true, viewportRect: {height: 2688, left: 0, top: 150, width: 1440}, warnings: {}, webStorageEnabled: false}
Session ID: 4b105d96-2438-425c-92a0-e9630a2e6048
*** Element info: {Using=id, value=com.customerapp.hero:id/lbl2}">
      <![CDATA[org.openqa.selenium.NoSuchElementException: An element could not be located on the page using the given search parameters.
For documentation on this error, please visit: https://www.seleniumhq.org/exceptions/no_such_element.html
Build info: version: '3.141.59', revision: 'e82be7d358', time: '2018-11-14T08:17:03'
System info: host: 'DESKTOP-A2S9SMV', ip: '172.18.208.1', os.name: 'Windows 10', os.arch: 'amd64', os.version: '10.0', java.version: '17.0.9'
Driver info: io.appium.java_client.android.AndroidDriver
Capabilities {app: /opt/raid-data/data/userV2/..., appActivity: com.customerapp.hero.views...., appPackage: com.customerapp.hero, autoGrantPermissions: true, automationName: uiautomator2, build: Android latest APK - 9.0.5, databaseEnabled: false, desired: {app: /opt/raid-data/data/userV2/..., appActivity: com.customerapp.hero.views...., appPackage: com.customerapp.hero, autoGrantPermissions: true, automationName: uiautomator2, build: Android latest APK - 9.0.5, deviceName: 721, launchTimeout: 90000, name: Invalid login, newCommandTimeout: 600, pCloudy_ApiKey: 2gdc5pv55mh54mqtwmvj4xbr, pCloudy_ApplicationName: app-debug.apk, pCloudy_DeviceFullName: SAMSUNG_GalaxyS10_Android_1..., pCloudy_DurationInMinutes: 10, pCloudy_EnableDeviceLogs: false, pCloudy_EnablePerformanceData: false, pCloudy_EnableVideo: false, pCloudy_Username: randhir.kumar@heromotocorp.com, pCloudy_WildNet: false, platformName: android, platformVersion: 12.0.0, project: Hero app, systemPort: 30994, tag: newtag}, deviceApiLevel: 31, deviceManufacturer: samsung, deviceModel: SM-G973F, deviceName: RZ8M309VF0R, deviceScreenDensity: 560, deviceScreenSize: 1440x3040, deviceUDID: RZ8M309VF0R, javascriptEnabled: true, launchTimeout: 90000, locationContextEnabled: false, name: Invalid login, networkConnectionEnabled: true, newCommandTimeout: 600, pCloudy_ApiKey: 2gdc5pv55mh54mqtwmvj4xbr, pCloudy_ApplicationName: app-debug.apk, pCloudy_DeviceFullName: SAMSUNG_GalaxyS10_Android_1..., pCloudy_DurationInMinutes: 10, pCloudy_EnableDeviceLogs: false, pCloudy_EnablePerformanceData: false, pCloudy_EnableVideo: false, pCloudy_Username: randhir.kumar@heromotocorp.com, pCloudy_WildNet: false, pixelRatio: 3.5, platform: LINUX, platformName: Android, platformVersion: 12, project: Hero app, statBarHeight: 150, systemPort: 30994, tag: newtag, takesScreenshot: true, viewportRect: {height: 2688, left: 0, top: 150, width: 1440}, warnings: {}, webStorageEnabled: false}
Session ID: 4b105d96-2438-425c-92a0-e9630a2e6048
*** Element info: {Using=id, value=com.customerapp.hero:id/lbl2}
at org.openqa.selenium.remote.http.W3CHttpResponseCodec.createException(W3CHttpResponseCodec.java:187)
at org.openqa.selenium.remote.http.W3CHttpResponseCodec.decode(W3CHttpResponseCodec.java:122)
at org.openqa.selenium.remote.http.W3CHttpResponseCodec.decode(W3CHttpResponseCodec.java:49)
at org.openqa.selenium.remote.HttpCommandExecutor.execute(HttpCommandExecutor.java:158)
at io.appium.java_client.remote.AppiumCommandExecutor.execute(AppiumCommandExecutor.java:250)
at org.openqa.selenium.remote.RemoteWebDriver.execute(RemoteWebDriver.java:552)
at io.appium.java_client.DefaultGenericMobileDriver.execute(DefaultGenericMobileDriver.java:41)
at io.appium.java_client.AppiumDriver.execute(AppiumDriver.java:1)
at io.appium.java_client.android.AndroidDriver.execute(AndroidDriver.java:1)
at org.openqa.selenium.remote.RemoteWebDriver.findElement(RemoteWebDriver.java:323)
at io.appium.java_client.DefaultGenericMobileDriver.findElement(DefaultGenericMobileDriver.java:61)
at io.appium.java_client.AppiumDriver.findElement(AppiumDriver.java:1)
at io.appium.java_client.android.AndroidDriver.findElement(AndroidDriver.java:1)
at org.openqa.selenium.remote.RemoteWebDriver.findElementById(RemoteWebDriver.java:372)
at io.appium.java_client.DefaultGenericMobileDriver.findElementById(DefaultGenericMobileDriver.java:69)
at io.appium.java_client.AppiumDriver.findElementById(AppiumDriver.java:1)
at io.appium.java_client.android.AndroidDriver.findElementById(AndroidDriver.java:1)
at org.openqa.selenium.By$ById.findElement(By.java:188)
at org.openqa.selenium.remote.RemoteWebDriver.findElement(RemoteWebDriver.java:315)
at io.appium.java_client.DefaultGenericMobileDriver.findElement(DefaultGenericMobileDriver.java:57)
at io.appium.java_client.AppiumDriver.findElement(AppiumDriver.java:1)
at io.appium.java_client.android.AndroidDriver.findElement(AndroidDriver.java:1)
at org.openqa.selenium.support.pagefactory.DefaultElementLocator.findElement(DefaultElementLocator.java:69)
at org.openqa.selenium.support.pagefactory.internal.LocatingElementHandler.invoke(LocatingElementHandler.java:38)
at jdk.proxy2/jdk.proxy2.$Proxy31.getText(Unknown Source)
at com.oneapp.test_suits.LoginTestCases.TC001_ValidLoginTestCase(LoginTestCases.java:57)
at java.base/java.util.ArrayList.forEach(ArrayList.java:1511)
at java.base/java.util.concurrent.FutureTask.run(FutureTask.java:264)
at java.base/java.util.concurrent.ThreadPoolExecutor.runWorker(ThreadPoolExecutor.java:1136)
at java.base/java.util.concurrent.ThreadPoolExecutor$Worker.run(ThreadPoolExecutor.java:635)
at java.base/java.lang.Thread.run(Thread.java:840)
... Removed 23 stack frames]]>
    </failure>
  </testcase> <!-- TC001_ValidLoginTestCase -->
</testsuite> <!-- LoginTest2 -->
