[INFO ] 2023-05-11 10:33:44.684 Create_Driver_Session:51 - PLATFORM NAME IS --> Android
[INFO ] 2023-05-11 10:33:44.716 Create_Driver_Session:53 - DEVICE NAME IS --> Samsung
[INFO ] 2023-05-11 10:33:44.717 Create_Driver_Session:55 - PLATFORM VERSION IS --> 13.0
[INFO ] 2023-05-11 10:33:44.720 Create_Driver_Session:57 - AUTOMATION NAME IS --> UiAutomator2
[INFO ] 2023-05-11 10:33:44.724 Create_Driver_Session:59 - UDID IS --> RZCT904J89D
[INFO ] 2023-05-11 10:33:44.730 Create_Driver_Session:63 - App Location is D:\ECLIPSE_LATEST\HeroApp1\myfiles\app-debug.apk
[INFO ] 2023-05-11 10:33:44.732 Create_Driver_Session:64 - App URL is https://hero-one-app-hero-one-app-sit.azurewebsites.net/
[DEBUG] 2023-05-11 10:34:25.274 BrowserFactory:56 - Android Real device gets opened
[DEBUG] 2023-05-11 10:34:30.067 BrowserFactory:58 - Application has been reset
[DEBUG] 2023-05-11 10:34:30.126 MyListeners:40 - [1;30mVALIDATE_DEALORLOCATOR_TESTCASE - STARTS[0m
[DEBUG] 2023-05-11 10:34:38.319 Generic:165 - Successfully Visibility  ----> Allow
[DEBUG] 2023-05-11 10:34:38.748 Generic:149 - Successfully Click  ----> Allow
[DEBUG] 2023-05-11 10:34:43.710 Generic:165 - Successfully Visibility  ----> Enter mobile number
[DEBUG] 2023-05-11 10:34:45.713 Generic:181 - Successfully cleared textbox
[DEBUG] 2023-05-11 10:34:49.859 Generic:165 - Successfully Visibility  ----> Enter mobile number
[DEBUG] 2023-05-11 10:34:55.934 Generic:165 - Successfully Visibility  ----> Enter mobile number
[DEBUG] 2023-05-11 10:34:57.937 Generic:181 - Successfully cleared textbox
[DEBUG] 2023-05-11 10:34:58.106 Generic:195 - Successfully enter value ----> 9508753452
[DEBUG] 2023-05-11 10:35:03.849 Generic:165 - Successfully Visibility  ----> Continue
[DEBUG] 2023-05-11 10:35:04.276 Generic:149 - Successfully Click  ----> Continue
[DEBUG] 2023-05-11 10:35:08.665 Generic:165 - Successfully Visibility  ----> Verify with OTP
[DEBUG] 2023-05-11 10:35:09.585 Generic:32 - Actual element --> Verify with OTP
[DEBUG] 2023-05-11 10:35:19.648 Generic:165 - Successfully Visibility  ----> Verify
[DEBUG] 2023-05-11 10:35:20.494 Generic:149 - Successfully Click  ----> Verify
[DEBUG] 2023-05-11 10:36:05.661 Generic:169 - [1;31morg.openqa.selenium.TimeoutException: Expected condition failed: waiting for visibility of Proxy element for: DefaultElementLocator 'By.xpath: /hierarchy/android.widget.FrameLayout/android.widget.LinearLayout/android.widget.FrameLayout/android.widget.LinearLayout/android.widget.FrameLayout/android.view.ViewGroup/android.widget.FrameLayout/android.widget.FrameLayout/android.view.ViewGroup/android.view.ViewGroup/androidx.recyclerview.widget.RecyclerView/android.view.ViewGroup/android.widget.ImageView[3]' (tried for 20 second(s) with 500 milliseconds interval)[0m
[DEBUG] 2023-05-11 10:36:36.546 Generic:153 - [1;31morg.openqa.selenium.TimeoutException: Expected condition failed: waiting for element to be clickable: Proxy element for: DefaultElementLocator 'By.xpath: /hierarchy/android.widget.FrameLayout/android.widget.LinearLayout/android.widget.FrameLayout/android.widget.LinearLayout/android.widget.FrameLayout/android.view.ViewGroup/android.widget.FrameLayout/android.widget.FrameLayout/android.view.ViewGroup/android.view.ViewGroup/androidx.recyclerview.widget.RecyclerView/android.view.ViewGroup/android.widget.ImageView[3]' (tried for 20 second(s) with 500 milliseconds interval)[0m
[DEBUG] 2023-05-11 10:37:10.972 Generic:169 - [1;31morg.openqa.selenium.TimeoutException: Expected condition failed: waiting for visibility of Proxy element for: DefaultElementLocator 'By.id: com.customerapp.hero:id/normal_text_input_layout' (tried for 20 second(s) with 500 milliseconds interval)[0m
[DEBUG] 2023-05-11 10:37:41.890 Generic:153 - [1;31morg.openqa.selenium.TimeoutException: Expected condition failed: waiting for element to be clickable: Proxy element for: DefaultElementLocator 'By.id: com.customerapp.hero:id/normal_text_input_layout' (tried for 20 second(s) with 500 milliseconds interval)[0m
[INFO ] 2023-05-11 10:38:00.719 Create_Driver_Session:51 - PLATFORM NAME IS --> Android
[INFO ] 2023-05-11 10:38:00.733 Create_Driver_Session:53 - DEVICE NAME IS --> Samsung
[INFO ] 2023-05-11 10:38:00.734 Create_Driver_Session:55 - PLATFORM VERSION IS --> 13.0
[INFO ] 2023-05-11 10:38:00.738 Create_Driver_Session:57 - AUTOMATION NAME IS --> UiAutomator2
[INFO ] 2023-05-11 10:38:00.740 Create_Driver_Session:59 - UDID IS --> RZCT904J89D
[INFO ] 2023-05-11 10:38:00.743 Create_Driver_Session:63 - App Location is D:\ECLIPSE_LATEST\HeroApp1\myfiles\app-debug.apk
[INFO ] 2023-05-11 10:38:00.747 Create_Driver_Session:64 - App URL is https://hero-one-app-hero-one-app-sit.azurewebsites.net/
[DEBUG] 2023-05-11 10:38:20.759 MyListeners:57 - [1;31m[java.base/jdk.internal.reflect.NativeConstructorAccessorImpl.newInstance0(Native Method), java.base/jdk.internal.reflect.NativeConstructorAccessorImpl.newInstance(NativeConstructorAccessorImpl.java:77), java.base/jdk.internal.reflect.DelegatingConstructorAccessorImpl.newInstance(DelegatingConstructorAccessorImpl.java:45), java.base/java.lang.reflect.Constructor.newInstanceWithCaller(Constructor.java:499), java.base/java.lang.reflect.Constructor.newInstance(Constructor.java:480), org.openqa.selenium.remote.http.W3CHttpResponseCodec.createException(W3CHttpResponseCodec.java:187), org.openqa.selenium.remote.http.W3CHttpResponseCodec.decode(W3CHttpResponseCodec.java:122), org.openqa.selenium.remote.http.W3CHttpResponseCodec.decode(W3CHttpResponseCodec.java:49), org.openqa.selenium.remote.HttpCommandExecutor.execute(HttpCommandExecutor.java:158), io.appium.java_client.remote.AppiumCommandExecutor.execute(AppiumCommandExecutor.java:250), org.openqa.selenium.remote.RemoteWebDriver.execute(RemoteWebDriver.java:552), io.appium.java_client.DefaultGenericMobileDriver.execute(DefaultGenericMobileDriver.java:41), io.appium.java_client.AppiumDriver.execute(AppiumDriver.java:1), io.appium.java_client.android.AndroidDriver.execute(AndroidDriver.java:1), io.appium.java_client.CommandExecutionHelper.execute(CommandExecutionHelper.java:27), io.appium.java_client.android.nativekey.PressesKey.pressKey(PressesKey.java:35), com.oneapp.page_actions.Selected_Vehicle_Page_Actions.vehicleSelectionAction(Selected_Vehicle_Page_Actions.java:107), com.oneapp.test_suits.Dashboard_testcases.validate_DealorLocator_testcase(Dashboard_testcases.java:32), java.base/jdk.internal.reflect.NativeMethodAccessorImpl.invoke0(Native Method), java.base/jdk.internal.reflect.NativeMethodAccessorImpl.invoke(NativeMethodAccessorImpl.java:77), java.base/jdk.internal.reflect.DelegatingMethodAccessorImpl.invoke(DelegatingMethodAccessorImpl.java:43), java.base/java.lang.reflect.Method.invoke(Method.java:568), org.testng.internal.MethodInvocationHelper.invokeMethod(MethodInvocationHelper.java:133), org.testng.internal.TestInvoker.invokeMethod(TestInvoker.java:598), org.testng.internal.TestInvoker.invokeTestMethod(TestInvoker.java:173), org.testng.internal.MethodRunner.runInSequence(MethodRunner.java:46), org.testng.internal.TestInvoker$MethodInvocationAgent.invoke(TestInvoker.java:824), org.testng.internal.TestInvoker.invokeTestMethods(TestInvoker.java:146), org.testng.internal.TestMethodWorker.invokeTestMethods(TestMethodWorker.java:146), org.testng.internal.TestMethodWorker.run(TestMethodWorker.java:128), java.base/java.util.ArrayList.forEach(ArrayList.java:1511), org.testng.TestRunner.privateRun(TestRunner.java:794), org.testng.TestRunner.run(TestRunner.java:596), org.testng.SuiteRunner.runTest(SuiteRunner.java:377), org.testng.SuiteRunner.runSequentially(SuiteRunner.java:371), org.testng.SuiteRunner.privateRun(SuiteRunner.java:332), org.testng.SuiteRunner.run(SuiteRunner.java:276), org.testng.SuiteRunnerWorker.runSuite(SuiteRunnerWorker.java:53), org.testng.SuiteRunnerWorker.run(SuiteRunnerWorker.java:96), org.testng.TestNG.runSuitesSequentially(TestNG.java:1212), org.testng.TestNG.runSuitesLocally(TestNG.java:1134), org.testng.TestNG.runSuites(TestNG.java:1063), org.testng.TestNG.run(TestNG.java:1031), org.testng.remote.AbstractRemoteTestNG.run(AbstractRemoteTestNG.java:115), org.testng.remote.RemoteTestNG.initAndRun(RemoteTestNG.java:251), org.testng.remote.RemoteTestNG.main(RemoteTestNG.java:77)][0m
[DEBUG] 2023-05-11 10:38:20.874 MyListeners:73 - [1;31mVALIDATE_DEALORLOCATOR_TESTCASE - FAILURE[0m
[DEBUG] 2023-05-11 10:38:28.626 BrowserFactory:56 - Android Real device gets opened
[DEBUG] 2023-05-11 10:38:33.134 BrowserFactory:58 - Application has been reset
[DEBUG] 2023-05-11 10:38:33.186 MyListeners:40 - [1;30mVALIDATE_DEALORLOCATOR_TESTCASE - STARTS[0m
[DEBUG] 2023-05-11 10:38:41.165 Generic:165 - Successfully Visibility  ----> Allow
[DEBUG] 2023-05-11 10:38:41.589 Generic:149 - Successfully Click  ----> Allow
[DEBUG] 2023-05-11 10:38:45.658 Generic:165 - Successfully Visibility  ----> Enter mobile number
[DEBUG] 2023-05-11 10:38:47.673 Generic:181 - Successfully cleared textbox
[DEBUG] 2023-05-11 10:38:51.632 Generic:165 - Successfully Visibility  ----> Enter mobile number
[DEBUG] 2023-05-11 10:38:57.473 Generic:165 - Successfully Visibility  ----> Enter mobile number
[DEBUG] 2023-05-11 10:38:59.489 Generic:181 - Successfully cleared textbox
[DEBUG] 2023-05-11 10:38:59.638 Generic:195 - Successfully enter value ----> 9508753452
[DEBUG] 2023-05-11 10:39:05.268 Generic:165 - Successfully Visibility  ----> Continue
[DEBUG] 2023-05-11 10:39:05.611 Generic:149 - Successfully Click  ----> Continue
[DEBUG] 2023-05-11 10:39:09.592 Generic:165 - Successfully Visibility  ----> Verify with OTP
[DEBUG] 2023-05-11 10:39:09.678 Generic:32 - Actual element --> Verify with OTP
[DEBUG] 2023-05-11 10:39:21.295 Generic:165 - Successfully Visibility  ----> Verify
[DEBUG] 2023-05-11 10:39:21.631 Generic:149 - Successfully Click  ----> Verify
[DEBUG] 2023-05-11 10:40:06.363 Generic:169 - [1;31morg.openqa.selenium.TimeoutException: Expected condition failed: waiting for visibility of Proxy element for: DefaultElementLocator 'By.xpath: /hierarchy/android.widget.FrameLayout/android.widget.LinearLayout/android.widget.FrameLayout/android.widget.LinearLayout/android.widget.FrameLayout/android.view.ViewGroup/android.widget.FrameLayout/android.widget.FrameLayout/android.view.ViewGroup/android.view.ViewGroup/androidx.recyclerview.widget.RecyclerView/android.view.ViewGroup/android.widget.ImageView[3]' (tried for 20 second(s) with 500 milliseconds interval)[0m
[DEBUG] 2023-05-11 10:40:37.112 Generic:153 - [1;31morg.openqa.selenium.TimeoutException: Expected condition failed: waiting for element to be clickable: Proxy element for: DefaultElementLocator 'By.xpath: /hierarchy/android.widget.FrameLayout/android.widget.LinearLayout/android.widget.FrameLayout/android.widget.LinearLayout/android.widget.FrameLayout/android.view.ViewGroup/android.widget.FrameLayout/android.widget.FrameLayout/android.view.ViewGroup/android.view.ViewGroup/androidx.recyclerview.widget.RecyclerView/android.view.ViewGroup/android.widget.ImageView[3]' (tried for 20 second(s) with 500 milliseconds interval)[0m
[DEBUG] 2023-05-11 10:41:11.407 Generic:169 - [1;31morg.openqa.selenium.TimeoutException: Expected condition failed: waiting for visibility of Proxy element for: DefaultElementLocator 'By.id: com.customerapp.hero:id/normal_text_input_layout' (tried for 20 second(s) with 500 milliseconds interval)[0m
[DEBUG] 2023-05-11 10:41:42.297 Generic:153 - [1;31morg.openqa.selenium.TimeoutException: Expected condition failed: waiting for element to be clickable: Proxy element for: DefaultElementLocator 'By.id: com.customerapp.hero:id/normal_text_input_layout' (tried for 20 second(s) with 500 milliseconds interval)[0m
[DEBUG] 2023-05-11 10:42:30.327 Generic:165 - Successfully Visibility  ----> Continue
[DEBUG] 2023-05-11 10:42:30.550 Generic:149 - Successfully Click  ----> Continue
[DEBUG] 2023-05-11 10:42:34.516 Generic:165 - Successfully Visibility  ----> Save
[DEBUG] 2023-05-11 10:42:34.805 Generic:149 - Successfully Click  ----> Save
[DEBUG] 2023-05-11 10:42:44.873 Generic:165 - Successfully Visibility  ----> Only this time
[DEBUG] 2023-05-11 10:42:45.166 Generic:149 - Successfully Click  ----> Only this time
[DEBUG] 2023-05-11 10:43:30.371 Generic:169 - [1;31morg.openqa.selenium.TimeoutException: Expected condition failed: waiting for visibility of Proxy element for: DefaultElementLocator 'By.xpath: /hierarchy/android.widget.FrameLayout/android.widget.LinearLayout/android.widget.FrameLayout/android.widget.LinearLayout/android.widget.FrameLayout/android.view.ViewGroup/android.view.ViewGroup/android.view.ViewGroup/android.widget.FrameLayout/android.view.ViewGroup/android.view.ViewGroup/android.view.ViewGroup[2]/android.view.ViewGroup/android.widget.ScrollView/android.view.ViewGroup/android.view.ViewGroup[1]/androidx.recyclerview.widget.RecyclerView/android.view.ViewGroup[6]/android.view.View' (tried for 20 second(s) with 500 milliseconds interval)[0m
[DEBUG] 2023-05-11 10:44:01.445 Generic:153 - [1;31morg.openqa.selenium.TimeoutException: Expected condition failed: waiting for element to be clickable: Proxy element for: DefaultElementLocator 'By.xpath: /hierarchy/android.widget.FrameLayout/android.widget.LinearLayout/android.widget.FrameLayout/android.widget.LinearLayout/android.widget.FrameLayout/android.view.ViewGroup/android.view.ViewGroup/android.view.ViewGroup/android.widget.FrameLayout/android.view.ViewGroup/android.view.ViewGroup/android.view.ViewGroup[2]/android.view.ViewGroup/android.widget.ScrollView/android.view.ViewGroup/android.view.ViewGroup[1]/androidx.recyclerview.widget.RecyclerView/android.view.ViewGroup[6]/android.view.View' (tried for 20 second(s) with 500 milliseconds interval)[0m
[DEBUG] 2023-05-11 10:44:36.124 Generic:169 - [1;31morg.openqa.selenium.TimeoutException: Expected condition failed: waiting for visibility of Proxy element for: DefaultElementLocator 'By.id: com.customerapp.hero:id/lbl' (tried for 20 second(s) with 500 milliseconds interval)[0m
[DEBUG] 2023-05-11 10:44:46.307 MyListeners:57 - [1;31m[jdk.internal.reflect.GeneratedConstructorAccessor35.newInstance(Unknown Source), java.base/jdk.internal.reflect.DelegatingConstructorAccessorImpl.newInstance(DelegatingConstructorAccessorImpl.java:45), java.base/java.lang.reflect.Constructor.newInstanceWithCaller(Constructor.java:499), java.base/java.lang.reflect.Constructor.newInstance(Constructor.java:480), org.openqa.selenium.remote.http.W3CHttpResponseCodec.createException(W3CHttpResponseCodec.java:187), org.openqa.selenium.remote.http.W3CHttpResponseCodec.decode(W3CHttpResponseCodec.java:122), org.openqa.selenium.remote.http.W3CHttpResponseCodec.decode(W3CHttpResponseCodec.java:49), org.openqa.selenium.remote.HttpCommandExecutor.execute(HttpCommandExecutor.java:158), io.appium.java_client.remote.AppiumCommandExecutor.execute(AppiumCommandExecutor.java:250), org.openqa.selenium.remote.RemoteWebDriver.execute(RemoteWebDriver.java:552), io.appium.java_client.DefaultGenericMobileDriver.execute(DefaultGenericMobileDriver.java:41), io.appium.java_client.AppiumDriver.execute(AppiumDriver.java:1), io.appium.java_client.android.AndroidDriver.execute(AndroidDriver.java:1), org.openqa.selenium.remote.RemoteWebDriver.findElement(RemoteWebDriver.java:323), io.appium.java_client.DefaultGenericMobileDriver.findElement(DefaultGenericMobileDriver.java:61), io.appium.java_client.AppiumDriver.findElement(AppiumDriver.java:1), io.appium.java_client.android.AndroidDriver.findElement(AndroidDriver.java:1), org.openqa.selenium.remote.RemoteWebDriver.findElementById(RemoteWebDriver.java:372), io.appium.java_client.DefaultGenericMobileDriver.findElementById(DefaultGenericMobileDriver.java:69), io.appium.java_client.AppiumDriver.findElementById(AppiumDriver.java:1), io.appium.java_client.android.AndroidDriver.findElementById(AndroidDriver.java:1), org.openqa.selenium.By$ById.findElement(By.java:188), org.openqa.selenium.remote.RemoteWebDriver.findElement(RemoteWebDriver.java:315), io.appium.java_client.DefaultGenericMobileDriver.findElement(DefaultGenericMobileDriver.java:57), io.appium.java_client.AppiumDriver.findElement(AppiumDriver.java:1), io.appium.java_client.android.AndroidDriver.findElement(AndroidDriver.java:1), org.openqa.selenium.support.pagefactory.DefaultElementLocator.findElement(DefaultElementLocator.java:69), org.openqa.selenium.support.pagefactory.internal.LocatingElementHandler.invoke(LocatingElementHandler.java:38), jdk.proxy2/jdk.proxy2.$Proxy27.getText(Unknown Source), com.oneapp.utils.Generic.hardAssertion(Generic.java:30), com.oneapp.page_actions.DealerLocator_Page_Action.dealerLocatorPageAssertionAction(DealerLocator_Page_Action.java:39), com.oneapp.test_suits.Dashboard_testcases.validate_DealorLocator_testcase(Dashboard_testcases.java:37), java.base/jdk.internal.reflect.NativeMethodAccessorImpl.invoke0(Native Method), java.base/jdk.internal.reflect.NativeMethodAccessorImpl.invoke(NativeMethodAccessorImpl.java:77), java.base/jdk.internal.reflect.DelegatingMethodAccessorImpl.invoke(DelegatingMethodAccessorImpl.java:43), java.base/java.lang.reflect.Method.invoke(Method.java:568), org.testng.internal.MethodInvocationHelper.invokeMethod(MethodInvocationHelper.java:133), org.testng.internal.TestInvoker.invokeMethod(TestInvoker.java:598), org.testng.internal.TestInvoker.invokeTestMethod(TestInvoker.java:173), org.testng.internal.MethodRunner.runInSequence(MethodRunner.java:46), org.testng.internal.TestInvoker$MethodInvocationAgent.invoke(TestInvoker.java:824), org.testng.internal.TestInvoker.invokeTestMethods(TestInvoker.java:146), org.testng.internal.TestMethodWorker.invokeTestMethods(TestMethodWorker.java:146), org.testng.internal.TestMethodWorker.run(TestMethodWorker.java:128), java.base/java.util.ArrayList.forEach(ArrayList.java:1511), org.testng.TestRunner.privateRun(TestRunner.java:794), org.testng.TestRunner.run(TestRunner.java:596), org.testng.SuiteRunner.runTest(SuiteRunner.java:377), org.testng.SuiteRunner.runSequentially(SuiteRunner.java:371), org.testng.SuiteRunner.privateRun(SuiteRunner.java:332), org.testng.SuiteRunner.run(SuiteRunner.java:276), org.testng.SuiteRunnerWorker.runSuite(SuiteRunnerWorker.java:53), org.testng.SuiteRunnerWorker.run(SuiteRunnerWorker.java:96), org.testng.TestNG.runSuitesSequentially(TestNG.java:1212), org.testng.TestNG.runSuitesLocally(TestNG.java:1134), org.testng.TestNG.runSuites(TestNG.java:1063), org.testng.TestNG.run(TestNG.java:1031), org.testng.remote.AbstractRemoteTestNG.run(AbstractRemoteTestNG.java:115), org.testng.remote.RemoteTestNG.initAndRun(RemoteTestNG.java:251), org.testng.remote.RemoteTestNG.main(RemoteTestNG.java:77)][0m
[DEBUG] 2023-05-11 10:44:47.005 MyListeners:100 - [1;31mScreenshot stored at: D:\ECLIPSE_LATEST\HeroApp1/screenshots/validate_DealorLocator_testcase__T_h_u_ _M_a_y_ _1_1_ _1_0___4_4___4_6_ _I_S_T_ _2_0_2_3_.png[0m
[DEBUG] 2023-05-11 10:44:47.009 MyListeners:73 - [1;31mVALIDATE_DEALORLOCATOR_TESTCASE - FAILURE[0m
[INFO ] 2023-05-11 13:12:34.149 Create_Driver_Session:51 - PLATFORM NAME IS --> Android
[INFO ] 2023-05-11 13:12:34.155 Create_Driver_Session:53 - DEVICE NAME IS --> Samsung
[INFO ] 2023-05-11 13:12:34.156 Create_Driver_Session:55 - PLATFORM VERSION IS --> 13.0
[INFO ] 2023-05-11 13:12:34.157 Create_Driver_Session:57 - AUTOMATION NAME IS --> UiAutomator2
[INFO ] 2023-05-11 13:12:34.159 Create_Driver_Session:59 - UDID IS --> RZCT904J89D
[DEBUG] 2023-05-11 13:12:54.373 BrowserFactory:56 - Android Real device gets opened
[DEBUG] 2023-05-11 13:12:58.428 BrowserFactory:58 - Application has been reset
[DEBUG] 2023-05-11 13:12:58.460 MyListeners:40 - [1;30mVALIDATE_DEALORLOCATOR_TESTCASE - STARTS[0m
[DEBUG] 2023-05-11 13:13:04.285 Generic:165 - Successfully Visibility  ----> Allow
[DEBUG] 2023-05-11 13:13:04.730 Generic:149 - Successfully Click  ----> Allow
[DEBUG] 2023-05-11 13:13:08.805 Generic:165 - Successfully Visibility  ----> Enter mobile number
[DEBUG] 2023-05-11 13:13:10.816 Generic:181 - Successfully cleared textbox
[DEBUG] 2023-05-11 13:13:15.750 Generic:165 - Successfully Visibility  ----> Enter mobile number
[DEBUG] 2023-05-11 13:13:21.792 Generic:165 - Successfully Visibility  ----> Enter mobile number
[DEBUG] 2023-05-11 13:13:23.806 Generic:181 - Successfully cleared textbox
[DEBUG] 2023-05-11 13:13:23.914 Generic:195 - Successfully enter value ----> 9958592171
[DEBUG] 2023-05-11 13:13:29.748 Generic:165 - Successfully Visibility  ----> Continue
[DEBUG] 2023-05-11 13:13:30.098 Generic:149 - Successfully Click  ----> Continue
[DEBUG] 2023-05-11 13:13:34.178 Generic:165 - Successfully Visibility  ----> Verify with OTP
[DEBUG] 2023-05-11 13:13:35.212 Generic:32 - Actual element --> Verify with OTP
[DEBUG] 2023-05-11 13:13:45.201 Generic:165 - Successfully Visibility  ----> Verify
[DEBUG] 2023-05-11 13:13:46.035 Generic:149 - Successfully Click  ----> Verify
[DEBUG] 2023-05-11 13:14:30.732 Generic:169 - [1;31morg.openqa.selenium.TimeoutException: Expected condition failed: waiting for visibility of Proxy element for: DefaultElementLocator 'By.xpath: /hierarchy/android.widget.FrameLayout/android.widget.LinearLayout/android.widget.FrameLayout/android.widget.LinearLayout/android.widget.FrameLayout/android.view.ViewGroup/android.widget.FrameLayout/android.widget.FrameLayout/android.view.ViewGroup/android.view.ViewGroup/androidx.recyclerview.widget.RecyclerView/android.view.ViewGroup/android.widget.ImageView[3]' (tried for 20 second(s) with 500 milliseconds interval)[0m
[DEBUG] 2023-05-11 13:15:01.582 Generic:153 - [1;31morg.openqa.selenium.TimeoutException: Expected condition failed: waiting for element to be clickable: Proxy element for: DefaultElementLocator 'By.xpath: /hierarchy/android.widget.FrameLayout/android.widget.LinearLayout/android.widget.FrameLayout/android.widget.LinearLayout/android.widget.FrameLayout/android.view.ViewGroup/android.widget.FrameLayout/android.widget.FrameLayout/android.view.ViewGroup/android.view.ViewGroup/androidx.recyclerview.widget.RecyclerView/android.view.ViewGroup/android.widget.ImageView[3]' (tried for 20 second(s) with 500 milliseconds interval)[0m
[DEBUG] 2023-05-11 13:15:35.827 Generic:169 - [1;31morg.openqa.selenium.TimeoutException: Expected condition failed: waiting for visibility of Proxy element for: DefaultElementLocator 'By.id: com.customerapp.hero:id/normal_text_input_layout' (tried for 20 second(s) with 500 milliseconds interval)[0m
[DEBUG] 2023-05-11 13:16:06.506 Generic:153 - [1;31morg.openqa.selenium.TimeoutException: Expected condition failed: waiting for element to be clickable: Proxy element for: DefaultElementLocator 'By.id: com.customerapp.hero:id/normal_text_input_layout' (tried for 20 second(s) with 500 milliseconds interval)[0m
[DEBUG] 2023-05-11 13:16:54.319 Generic:165 - Successfully Visibility  ----> Continue
[DEBUG] 2023-05-11 13:16:54.536 Generic:149 - Successfully Click  ----> Continue
[DEBUG] 2023-05-11 13:17:30.508 Generic:169 - [1;31morg.openqa.selenium.TimeoutException: Expected condition failed: waiting for visibility of Proxy element for: DefaultElementLocator 'By.id: com.customerapp.hero:id/btn_lbl' (tried for 20 second(s) with 500 milliseconds interval)[0m
[DEBUG] 2023-05-11 13:18:01.187 Generic:153 - [1;31morg.openqa.selenium.TimeoutException: Expected condition failed: waiting for element to be clickable: Proxy element for: DefaultElementLocator 'By.id: com.customerapp.hero:id/btn_lbl' (tried for 20 second(s) with 500 milliseconds interval)[0m
[DEBUG] 2023-05-11 13:18:11.077 Generic:165 - Successfully Visibility  ----> Only this time
[DEBUG] 2023-05-11 13:18:11.305 Generic:149 - Successfully Click  ----> Only this time
[DEBUG] 2023-05-11 13:18:56.216 Generic:169 - [1;31morg.openqa.selenium.TimeoutException: Expected condition failed: waiting for visibility of Proxy element for: DefaultElementLocator 'By.xpath: /hierarchy/android.widget.FrameLayout/android.widget.LinearLayout/android.widget.FrameLayout/android.widget.LinearLayout/android.widget.FrameLayout/android.view.ViewGroup/android.view.ViewGroup/android.view.ViewGroup/android.widget.FrameLayout/android.view.ViewGroup/android.view.ViewGroup/android.view.ViewGroup[2]/android.view.ViewGroup/android.widget.ScrollView/android.view.ViewGroup/android.view.ViewGroup[1]/androidx.recyclerview.widget.RecyclerView/android.view.ViewGroup[6]/android.view.View' (tried for 20 second(s) with 500 milliseconds interval)[0m
[DEBUG] 2023-05-11 13:19:27.220 Generic:153 - [1;31morg.openqa.selenium.TimeoutException: Expected condition failed: waiting for element to be clickable: Proxy element for: DefaultElementLocator 'By.xpath: /hierarchy/android.widget.FrameLayout/android.widget.LinearLayout/android.widget.FrameLayout/android.widget.LinearLayout/android.widget.FrameLayout/android.view.ViewGroup/android.view.ViewGroup/android.view.ViewGroup/android.widget.FrameLayout/android.view.ViewGroup/android.view.ViewGroup/android.view.ViewGroup[2]/android.view.ViewGroup/android.widget.ScrollView/android.view.ViewGroup/android.view.ViewGroup[1]/androidx.recyclerview.widget.RecyclerView/android.view.ViewGroup[6]/android.view.View' (tried for 20 second(s) with 500 milliseconds interval)[0m
[DEBUG] 2023-05-11 13:20:01.746 Generic:169 - [1;31morg.openqa.selenium.TimeoutException: Expected condition failed: waiting for visibility of Proxy element for: DefaultElementLocator 'By.id: com.customerapp.hero:id/lbl' (tried for 20 second(s) with 500 milliseconds interval)[0m
[DEBUG] 2023-05-11 13:20:11.891 MyListeners:57 - [1;31m[jdk.internal.reflect.GeneratedConstructorAccessor35.newInstance(Unknown Source), java.base/jdk.internal.reflect.DelegatingConstructorAccessorImpl.newInstance(DelegatingConstructorAccessorImpl.java:45), java.base/java.lang.reflect.Constructor.newInstanceWithCaller(Constructor.java:499), java.base/java.lang.reflect.Constructor.newInstance(Constructor.java:480), org.openqa.selenium.remote.http.W3CHttpResponseCodec.createException(W3CHttpResponseCodec.java:187), org.openqa.selenium.remote.http.W3CHttpResponseCodec.decode(W3CHttpResponseCodec.java:122), org.openqa.selenium.remote.http.W3CHttpResponseCodec.decode(W3CHttpResponseCodec.java:49), org.openqa.selenium.remote.HttpCommandExecutor.execute(HttpCommandExecutor.java:158), io.appium.java_client.remote.AppiumCommandExecutor.execute(AppiumCommandExecutor.java:250), org.openqa.selenium.remote.RemoteWebDriver.execute(RemoteWebDriver.java:552), io.appium.java_client.DefaultGenericMobileDriver.execute(DefaultGenericMobileDriver.java:41), io.appium.java_client.AppiumDriver.execute(AppiumDriver.java:1), io.appium.java_client.android.AndroidDriver.execute(AndroidDriver.java:1), org.openqa.selenium.remote.RemoteWebDriver.findElement(RemoteWebDriver.java:323), io.appium.java_client.DefaultGenericMobileDriver.findElement(DefaultGenericMobileDriver.java:61), io.appium.java_client.AppiumDriver.findElement(AppiumDriver.java:1), io.appium.java_client.android.AndroidDriver.findElement(AndroidDriver.java:1), org.openqa.selenium.remote.RemoteWebDriver.findElementById(RemoteWebDriver.java:372), io.appium.java_client.DefaultGenericMobileDriver.findElementById(DefaultGenericMobileDriver.java:69), io.appium.java_client.AppiumDriver.findElementById(AppiumDriver.java:1), io.appium.java_client.android.AndroidDriver.findElementById(AndroidDriver.java:1), org.openqa.selenium.By$ById.findElement(By.java:188), org.openqa.selenium.remote.RemoteWebDriver.findElement(RemoteWebDriver.java:315), io.appium.java_client.DefaultGenericMobileDriver.findElement(DefaultGenericMobileDriver.java:57), io.appium.java_client.AppiumDriver.findElement(AppiumDriver.java:1), io.appium.java_client.android.AndroidDriver.findElement(AndroidDriver.java:1), org.openqa.selenium.support.pagefactory.DefaultElementLocator.findElement(DefaultElementLocator.java:69), org.openqa.selenium.support.pagefactory.internal.LocatingElementHandler.invoke(LocatingElementHandler.java:38), jdk.proxy2/jdk.proxy2.$Proxy27.getText(Unknown Source), com.oneapp.utils.Generic.hardAssertion(Generic.java:30), com.oneapp.page_actions.DealerLocator_Page_Action.dealerLocatorPageAssertionAction(DealerLocator_Page_Action.java:39), com.oneapp.test_suits.Dashboard_testcases.validate_DealorLocator_testcase(Dashboard_testcases.java:37), java.base/jdk.internal.reflect.NativeMethodAccessorImpl.invoke0(Native Method), java.base/jdk.internal.reflect.NativeMethodAccessorImpl.invoke(NativeMethodAccessorImpl.java:77), java.base/jdk.internal.reflect.DelegatingMethodAccessorImpl.invoke(DelegatingMethodAccessorImpl.java:43), java.base/java.lang.reflect.Method.invoke(Method.java:568), org.testng.internal.MethodInvocationHelper.invokeMethod(MethodInvocationHelper.java:133), org.testng.internal.TestInvoker.invokeMethod(TestInvoker.java:598), org.testng.internal.TestInvoker.invokeTestMethod(TestInvoker.java:173), org.testng.internal.MethodRunner.runInSequence(MethodRunner.java:46), org.testng.internal.TestInvoker$MethodInvocationAgent.invoke(TestInvoker.java:824), org.testng.internal.TestInvoker.invokeTestMethods(TestInvoker.java:146), org.testng.internal.TestMethodWorker.invokeTestMethods(TestMethodWorker.java:146), org.testng.internal.TestMethodWorker.run(TestMethodWorker.java:128), java.base/java.util.ArrayList.forEach(ArrayList.java:1511), org.testng.TestRunner.privateRun(TestRunner.java:794), org.testng.TestRunner.run(TestRunner.java:596), org.testng.SuiteRunner.runTest(SuiteRunner.java:377), org.testng.SuiteRunner.runSequentially(SuiteRunner.java:371), org.testng.SuiteRunner.privateRun(SuiteRunner.java:332), org.testng.SuiteRunner.run(SuiteRunner.java:276), org.testng.SuiteRunnerWorker.runSuite(SuiteRunnerWorker.java:53), org.testng.SuiteRunnerWorker.run(SuiteRunnerWorker.java:96), org.testng.TestNG.runSuitesSequentially(TestNG.java:1212), org.testng.TestNG.runSuitesLocally(TestNG.java:1134), org.testng.TestNG.runSuites(TestNG.java:1063), org.testng.TestNG.run(TestNG.java:1031), org.testng.remote.AbstractRemoteTestNG.run(AbstractRemoteTestNG.java:115), org.testng.remote.RemoteTestNG.initAndRun(RemoteTestNG.java:251), org.testng.remote.RemoteTestNG.main(RemoteTestNG.java:77)][0m
[DEBUG] 2023-05-11 13:20:12.444 MyListeners:100 - [1;31mScreenshot stored at: D:\ECLIPSE_LATEST\HeroApp1/screenshots/validate_DealorLocator_testcase__T_h_u_ _M_a_y_ _1_1_ _1_3___2_0___1_1_ _I_S_T_ _2_0_2_3_.png[0m
[DEBUG] 2023-05-11 13:20:12.451 MyListeners:73 - [1;31mVALIDATE_DEALORLOCATOR_TESTCASE - FAILURE[0m
[INFO ] 2023-05-11 13:36:24.984 Create_Driver_Session:51 - PLATFORM NAME IS --> Android
[INFO ] 2023-05-11 13:36:24.990 Create_Driver_Session:53 - DEVICE NAME IS --> Samsung
[INFO ] 2023-05-11 13:36:24.991 Create_Driver_Session:55 - PLATFORM VERSION IS --> 13.0
[INFO ] 2023-05-11 13:36:24.993 Create_Driver_Session:57 - AUTOMATION NAME IS --> UiAutomator2
[INFO ] 2023-05-11 13:36:24.994 Create_Driver_Session:59 - UDID IS --> RZCT904J89D
[DEBUG] 2023-05-11 13:36:46.401 BrowserFactory:56 - Android Real device gets opened
[DEBUG] 2023-05-11 13:36:50.610 BrowserFactory:58 - Application has been reset
[DEBUG] 2023-05-11 13:36:50.638 MyListeners:40 - [1;30mVALIDATE_DEALORLOCATOR_TESTCASE - STARTS[0m
[DEBUG] 2023-05-11 13:36:56.403 Generic:165 - Successfully Visibility  ----> Allow
[DEBUG] 2023-05-11 13:36:56.714 Generic:149 - Successfully Click  ----> Allow
[DEBUG] 2023-05-11 13:37:00.743 Generic:165 - Successfully Visibility  ----> Enter mobile number
[DEBUG] 2023-05-11 13:37:02.758 Generic:181 - Successfully cleared textbox
[DEBUG] 2023-05-11 13:37:06.754 Generic:165 - Successfully Visibility  ----> Enter mobile number
[DEBUG] 2023-05-11 13:37:12.625 Generic:165 - Successfully Visibility  ----> Enter mobile number
[DEBUG] 2023-05-11 13:37:14.634 Generic:181 - Successfully cleared textbox
[DEBUG] 2023-05-11 13:37:14.771 Generic:195 - Successfully enter value ----> 9958592171
[DEBUG] 2023-05-11 13:37:20.236 Generic:165 - Successfully Visibility  ----> Continue
[DEBUG] 2023-05-11 13:37:20.657 Generic:149 - Successfully Click  ----> Continue
[DEBUG] 2023-05-11 13:37:24.681 Generic:165 - Successfully Visibility  ----> Verify with OTP
[DEBUG] 2023-05-11 13:37:24.757 Generic:32 - Actual element --> Verify with OTP
[DEBUG] 2023-05-11 13:37:35.773 Generic:165 - Successfully Visibility  ----> Verify
[DEBUG] 2023-05-11 13:37:36.629 Generic:149 - Successfully Click  ----> Verify
[DEBUG] 2023-05-11 13:37:50.932 Generic:165 - Successfully Visibility  ----> 
[DEBUG] 2023-05-11 13:37:51.312 Generic:149 - Successfully Click  ----> 
[DEBUG] 2023-05-11 13:37:55.150 Generic:165 - Successfully Visibility  ----> 
[DEBUG] 2023-05-11 13:37:55.305 Generic:149 - Successfully Click  ----> 
[DEBUG] 2023-05-11 13:38:46.077 Generic:165 - Successfully Visibility  ----> Save
[DEBUG] 2023-05-11 13:38:46.254 Generic:149 - Successfully Click  ----> Save
[DEBUG] 2023-05-11 13:38:50.892 Generic:165 - Successfully Visibility  ----> Continue
[DEBUG] 2023-05-11 13:38:51.077 Generic:149 - Successfully Click  ----> Continue
[DEBUG] 2023-05-11 13:39:01.214 Generic:165 - Successfully Visibility  ----> Only this time
[DEBUG] 2023-05-11 13:39:01.493 Generic:149 - Successfully Click  ----> Only this time
[DEBUG] 2023-05-11 13:39:46.877 Generic:169 - [1;31morg.openqa.selenium.TimeoutException: Expected condition failed: waiting for visibility of Proxy element for: DefaultElementLocator 'By.xpath: /hierarchy/android.widget.FrameLayout/android.widget.LinearLayout/android.widget.FrameLayout/android.widget.LinearLayout/android.widget.FrameLayout/android.view.ViewGroup/android.view.ViewGroup/android.view.ViewGroup/android.widget.FrameLayout/android.view.ViewGroup/android.view.ViewGroup/android.view.ViewGroup[2]/android.view.ViewGroup/android.widget.ScrollView/android.view.ViewGroup/android.view.ViewGroup[1]/androidx.recyclerview.widget.RecyclerView/android.view.ViewGroup[6]/android.view.View' (tried for 20 second(s) with 500 milliseconds interval)[0m
[DEBUG] 2023-05-11 13:40:17.701 Generic:153 - [1;31morg.openqa.selenium.TimeoutException: Expected condition failed: waiting for element to be clickable: Proxy element for: DefaultElementLocator 'By.xpath: /hierarchy/android.widget.FrameLayout/android.widget.LinearLayout/android.widget.FrameLayout/android.widget.LinearLayout/android.widget.FrameLayout/android.view.ViewGroup/android.view.ViewGroup/android.view.ViewGroup/android.widget.FrameLayout/android.view.ViewGroup/android.view.ViewGroup/android.view.ViewGroup[2]/android.view.ViewGroup/android.widget.ScrollView/android.view.ViewGroup/android.view.ViewGroup[1]/androidx.recyclerview.widget.RecyclerView/android.view.ViewGroup[6]/android.view.View' (tried for 20 second(s) with 500 milliseconds interval)[0m
[DEBUG] 2023-05-11 13:40:52.680 Generic:169 - [1;31morg.openqa.selenium.TimeoutException: Expected condition failed: waiting for visibility of Proxy element for: DefaultElementLocator 'By.id: com.customerapp.hero:id/lbl' (tried for 20 second(s) with 500 milliseconds interval)[0m
[DEBUG] 2023-05-11 13:41:02.760 MyListeners:57 - [1;31m[java.base/jdk.internal.reflect.NativeConstructorAccessorImpl.newInstance0(Native Method), java.base/jdk.internal.reflect.NativeConstructorAccessorImpl.newInstance(NativeConstructorAccessorImpl.java:77), java.base/jdk.internal.reflect.DelegatingConstructorAccessorImpl.newInstance(DelegatingConstructorAccessorImpl.java:45), java.base/java.lang.reflect.Constructor.newInstanceWithCaller(Constructor.java:499), java.base/java.lang.reflect.Constructor.newInstance(Constructor.java:480), org.openqa.selenium.remote.http.W3CHttpResponseCodec.createException(W3CHttpResponseCodec.java:187), org.openqa.selenium.remote.http.W3CHttpResponseCodec.decode(W3CHttpResponseCodec.java:122), org.openqa.selenium.remote.http.W3CHttpResponseCodec.decode(W3CHttpResponseCodec.java:49), org.openqa.selenium.remote.HttpCommandExecutor.execute(HttpCommandExecutor.java:158), io.appium.java_client.remote.AppiumCommandExecutor.execute(AppiumCommandExecutor.java:250), org.openqa.selenium.remote.RemoteWebDriver.execute(RemoteWebDriver.java:552), io.appium.java_client.DefaultGenericMobileDriver.execute(DefaultGenericMobileDriver.java:41), io.appium.java_client.AppiumDriver.execute(AppiumDriver.java:1), io.appium.java_client.android.AndroidDriver.execute(AndroidDriver.java:1), org.openqa.selenium.remote.RemoteWebDriver.findElement(RemoteWebDriver.java:323), io.appium.java_client.DefaultGenericMobileDriver.findElement(DefaultGenericMobileDriver.java:61), io.appium.java_client.AppiumDriver.findElement(AppiumDriver.java:1), io.appium.java_client.android.AndroidDriver.findElement(AndroidDriver.java:1), org.openqa.selenium.remote.RemoteWebDriver.findElementById(RemoteWebDriver.java:372), io.appium.java_client.DefaultGenericMobileDriver.findElementById(DefaultGenericMobileDriver.java:69), io.appium.java_client.AppiumDriver.findElementById(AppiumDriver.java:1), io.appium.java_client.android.AndroidDriver.findElementById(AndroidDriver.java:1), org.openqa.selenium.By$ById.findElement(By.java:188), org.openqa.selenium.remote.RemoteWebDriver.findElement(RemoteWebDriver.java:315), io.appium.java_client.DefaultGenericMobileDriver.findElement(DefaultGenericMobileDriver.java:57), io.appium.java_client.AppiumDriver.findElement(AppiumDriver.java:1), io.appium.java_client.android.AndroidDriver.findElement(AndroidDriver.java:1), org.openqa.selenium.support.pagefactory.DefaultElementLocator.findElement(DefaultElementLocator.java:69), org.openqa.selenium.support.pagefactory.internal.LocatingElementHandler.invoke(LocatingElementHandler.java:38), jdk.proxy2/jdk.proxy2.$Proxy27.getText(Unknown Source), com.oneapp.utils.Generic.hardAssertion(Generic.java:30), com.oneapp.page_actions.DealerLocator_Page_Action.dealerLocatorPageAssertionAction(DealerLocator_Page_Action.java:39), com.oneapp.test_suits.Dashboard_testcases.validate_DealorLocator_testcase(Dashboard_testcases.java:37), java.base/jdk.internal.reflect.NativeMethodAccessorImpl.invoke0(Native Method), java.base/jdk.internal.reflect.NativeMethodAccessorImpl.invoke(NativeMethodAccessorImpl.java:77), java.base/jdk.internal.reflect.DelegatingMethodAccessorImpl.invoke(DelegatingMethodAccessorImpl.java:43), java.base/java.lang.reflect.Method.invoke(Method.java:568), org.testng.internal.MethodInvocationHelper.invokeMethod(MethodInvocationHelper.java:133), org.testng.internal.TestInvoker.invokeMethod(TestInvoker.java:598), org.testng.internal.TestInvoker.invokeTestMethod(TestInvoker.java:173), org.testng.internal.MethodRunner.runInSequence(MethodRunner.java:46), org.testng.internal.TestInvoker$MethodInvocationAgent.invoke(TestInvoker.java:824), org.testng.internal.TestInvoker.invokeTestMethods(TestInvoker.java:146), org.testng.internal.TestMethodWorker.invokeTestMethods(TestMethodWorker.java:146), org.testng.internal.TestMethodWorker.run(TestMethodWorker.java:128), java.base/java.util.ArrayList.forEach(ArrayList.java:1511), org.testng.TestRunner.privateRun(TestRunner.java:794), org.testng.TestRunner.run(TestRunner.java:596), org.testng.SuiteRunner.runTest(SuiteRunner.java:377), org.testng.SuiteRunner.runSequentially(SuiteRunner.java:371), org.testng.SuiteRunner.privateRun(SuiteRunner.java:332), org.testng.SuiteRunner.run(SuiteRunner.java:276), org.testng.SuiteRunnerWorker.runSuite(SuiteRunnerWorker.java:53), org.testng.SuiteRunnerWorker.run(SuiteRunnerWorker.java:96), org.testng.TestNG.runSuitesSequentially(TestNG.java:1212), org.testng.TestNG.runSuitesLocally(TestNG.java:1134), org.testng.TestNG.runSuites(TestNG.java:1063), org.testng.TestNG.run(TestNG.java:1031), org.testng.remote.AbstractRemoteTestNG.run(AbstractRemoteTestNG.java:115), org.testng.remote.RemoteTestNG.initAndRun(RemoteTestNG.java:251), org.testng.remote.RemoteTestNG.main(RemoteTestNG.java:77)][0m
[DEBUG] 2023-05-11 13:41:03.317 MyListeners:100 - [1;31mScreenshot stored at: D:\ECLIPSE_LATEST\HeroApp1/screenshots/validate_DealorLocator_testcase__T_h_u_ _M_a_y_ _1_1_ _1_3___4_1___0_2_ _I_S_T_ _2_0_2_3_.png[0m
[DEBUG] 2023-05-11 13:41:03.321 MyListeners:73 - [1;31mVALIDATE_DEALORLOCATOR_TESTCASE - FAILURE[0m
[DEBUG] 2023-05-11 13:41:05.134 BrowserFactory:69 - Android Real device gets closed
[DEBUG] 2023-05-11 13:41:05.135 BrowserFactory:70 - ++++++++++++++++++++++++++++++++
[INFO ] 2023-05-11 13:57:57.330 Create_Driver_Session:51 - PLATFORM NAME IS --> Android
[INFO ] 2023-05-11 13:57:57.336 Create_Driver_Session:53 - DEVICE NAME IS --> Samsung
[INFO ] 2023-05-11 13:57:57.338 Create_Driver_Session:55 - PLATFORM VERSION IS --> 13.0
[INFO ] 2023-05-11 13:57:57.340 Create_Driver_Session:57 - AUTOMATION NAME IS --> UiAutomator2
[INFO ] 2023-05-11 13:57:57.341 Create_Driver_Session:59 - UDID IS --> RZCT904J89D
[DEBUG] 2023-05-11 13:58:17.037 BrowserFactory:56 - Android Real device gets opened
[DEBUG] 2023-05-11 13:58:21.076 BrowserFactory:58 - Application has been reset
[DEBUG] 2023-05-11 13:58:21.111 MyListeners:40 - [1;30mVALIDATE_DEALORLOCATOR_TESTCASE - STARTS[0m
[DEBUG] 2023-05-11 13:58:26.991 Generic:165 - Successfully Visibility  ----> Allow
[DEBUG] 2023-05-11 13:58:27.297 Generic:149 - Successfully Click  ----> Allow
[DEBUG] 2023-05-11 13:58:31.321 Generic:165 - Successfully Visibility  ----> Enter mobile number
[DEBUG] 2023-05-11 13:58:33.330 Generic:181 - Successfully cleared textbox
[DEBUG] 2023-05-11 13:58:37.388 Generic:165 - Successfully Visibility  ----> Enter mobile number
[DEBUG] 2023-05-11 13:58:43.265 Generic:165 - Successfully Visibility  ----> Enter mobile number
[DEBUG] 2023-05-11 13:58:45.266 Generic:181 - Successfully cleared textbox
[DEBUG] 2023-05-11 13:58:45.393 Generic:195 - Successfully enter value ----> 9958592171
[DEBUG] 2023-05-11 13:58:50.637 Generic:165 - Successfully Visibility  ----> Continue
[DEBUG] 2023-05-11 13:58:51.002 Generic:149 - Successfully Click  ----> Continue
[DEBUG] 2023-05-11 13:58:55.204 Generic:165 - Successfully Visibility  ----> Verify with OTP
[DEBUG] 2023-05-11 13:58:55.276 Generic:32 - Actual element --> Verify with OTP
[DEBUG] 2023-05-11 13:59:06.362 Generic:165 - Successfully Visibility  ----> Verify
[DEBUG] 2023-05-11 13:59:07.197 Generic:149 - Successfully Click  ----> Verify
[DEBUG] 2023-05-11 13:59:14.440 Generic:165 - Successfully Visibility  ----> book service paid
[DEBUG] 2023-05-11 13:59:14.890 Generic:149 - Successfully Click  ----> book service paid
[DEBUG] 2023-05-11 13:59:15.660 Selected_Vehicle_Page_Actions:51 - Book service PAID vin selected
[DEBUG] 2023-05-11 13:59:19.419 Generic:165 - Successfully Visibility  ----> Continue
[DEBUG] 2023-05-11 13:59:19.706 Generic:149 - Successfully Click  ----> Continue
[DEBUG] 2023-05-11 13:59:31.152 Generic:165 - Successfully Visibility  ----> Only this time
[DEBUG] 2023-05-11 13:59:31.474 Generic:149 - Successfully Click  ----> Only this time
[DEBUG] 2023-05-11 13:59:49.577 Generic:165 - Successfully Visibility  ----> 
[DEBUG] 2023-05-11 13:59:50.255 Generic:149 - Successfully Click  ----> 
[DEBUG] 2023-05-11 13:59:54.401 Generic:165 - Successfully Visibility  ----> Dealer Locator
[DEBUG] 2023-05-11 13:59:54.488 Generic:32 - Actual element --> Dealer Locator
[DEBUG] 2023-05-11 14:00:08.313 Generic:165 - Successfully Visibility  ----> 
[DEBUG] 2023-05-11 14:00:08.495 Generic:149 - Successfully Click  ----> 
[DEBUG] 2023-05-11 14:00:11.585 Generic:127 - Itration of the elements starts
[DEBUG] 2023-05-11 14:00:15.872 Generic:136 - This element gets clicked ----> DELHI
[DEBUG] 2023-05-11 14:00:20.625 Generic:165 - Successfully Visibility  ----> 
[DEBUG] 2023-05-11 14:00:20.803 Generic:149 - Successfully Click  ----> 
[DEBUG] 2023-05-11 14:00:23.904 Generic:127 - Itration of the elements starts
[DEBUG] 2023-05-11 14:00:28.085 Generic:136 - This element gets clicked ----> DELHI
[DEBUG] 2023-05-11 14:00:32.970 Generic:165 - Successfully Visibility  ----> 
[DEBUG] 2023-05-11 14:00:33.206 Generic:149 - Successfully Click  ----> 
[DEBUG] 2023-05-11 14:00:33.928 DealerLocator_Page_Action:63 - BELOW ARE THE LIST OF DEALER LOCATORS WHICH ARE IN DELHI STATE
[DEBUG] 2023-05-11 14:00:34.137 DealerLocator_Page_Action:67 - Dealer Locator
[DEBUG] 2023-05-11 14:00:34.169 DealerLocator_Page_Action:67 - DELHI
[DEBUG] 2023-05-11 14:00:34.189 DealerLocator_Page_Action:67 - DELHI
[DEBUG] 2023-05-11 14:00:34.210 DealerLocator_Page_Action:67 - Hans Motors
[DEBUG] 2023-05-11 14:00:34.233 DealerLocator_Page_Action:67 - PLOT NO.1, GALI NO.1, KARAWAL NAGAR SHAHEED BHAGAT SINGH COLONY (NEAR TOLL TAX), DELHI, DELHI, 110090
[DEBUG] 2023-05-11 14:00:34.253 DealerLocator_Page_Action:67 - 22.1 Km.
[DEBUG] 2023-05-11 14:00:34.273 DealerLocator_Page_Action:67 -  â€¢ 
[DEBUG] 2023-05-11 14:00:34.295 DealerLocator_Page_Action:67 - 48 mins
[DEBUG] 2023-05-11 14:00:34.316 DealerLocator_Page_Action:67 - Shiva Auto Gallery
[DEBUG] 2023-05-11 14:00:34.336 DealerLocator_Page_Action:67 - D- 1/12 , MANGAL BAZAR ROAD , SANGAM VIHAR, OPP. BATRA HOSPITAL, DELHI, DELHI, 110080
[DEBUG] 2023-05-11 14:00:34.356 DealerLocator_Page_Action:67 - 19.9 Km.
[DEBUG] 2023-05-11 14:00:34.375 DealerLocator_Page_Action:67 -  â€¢ 
[DEBUG] 2023-05-11 14:00:34.395 DealerLocator_Page_Action:67 - 53 mins
[DEBUG] 2023-05-11 14:00:34.416 DealerLocator_Page_Action:67 - RANA MOTORS
[DEBUG] 2023-05-11 14:00:34.439 DealerLocator_Page_Action:67 - C-3 SURAJ PARK OPP. BADALI INDUSTRIAL AREA, NEAR SAMAYPUR BADALI METRO STATION, DELHI, DELHI, 110042
[DEBUG] 2023-05-11 14:00:34.461 DealerLocator_Page_Action:67 - 32.7 Km.
[DEBUG] 2023-05-11 14:00:34.483 DealerLocator_Page_Action:67 -  â€¢ 
[DEBUG] 2023-05-11 14:00:34.506 DealerLocator_Page_Action:67 - 1 hr
[DEBUG] 2023-05-11 14:00:34.528 DealerLocator_Page_Action:67 - M.S JWALAJI MOTORS
[DEBUG] 2023-05-11 14:00:34.552 DealerLocator_Page_Action:67 - X-1577, PANDIT TOLI RAM MARKET, RAJGARH COLONY, KRISHNA NAGAR, DELHI, DELHI, 110031
[DEBUG] 2023-05-11 14:00:34.578 DealerLocator_Page_Action:67 - 7.2 Km.
[DEBUG] 2023-05-11 14:00:34.601 DealerLocator_Page_Action:67 -  â€¢ 
[DEBUG] 2023-05-11 14:00:34.622 DealerLocator_Page_Action:67 - 23 mins
[DEBUG] 2023-05-11 14:00:34.645 DealerLocator_Page_Action:67 - PASHUPATI AUTOS
[DEBUG] 2023-05-11 14:00:34.668 DealerLocator_Page_Action:67 - 661, NEAR DEVLI BUS STAND,, DEVLI(KHANPUR), DELHI, DELHI, 110062
[DEBUG] 2023-05-11 14:00:34.692 DealerLocator_Page_Action:67 - 22.2 Km.
[DEBUG] 2023-05-11 14:00:34.715 DealerLocator_Page_Action:67 -  â€¢ 
[DEBUG] 2023-05-11 14:00:34.739 DealerLocator_Page_Action:67 - 1 hr 4 mins
[DEBUG] 2023-05-11 14:00:34.761 DealerLocator_Page_Action:67 - SHARMA AUTOMOBILES
[DEBUG] 2023-05-11 14:00:34.790 DealerLocator_Page_Action:67 - 35/19-20, MAIN ROHTAK ROAD , RAJENDRA PARK, NANGLOI, DELHI, DELHI, 110041
[DEBUG] 2023-05-11 14:01:09.395 Generic:169 - [1;31morg.openqa.selenium.TimeoutException: Expected condition failed: waiting for visibility of Proxy element for: DefaultElementLocator 'By.xpath: /hierarchy/android.widget.FrameLayout/android.widget.LinearLayout/android.widget.FrameLayout/android.widget.LinearLayout/android.widget.FrameLayout/android.view.ViewGroup/android.view.ViewGroup/android.view.ViewGroup/android.widget.FrameLayout/android.view.ViewGroup/android.widget.ScrollView/android.view.ViewGroup/android.view.ViewGroup/androidx.recyclerview.widget.RecyclerView/android.view.ViewGroup[1]/android.widget.ImageView' (tried for 20 second(s) with 500 milliseconds interval)[0m
[DEBUG] 2023-05-11 14:01:40.442 Generic:153 - [1;31morg.openqa.selenium.TimeoutException: Expected condition failed: waiting for element to be clickable: Proxy element for: DefaultElementLocator 'By.xpath: /hierarchy/android.widget.FrameLayout/android.widget.LinearLayout/android.widget.FrameLayout/android.widget.LinearLayout/android.widget.FrameLayout/android.view.ViewGroup/android.view.ViewGroup/android.view.ViewGroup/android.widget.FrameLayout/android.view.ViewGroup/android.widget.ScrollView/android.view.ViewGroup/android.view.ViewGroup/androidx.recyclerview.widget.RecyclerView/android.view.ViewGroup[1]/android.widget.ImageView' (tried for 20 second(s) with 500 milliseconds interval)[0m
[DEBUG] 2023-05-11 14:01:53.758 Generic:165 - Successfully Visibility  ----> 
[DEBUG] 2023-05-11 14:01:53.831 MyListeners:57 - [1;31m[org.testng.Assert.fail(Assert.java:99), org.testng.Assert.failNotEquals(Assert.java:1037), org.testng.Assert.assertEqualsImpl(Assert.java:140), org.testng.Assert.assertEquals(Assert.java:122), org.testng.Assert.assertEquals(Assert.java:629), org.testng.Assert.assertEquals(Assert.java:639), com.oneapp.utils.Generic.hardAssertion(Generic.java:31), com.oneapp.page_actions.DealerLocator_Page_Action.dealerLocatorProcessAction(DealerLocator_Page_Action.java:76), com.oneapp.test_suits.Dashboard_testcases.validate_DealorLocator_testcase(Dashboard_testcases.java:38), java.base/jdk.internal.reflect.NativeMethodAccessorImpl.invoke0(Native Method), java.base/jdk.internal.reflect.NativeMethodAccessorImpl.invoke(NativeMethodAccessorImpl.java:77), java.base/jdk.internal.reflect.DelegatingMethodAccessorImpl.invoke(DelegatingMethodAccessorImpl.java:43), java.base/java.lang.reflect.Method.invoke(Method.java:568), org.testng.internal.MethodInvocationHelper.invokeMethod(MethodInvocationHelper.java:133), org.testng.internal.TestInvoker.invokeMethod(TestInvoker.java:598), org.testng.internal.TestInvoker.invokeTestMethod(TestInvoker.java:173), org.testng.internal.MethodRunner.runInSequence(MethodRunner.java:46), org.testng.internal.TestInvoker$MethodInvocationAgent.invoke(TestInvoker.java:824), org.testng.internal.TestInvoker.invokeTestMethods(TestInvoker.java:146), org.testng.internal.TestMethodWorker.invokeTestMethods(TestMethodWorker.java:146), org.testng.internal.TestMethodWorker.run(TestMethodWorker.java:128), java.base/java.util.ArrayList.forEach(ArrayList.java:1511), org.testng.TestRunner.privateRun(TestRunner.java:794), org.testng.TestRunner.run(TestRunner.java:596), org.testng.SuiteRunner.runTest(SuiteRunner.java:377), org.testng.SuiteRunner.runSequentially(SuiteRunner.java:371), org.testng.SuiteRunner.privateRun(SuiteRunner.java:332), org.testng.SuiteRunner.run(SuiteRunner.java:276), org.testng.SuiteRunnerWorker.runSuite(SuiteRunnerWorker.java:53), org.testng.SuiteRunnerWorker.run(SuiteRunnerWorker.java:96), org.testng.TestNG.runSuitesSequentially(TestNG.java:1212), org.testng.TestNG.runSuitesLocally(TestNG.java:1134), org.testng.TestNG.runSuites(TestNG.java:1063), org.testng.TestNG.run(TestNG.java:1031), org.testng.remote.AbstractRemoteTestNG.run(AbstractRemoteTestNG.java:115), org.testng.remote.RemoteTestNG.initAndRun(RemoteTestNG.java:251), org.testng.remote.RemoteTestNG.main(RemoteTestNG.java:77)][0m
[DEBUG] 2023-05-11 14:01:54.201 MyListeners:100 - [1;31mScreenshot stored at: D:\ECLIPSE_LATEST\HeroApp1/screenshots/validate_DealorLocator_testcase__T_h_u_ _M_a_y_ _1_1_ _1_4___0_1___5_3_ _I_S_T_ _2_0_2_3_.png[0m
[DEBUG] 2023-05-11 14:01:54.205 MyListeners:73 - [1;31mVALIDATE_DEALORLOCATOR_TESTCASE - FAILURE[0m
[DEBUG] 2023-05-11 14:01:55.865 BrowserFactory:69 - Android Real device gets closed
[DEBUG] 2023-05-11 14:01:55.865 BrowserFactory:70 - ++++++++++++++++++++++++++++++++
[INFO ] 2023-05-11 18:07:55.240 Create_Driver_Session:51 - PLATFORM NAME IS --> Android
[INFO ] 2023-05-11 18:07:55.245 Create_Driver_Session:53 - DEVICE NAME IS --> Samsung
[INFO ] 2023-05-11 18:07:55.246 Create_Driver_Session:55 - PLATFORM VERSION IS --> 13.0
[INFO ] 2023-05-11 18:07:55.248 Create_Driver_Session:57 - AUTOMATION NAME IS --> UiAutomator2
[INFO ] 2023-05-11 18:07:55.249 Create_Driver_Session:59 - UDID IS --> RZCT904J89D
[DEBUG] 2023-05-11 18:08:16.063 BrowserFactory:56 - Android Real device gets opened
[DEBUG] 2023-05-11 18:08:19.572 BrowserFactory:58 - Application has been reset
[DEBUG] 2023-05-11 18:08:19.597 MyListeners:40 - [1;30mVALIDATE_DASHBOARDVIDEOISPRESENT_TESTCASE - STARTS[0m
[DEBUG] 2023-05-11 18:08:25.283 Generic:165 - Successfully Visibility  ----> Allow
[DEBUG] 2023-05-11 18:08:25.589 Generic:149 - Successfully Click  ----> Allow
[DEBUG] 2023-05-11 18:08:29.617 Generic:165 - Successfully Visibility  ----> Enter mobile number
[DEBUG] 2023-05-11 18:08:31.624 Generic:181 - Successfully cleared textbox
[DEBUG] 2023-05-11 18:08:35.673 Generic:165 - Successfully Visibility  ----> Enter mobile number
[DEBUG] 2023-05-11 18:08:42.593 Generic:165 - Successfully Visibility  ----> Enter mobile number
[DEBUG] 2023-05-11 18:08:44.607 Generic:181 - Successfully cleared textbox
[DEBUG] 2023-05-11 18:08:44.770 Generic:195 - Successfully enter value ----> 9958592171
[DEBUG] 2023-05-11 18:08:49.789 Generic:165 - Successfully Visibility  ----> Continue
[DEBUG] 2023-05-11 18:08:50.711 Generic:149 - Successfully Click  ----> Continue
[DEBUG] 2023-05-11 18:08:54.597 Generic:165 - Successfully Visibility  ----> Verify with OTP
[DEBUG] 2023-05-11 18:08:54.667 Generic:32 - Actual element --> Verify with OTP
[DEBUG] 2023-05-11 18:09:05.752 Generic:165 - Successfully Visibility  ----> Verify
[DEBUG] 2023-05-11 18:09:06.578 Generic:149 - Successfully Click  ----> Verify
[DEBUG] 2023-05-11 18:09:13.752 Generic:165 - Successfully Visibility  ----> book service paid
[DEBUG] 2023-05-11 18:09:14.146 Generic:149 - Successfully Click  ----> book service paid
[DEBUG] 2023-05-11 18:09:14.921 Selected_Vehicle_Page_Actions:51 - Book service PAID vin selected
[DEBUG] 2023-05-11 18:09:18.681 Generic:165 - Successfully Visibility  ----> Continue
[DEBUG] 2023-05-11 18:09:18.904 Generic:149 - Successfully Click  ----> Continue
[DEBUG] 2023-05-11 18:09:30.612 Generic:165 - Successfully Visibility  ----> Only this time
[DEBUG] 2023-05-11 18:09:30.928 Generic:149 - Successfully Click  ----> Only this time
[DEBUG] 2023-05-11 18:10:01.314 MyListeners:57 - [1;31m[java.base/jdk.internal.util.Preconditions.outOfBounds(Preconditions.java:64), java.base/jdk.internal.util.Preconditions.outOfBoundsCheckIndex(Preconditions.java:70), java.base/jdk.internal.util.Preconditions.checkIndex(Preconditions.java:266), java.base/java.util.Objects.checkIndex(Objects.java:359), java.base/java.util.ArrayList.get(ArrayList.java:427), java.base/jdk.internal.reflect.NativeMethodAccessorImpl.invoke0(Native Method), java.base/jdk.internal.reflect.NativeMethodAccessorImpl.invoke(NativeMethodAccessorImpl.java:77), java.base/jdk.internal.reflect.DelegatingMethodAccessorImpl.invoke(DelegatingMethodAccessorImpl.java:43), java.base/java.lang.reflect.Method.invoke(Method.java:568), org.openqa.selenium.support.pagefactory.internal.LocatingElementListHandler.invoke(LocatingElementListHandler.java:39), jdk.proxy2/jdk.proxy2.$Proxy29.get(Unknown Source), com.oneapp.page_actions.Dashboard_Page_Actions.dashboardVideoAction(Dashboard_Page_Actions.java:36), com.oneapp.test_suits.Dashboard_testcases.validate_DashboardVideoIsPresent_testcase(Dashboard_testcases.java:66), java.base/jdk.internal.reflect.NativeMethodAccessorImpl.invoke0(Native Method), java.base/jdk.internal.reflect.NativeMethodAccessorImpl.invoke(NativeMethodAccessorImpl.java:77), java.base/jdk.internal.reflect.DelegatingMethodAccessorImpl.invoke(DelegatingMethodAccessorImpl.java:43), java.base/java.lang.reflect.Method.invoke(Method.java:568), org.testng.internal.MethodInvocationHelper.invokeMethod(MethodInvocationHelper.java:133), org.testng.internal.TestInvoker.invokeMethod(TestInvoker.java:598), org.testng.internal.TestInvoker.invokeTestMethod(TestInvoker.java:173), org.testng.internal.MethodRunner.runInSequence(MethodRunner.java:46), org.testng.internal.TestInvoker$MethodInvocationAgent.invoke(TestInvoker.java:824), org.testng.internal.TestInvoker.invokeTestMethods(TestInvoker.java:146), org.testng.internal.TestMethodWorker.invokeTestMethods(TestMethodWorker.java:146), org.testng.internal.TestMethodWorker.run(TestMethodWorker.java:128), java.base/java.util.ArrayList.forEach(ArrayList.java:1511), org.testng.TestRunner.privateRun(TestRunner.java:794), org.testng.TestRunner.run(TestRunner.java:596), org.testng.SuiteRunner.runTest(SuiteRunner.java:377), org.testng.SuiteRunner.runSequentially(SuiteRunner.java:371), org.testng.SuiteRunner.privateRun(SuiteRunner.java:332), org.testng.SuiteRunner.run(SuiteRunner.java:276), org.testng.SuiteRunnerWorker.runSuite(SuiteRunnerWorker.java:53), org.testng.SuiteRunnerWorker.run(SuiteRunnerWorker.java:96), org.testng.TestNG.runSuitesSequentially(TestNG.java:1212), org.testng.TestNG.runSuitesLocally(TestNG.java:1134), org.testng.TestNG.runSuites(TestNG.java:1063), org.testng.TestNG.run(TestNG.java:1031), org.testng.remote.AbstractRemoteTestNG.run(AbstractRemoteTestNG.java:115), org.testng.remote.RemoteTestNG.initAndRun(RemoteTestNG.java:251), org.testng.remote.RemoteTestNG.main(RemoteTestNG.java:77)][0m
[DEBUG] 2023-05-11 18:10:01.911 MyListeners:100 - [1;31mScreenshot stored at: D:\ECLIPSE_LATEST\HeroApp1/screenshots/validate_DashboardVideoIsPresent_testcase__T_h_u_ _M_a_y_ _1_1_ _1_8___1_0___0_1_ _I_S_T_ _2_0_2_3_.png[0m
[DEBUG] 2023-05-11 18:10:01.916 MyListeners:73 - [1;31mVALIDATE_DASHBOARDVIDEOISPRESENT_TESTCASE - FAILURE[0m
[DEBUG] 2023-05-11 18:10:03.658 BrowserFactory:69 - Android Real device gets closed
[DEBUG] 2023-05-11 18:10:03.659 BrowserFactory:70 - ++++++++++++++++++++++++++++++++
[INFO ] 2023-05-11 18:21:55.378 Create_Driver_Session:51 - PLATFORM NAME IS --> Android
[INFO ] 2023-05-11 18:21:55.383 Create_Driver_Session:53 - DEVICE NAME IS --> Samsung
[INFO ] 2023-05-11 18:21:55.384 Create_Driver_Session:55 - PLATFORM VERSION IS --> 13.0
[INFO ] 2023-05-11 18:21:55.386 Create_Driver_Session:57 - AUTOMATION NAME IS --> UiAutomator2
[INFO ] 2023-05-11 18:21:55.387 Create_Driver_Session:59 - UDID IS --> RZCT904J89D
[DEBUG] 2023-05-11 18:22:14.578 BrowserFactory:56 - Android Real device gets opened
[DEBUG] 2023-05-11 18:22:18.180 BrowserFactory:58 - Application has been reset
[DEBUG] 2023-05-11 18:22:18.213 MyListeners:40 - [1;30mVALIDATE_DASHBOARDVIDEOISPRESENT_TESTCASE - STARTS[0m
[DEBUG] 2023-05-11 18:22:23.804 Generic:165 - Successfully Visibility  ----> Allow
[DEBUG] 2023-05-11 18:22:24.194 Generic:149 - Successfully Click  ----> Allow
[DEBUG] 2023-05-11 18:22:28.291 Generic:165 - Successfully Visibility  ----> Enter mobile number
[DEBUG] 2023-05-11 18:22:30.302 Generic:181 - Successfully cleared textbox
[DEBUG] 2023-05-11 18:22:34.326 Generic:165 - Successfully Visibility  ----> Enter mobile number
[DEBUG] 2023-05-11 18:22:40.198 Generic:165 - Successfully Visibility  ----> Enter mobile number
[DEBUG] 2023-05-11 18:22:42.209 Generic:181 - Successfully cleared textbox
[DEBUG] 2023-05-11 18:22:42.334 Generic:195 - Successfully enter value ----> 9958592171
[DEBUG] 2023-05-11 18:22:47.789 Generic:165 - Successfully Visibility  ----> Continue
[DEBUG] 2023-05-11 18:22:48.163 Generic:149 - Successfully Click  ----> Continue
[DEBUG] 2023-05-11 18:22:52.535 Generic:165 - Successfully Visibility  ----> Verify with OTP
[DEBUG] 2023-05-11 18:22:52.609 Generic:32 - Actual element --> Verify with OTP
[DEBUG] 2023-05-11 18:23:03.664 Generic:165 - Successfully Visibility  ----> Verify
[DEBUG] 2023-05-11 18:23:04.477 Generic:149 - Successfully Click  ----> Verify
[DEBUG] 2023-05-11 18:23:11.234 Generic:165 - Successfully Visibility  ----> book service paid
[DEBUG] 2023-05-11 18:23:11.635 Generic:149 - Successfully Click  ----> book service paid
[DEBUG] 2023-05-11 18:23:12.386 Selected_Vehicle_Page_Actions:51 - Book service PAID vin selected
[DEBUG] 2023-05-11 18:23:16.130 Generic:165 - Successfully Visibility  ----> Continue
[DEBUG] 2023-05-11 18:23:16.371 Generic:149 - Successfully Click  ----> Continue
[DEBUG] 2023-05-11 18:23:26.435 Generic:165 - Successfully Visibility  ----> Only this time
[DEBUG] 2023-05-11 18:23:26.755 Generic:149 - Successfully Click  ----> Only this time
[DEBUG] 2023-05-11 18:23:47.079 Dashboard_Page_Actions:44 - [1;31mDasdhboard video is not displaying org.openqa.selenium.NoSuchElementException: An element could not be located on the page using the given search parameters.
For documentation on this error, please visit: https://www.seleniumhq.org/exceptions/no_such_element.html
Build info: version: '3.141.59', revision: 'e82be7d358', time: '2018-11-14T08:17:03'
System info: host: 'DESKTOP-A2S9SMV', ip: '192.168.0.107', os.name: 'Windows 10', os.arch: 'amd64', os.version: '10.0', java.version: '17.0.6'
Driver info: io.appium.java_client.android.AndroidDriver
Capabilities {appActivity: com.customerapp.hero.views...., appPackage: com.customerapp.hero, automationName: UiAutomator2, databaseEnabled: false, desired: {appActivity: com.customerapp.hero.views...., appPackage: com.customerapp.hero, automationName: UiAutomator2, deviceName: Samsung, newCommandTimeout: 1200, platformName: android, platformVersion: 13.0, udid: RZCT904J89D}, deviceApiLevel: 33, deviceManufacturer: samsung, deviceModel: SM-M536B, deviceName: RZCT904J89D, deviceScreenDensity: 450, deviceScreenSize: 1080x2400, deviceUDID: RZCT904J89D, javascriptEnabled: true, locationContextEnabled: false, networkConnectionEnabled: true, newCommandTimeout: 1200, pixelRatio: 2.8125, platform: LINUX, platformName: Android, platformVersion: 13, statBarHeight: 90, takesScreenshot: true, udid: RZCT904J89D, viewportRect: {height: 2085, left: 0, top: 90, width: 1080}, warnings: {}, webStorageEnabled: false}
Session ID: b4c3b8b6-3fc5-47f2-ad1b-6c58629ac803
*** Element info: {Using=id, value=com.customerapp.hero:id/exo_center_controls}[0m
[DEBUG] 2023-05-11 18:23:47.086 MyListeners:48 - [1;32mVALIDATE_DASHBOARDVIDEOISPRESENT_TESTCASE - PASSED[0m
[DEBUG] 2023-05-11 18:23:48.826 BrowserFactory:69 - Android Real device gets closed
[DEBUG] 2023-05-11 18:23:48.827 BrowserFactory:70 - ++++++++++++++++++++++++++++++++
[INFO ] 2023-05-11 18:25:35.003 Create_Driver_Session:51 - PLATFORM NAME IS --> Android
[INFO ] 2023-05-11 18:25:35.008 Create_Driver_Session:53 - DEVICE NAME IS --> Samsung
[INFO ] 2023-05-11 18:25:35.010 Create_Driver_Session:55 - PLATFORM VERSION IS --> 13.0
[INFO ] 2023-05-11 18:25:35.011 Create_Driver_Session:57 - AUTOMATION NAME IS --> UiAutomator2
[INFO ] 2023-05-11 18:25:35.013 Create_Driver_Session:59 - UDID IS --> RZCT904J89D
[DEBUG] 2023-05-11 18:25:54.259 BrowserFactory:56 - Android Real device gets opened
[DEBUG] 2023-05-11 18:25:57.845 BrowserFactory:58 - Application has been reset
[DEBUG] 2023-05-11 18:25:57.869 MyListeners:40 - [1;30mVALIDATE_DASHBOARDVIDEOISPRESENT_TESTCASE - STARTS[0m
[DEBUG] 2023-05-11 18:26:03.939 Generic:165 - Successfully Visibility  ----> Allow
[DEBUG] 2023-05-11 18:26:04.277 Generic:149 - Successfully Click  ----> Allow
[DEBUG] 2023-05-11 18:26:09.192 Generic:165 - Successfully Visibility  ----> Enter mobile number
[DEBUG] 2023-05-11 18:26:11.194 Generic:181 - Successfully cleared textbox
[DEBUG] 2023-05-11 18:26:15.108 Generic:165 - Successfully Visibility  ----> Enter mobile number
[DEBUG] 2023-05-11 18:26:21.094 Generic:165 - Successfully Visibility  ----> Enter mobile number
[DEBUG] 2023-05-11 18:26:23.100 Generic:181 - Successfully cleared textbox
[DEBUG] 2023-05-11 18:26:23.211 Generic:195 - Successfully enter value ----> 9958592171
[DEBUG] 2023-05-11 18:26:27.657 Generic:165 - Successfully Visibility  ----> Continue
[DEBUG] 2023-05-11 18:26:27.958 Generic:149 - Successfully Click  ----> Continue
[DEBUG] 2023-05-11 18:26:31.778 Generic:165 - Successfully Visibility  ----> Verify with OTP
[DEBUG] 2023-05-11 18:26:31.840 Generic:32 - Actual element --> Verify with OTP
[DEBUG] 2023-05-11 18:26:41.896 Generic:165 - Successfully Visibility  ----> Verify
[DEBUG] 2023-05-11 18:26:42.725 Generic:149 - Successfully Click  ----> Verify
[DEBUG] 2023-05-11 18:26:49.842 Generic:165 - Successfully Visibility  ----> book service paid
[DEBUG] 2023-05-11 18:26:50.234 Generic:149 - Successfully Click  ----> book service paid
[DEBUG] 2023-05-11 18:26:51.016 Selected_Vehicle_Page_Actions:51 - Book service PAID vin selected
[DEBUG] 2023-05-11 18:26:54.745 Generic:165 - Successfully Visibility  ----> Continue
[DEBUG] 2023-05-11 18:26:54.970 Generic:149 - Successfully Click  ----> Continue
[DEBUG] 2023-05-11 18:27:06.526 Generic:165 - Successfully Visibility  ----> Only this time
[DEBUG] 2023-05-11 18:27:06.809 Generic:149 - Successfully Click  ----> Only this time
[DEBUG] 2023-05-11 18:27:30.097 Dashboard_Page_Actions:45 - [1;31mDasdhboard video is not displaying org.openqa.selenium.NoSuchElementException: An element could not be located on the page using the given search parameters.
For documentation on this error, please visit: https://www.seleniumhq.org/exceptions/no_such_element.html
Build info: version: '3.141.59', revision: 'e82be7d358', time: '2018-11-14T08:17:03'
System info: host: 'DESKTOP-A2S9SMV', ip: '192.168.0.107', os.name: 'Windows 10', os.arch: 'amd64', os.version: '10.0', java.version: '17.0.6'
Driver info: io.appium.java_client.android.AndroidDriver
Capabilities {appActivity: com.customerapp.hero.views...., appPackage: com.customerapp.hero, automationName: UiAutomator2, databaseEnabled: false, desired: {appActivity: com.customerapp.hero.views...., appPackage: com.customerapp.hero, automationName: UiAutomator2, deviceName: Samsung, newCommandTimeout: 1200, platformName: android, platformVersion: 13.0, udid: RZCT904J89D}, deviceApiLevel: 33, deviceManufacturer: samsung, deviceModel: SM-M536B, deviceName: RZCT904J89D, deviceScreenDensity: 450, deviceScreenSize: 1080x2400, deviceUDID: RZCT904J89D, javascriptEnabled: true, locationContextEnabled: false, networkConnectionEnabled: true, newCommandTimeout: 1200, pixelRatio: 2.8125, platform: LINUX, platformName: Android, platformVersion: 13, statBarHeight: 90, takesScreenshot: true, udid: RZCT904J89D, viewportRect: {height: 2085, left: 0, top: 90, width: 1080}, warnings: {}, webStorageEnabled: false}
Session ID: 9c7eb0ee-1ae5-4643-971b-0b4f6b3f6c93
*** Element info: {Using=id, value=com.customerapp.hero:id/iv_pause}[0m
[DEBUG] 2023-05-11 18:27:30.106 MyListeners:48 - [1;32mVALIDATE_DASHBOARDVIDEOISPRESENT_TESTCASE - PASSED[0m
[DEBUG] 2023-05-11 18:27:32.075 BrowserFactory:69 - Android Real device gets closed
[DEBUG] 2023-05-11 18:27:32.076 BrowserFactory:70 - ++++++++++++++++++++++++++++++++
[INFO ] 2023-05-11 18:28:37.392 Create_Driver_Session:51 - PLATFORM NAME IS --> Android
[INFO ] 2023-05-11 18:28:37.398 Create_Driver_Session:53 - DEVICE NAME IS --> Samsung
[INFO ] 2023-05-11 18:28:37.400 Create_Driver_Session:55 - PLATFORM VERSION IS --> 13.0
[INFO ] 2023-05-11 18:28:37.401 Create_Driver_Session:57 - AUTOMATION NAME IS --> UiAutomator2
[INFO ] 2023-05-11 18:28:37.403 Create_Driver_Session:59 - UDID IS --> RZCT904J89D
[DEBUG] 2023-05-11 18:28:56.774 BrowserFactory:56 - Android Real device gets opened
[DEBUG] 2023-05-11 18:29:00.453 BrowserFactory:58 - Application has been reset
[DEBUG] 2023-05-11 18:29:00.486 MyListeners:40 - [1;30mVALIDATE_DASHBOARDVIDEOISPRESENT_TESTCASE - STARTS[0m
[DEBUG] 2023-05-11 18:29:05.996 Generic:165 - Successfully Visibility  ----> Allow
[DEBUG] 2023-05-11 18:29:06.259 Generic:149 - Successfully Click  ----> Allow
[DEBUG] 2023-05-11 18:29:10.287 Generic:165 - Successfully Visibility  ----> Enter mobile number
[DEBUG] 2023-05-11 18:29:12.289 Generic:181 - Successfully cleared textbox
[DEBUG] 2023-05-11 18:29:16.200 Generic:165 - Successfully Visibility  ----> Enter mobile number
[DEBUG] 2023-05-11 18:29:22.032 Generic:165 - Successfully Visibility  ----> Enter mobile number
[DEBUG] 2023-05-11 18:29:24.042 Generic:181 - Successfully cleared textbox
[DEBUG] 2023-05-11 18:29:24.144 Generic:195 - Successfully enter value ----> 9958592171
[DEBUG] 2023-05-11 18:29:29.658 Generic:165 - Successfully Visibility  ----> Continue
[DEBUG] 2023-05-11 18:29:29.929 Generic:149 - Successfully Click  ----> Continue
[DEBUG] 2023-05-11 18:29:34.037 Generic:165 - Successfully Visibility  ----> Verify with OTP
[DEBUG] 2023-05-11 18:29:34.111 Generic:32 - Actual element --> Verify with OTP
[DEBUG] 2023-05-11 18:29:44.155 Generic:165 - Successfully Visibility  ----> Verify
[DEBUG] 2023-05-11 18:29:44.982 Generic:149 - Successfully Click  ----> Verify
[DEBUG] 2023-05-11 18:29:52.098 Generic:165 - Successfully Visibility  ----> book service paid
[DEBUG] 2023-05-11 18:29:52.444 Generic:149 - Successfully Click  ----> book service paid
[DEBUG] 2023-05-11 18:29:53.179 Selected_Vehicle_Page_Actions:51 - Book service PAID vin selected
[DEBUG] 2023-05-11 18:29:56.911 Generic:165 - Successfully Visibility  ----> Continue
[DEBUG] 2023-05-11 18:29:57.142 Generic:149 - Successfully Click  ----> Continue
[DEBUG] 2023-05-11 18:30:05.847 Generic:165 - Successfully Visibility  ----> Only this time
[DEBUG] 2023-05-11 18:30:06.092 Generic:149 - Successfully Click  ----> Only this time
[DEBUG] 2023-05-11 18:30:11.439 Dashboard_Page_Actions:40 - Dashboard video is present
[DEBUG] 2023-05-11 18:30:11.447 MyListeners:48 - [1;32mVALIDATE_DASHBOARDVIDEOISPRESENT_TESTCASE - PASSED[0m
[DEBUG] 2023-05-11 18:30:13.462 BrowserFactory:69 - Android Real device gets closed
[DEBUG] 2023-05-11 18:30:13.463 BrowserFactory:70 - ++++++++++++++++++++++++++++++++
[INFO ] 2023-05-11 18:30:35.016 Create_Driver_Session:51 - PLATFORM NAME IS --> Android
[INFO ] 2023-05-11 18:30:35.022 Create_Driver_Session:53 - DEVICE NAME IS --> Samsung
[INFO ] 2023-05-11 18:30:35.023 Create_Driver_Session:55 - PLATFORM VERSION IS --> 13.0
[INFO ] 2023-05-11 18:30:35.024 Create_Driver_Session:57 - AUTOMATION NAME IS --> UiAutomator2
[INFO ] 2023-05-11 18:30:35.026 Create_Driver_Session:59 - UDID IS --> RZCT904J89D
[DEBUG] 2023-05-11 18:30:56.669 BrowserFactory:56 - Android Real device gets opened
[DEBUG] 2023-05-11 18:31:00.872 BrowserFactory:58 - Application has been reset
[DEBUG] 2023-05-11 18:31:00.899 MyListeners:40 - [1;30mVALIDATE_DASHBOARDVIDEOISPRESENT_TESTCASE - STARTS[0m
[DEBUG] 2023-05-11 18:31:06.420 Generic:165 - Successfully Visibility  ----> Allow
[DEBUG] 2023-05-11 18:31:06.750 Generic:149 - Successfully Click  ----> Allow
[DEBUG] 2023-05-11 18:31:10.838 Generic:165 - Successfully Visibility  ----> Enter mobile number
[DEBUG] 2023-05-11 18:31:12.842 Generic:181 - Successfully cleared textbox
[DEBUG] 2023-05-11 18:31:16.896 Generic:165 - Successfully Visibility  ----> Enter mobile number
[DEBUG] 2023-05-11 18:31:22.705 Generic:165 - Successfully Visibility  ----> Enter mobile number
[DEBUG] 2023-05-11 18:31:24.720 Generic:181 - Successfully cleared textbox
[DEBUG] 2023-05-11 18:31:24.820 Generic:195 - Successfully enter value ----> 9958592171
[DEBUG] 2023-05-11 18:31:30.071 Generic:165 - Successfully Visibility  ----> Continue
[DEBUG] 2023-05-11 18:31:30.357 Generic:149 - Successfully Click  ----> Continue
[DEBUG] 2023-05-11 18:31:35.312 Generic:165 - Successfully Visibility  ----> Verify with OTP
[DEBUG] 2023-05-11 18:31:35.920 Generic:32 - Actual element --> Verify with OTP
[DEBUG] 2023-05-11 18:31:45.231 Generic:165 - Successfully Visibility  ----> Verify
[DEBUG] 2023-05-11 18:31:45.978 Generic:149 - Successfully Click  ----> Verify
[DEBUG] 2023-05-11 18:31:54.382 Generic:165 - Successfully Visibility  ----> book service paid
[DEBUG] 2023-05-11 18:31:54.716 Generic:149 - Successfully Click  ----> book service paid
[DEBUG] 2023-05-11 18:31:55.468 Selected_Vehicle_Page_Actions:51 - Book service PAID vin selected
[DEBUG] 2023-05-11 18:32:00.169 Generic:165 - Successfully Visibility  ----> Continue
[DEBUG] 2023-05-11 18:32:00.389 Generic:149 - Successfully Click  ----> Continue
[DEBUG] 2023-05-11 18:32:08.001 Generic:165 - Successfully Visibility  ----> Only this time
[DEBUG] 2023-05-11 18:32:08.227 Generic:149 - Successfully Click  ----> Only this time
[DEBUG] 2023-05-11 18:32:13.651 Dashboard_Page_Actions:40 - Dashboard video is present
[DEBUG] 2023-05-11 18:32:13.666 MyListeners:48 - [1;32mVALIDATE_DASHBOARDVIDEOISPRESENT_TESTCASE - PASSED[0m
[DEBUG] 2023-05-11 18:32:13.674 MyListeners:40 - [1;30mVALIDATE_RELATIONSHIPMANAGER_TESTCASE - STARTS[0m
[DEBUG] 2023-05-11 18:32:26.778 Dashboard_Page_Actions:66 - Exception Handledorg.openqa.selenium.NoSuchElementException: An element could not be located on the page using the given search parameters.
For documentation on this error, please visit: https://www.seleniumhq.org/exceptions/no_such_element.html
Build info: version: '3.141.59', revision: 'e82be7d358', time: '2018-11-14T08:17:03'
System info: host: 'DESKTOP-A2S9SMV', ip: '192.168.0.107', os.name: 'Windows 10', os.arch: 'amd64', os.version: '10.0', java.version: '17.0.6'
Driver info: io.appium.java_client.android.AndroidDriver
Capabilities {appActivity: com.customerapp.hero.views...., appPackage: com.customerapp.hero, automationName: UiAutomator2, databaseEnabled: false, desired: {appActivity: com.customerapp.hero.views...., appPackage: com.customerapp.hero, automationName: UiAutomator2, deviceName: Samsung, newCommandTimeout: 1200, platformName: android, platformVersion: 13.0, udid: RZCT904J89D}, deviceApiLevel: 33, deviceManufacturer: samsung, deviceModel: SM-M536B, deviceName: RZCT904J89D, deviceScreenDensity: 450, deviceScreenSize: 1080x2400, deviceUDID: RZCT904J89D, javascriptEnabled: true, locationContextEnabled: false, networkConnectionEnabled: true, newCommandTimeout: 1200, pixelRatio: 2.8125, platform: LINUX, platformName: Android, platformVersion: 13, statBarHeight: 90, takesScreenshot: true, udid: RZCT904J89D, viewportRect: {height: 2085, left: 0, top: 90, width: 1080}, warnings: {}, webStorageEnabled: false}
Session ID: 35d12f7d-9c25-4947-88c0-6453abc72a16
*** Element info: {Using=xpath, value=//*[@text='Allow Hero App to access this deviceâ€™s location?']}
[DEBUG] 2023-05-11 18:33:01.687 Generic:169 - [1;31morg.openqa.selenium.TimeoutException: Expected condition failed: waiting for visibility of Proxy element for: DefaultElementLocator 'By.xpath: /hierarchy/android.widget.FrameLayout/android.widget.LinearLayout/android.widget.FrameLayout/android.widget.LinearLayout/android.widget.FrameLayout/android.view.ViewGroup/android.view.ViewGroup/android.view.ViewGroup/android.widget.FrameLayout/android.view.ViewGroup/android.view.ViewGroup/android.view.ViewGroup[2]/android.view.ViewGroup/android.widget.ScrollView/android.view.ViewGroup/android.view.ViewGroup[1]/androidx.recyclerview.widget.RecyclerView/android.view.ViewGroup[3]/android.view.View' (tried for 20 second(s) with 500 milliseconds interval)[0m
[DEBUG] 2023-05-11 18:33:32.549 Generic:153 - [1;31morg.openqa.selenium.TimeoutException: Expected condition failed: waiting for element to be clickable: Proxy element for: DefaultElementLocator 'By.xpath: /hierarchy/android.widget.FrameLayout/android.widget.LinearLayout/android.widget.FrameLayout/android.widget.LinearLayout/android.widget.FrameLayout/android.view.ViewGroup/android.view.ViewGroup/android.view.ViewGroup/android.widget.FrameLayout/android.view.ViewGroup/android.view.ViewGroup/android.view.ViewGroup[2]/android.view.ViewGroup/android.widget.ScrollView/android.view.ViewGroup/android.view.ViewGroup[1]/androidx.recyclerview.widget.RecyclerView/android.view.ViewGroup[3]/android.view.View' (tried for 20 second(s) with 500 milliseconds interval)[0m
[DEBUG] 2023-05-11 18:34:06.866 Generic:169 - [1;31morg.openqa.selenium.TimeoutException: Expected condition failed: waiting for visibility of Proxy element for: DefaultElementLocator 'By.id: com.customerapp.hero:id/lbl' (tried for 20 second(s) with 500 milliseconds interval)[0m
[DEBUG] 2023-05-11 18:34:16.992 MyListeners:57 - [1;31m[java.base/jdk.internal.reflect.NativeConstructorAccessorImpl.newInstance0(Native Method), java.base/jdk.internal.reflect.NativeConstructorAccessorImpl.newInstance(NativeConstructorAccessorImpl.java:77), java.base/jdk.internal.reflect.DelegatingConstructorAccessorImpl.newInstance(DelegatingConstructorAccessorImpl.java:45), java.base/java.lang.reflect.Constructor.newInstanceWithCaller(Constructor.java:499), java.base/java.lang.reflect.Constructor.newInstance(Constructor.java:480), org.openqa.selenium.remote.http.W3CHttpResponseCodec.createException(W3CHttpResponseCodec.java:187), org.openqa.selenium.remote.http.W3CHttpResponseCodec.decode(W3CHttpResponseCodec.java:122), org.openqa.selenium.remote.http.W3CHttpResponseCodec.decode(W3CHttpResponseCodec.java:49), org.openqa.selenium.remote.HttpCommandExecutor.execute(HttpCommandExecutor.java:158), io.appium.java_client.remote.AppiumCommandExecutor.execute(AppiumCommandExecutor.java:250), org.openqa.selenium.remote.RemoteWebDriver.execute(RemoteWebDriver.java:552), io.appium.java_client.DefaultGenericMobileDriver.execute(DefaultGenericMobileDriver.java:41), io.appium.java_client.AppiumDriver.execute(AppiumDriver.java:1), io.appium.java_client.android.AndroidDriver.execute(AndroidDriver.java:1), org.openqa.selenium.remote.RemoteWebDriver.findElement(RemoteWebDriver.java:323), io.appium.java_client.DefaultGenericMobileDriver.findElement(DefaultGenericMobileDriver.java:61), io.appium.java_client.AppiumDriver.findElement(AppiumDriver.java:1), io.appium.java_client.android.AndroidDriver.findElement(AndroidDriver.java:1), org.openqa.selenium.remote.RemoteWebDriver.findElementById(RemoteWebDriver.java:372), io.appium.java_client.DefaultGenericMobileDriver.findElementById(DefaultGenericMobileDriver.java:69), io.appium.java_client.AppiumDriver.findElementById(AppiumDriver.java:1), io.appium.java_client.android.AndroidDriver.findElementById(AndroidDriver.java:1), org.openqa.selenium.By$ById.findElement(By.java:188), org.openqa.selenium.remote.RemoteWebDriver.findElement(RemoteWebDriver.java:315), io.appium.java_client.DefaultGenericMobileDriver.findElement(DefaultGenericMobileDriver.java:57), io.appium.java_client.AppiumDriver.findElement(AppiumDriver.java:1), io.appium.java_client.android.AndroidDriver.findElement(AndroidDriver.java:1), org.openqa.selenium.support.pagefactory.DefaultElementLocator.findElement(DefaultElementLocator.java:69), org.openqa.selenium.support.pagefactory.internal.LocatingElementHandler.invoke(LocatingElementHandler.java:38), jdk.proxy2/jdk.proxy2.$Proxy27.getText(Unknown Source), com.oneapp.utils.Generic.hardAssertion(Generic.java:30), com.oneapp.page_actions.RelationshipManager_Page_Action.relationshipManagerPageAssertionAction(RelationshipManager_Page_Action.java:32), com.oneapp.test_suits.Dashboard_testcases.validate_relationshipManager_testcase(Dashboard_testcases.java:40), java.base/jdk.internal.reflect.NativeMethodAccessorImpl.invoke0(Native Method), java.base/jdk.internal.reflect.NativeMethodAccessorImpl.invoke(NativeMethodAccessorImpl.java:77), java.base/jdk.internal.reflect.DelegatingMethodAccessorImpl.invoke(DelegatingMethodAccessorImpl.java:43), java.base/java.lang.reflect.Method.invoke(Method.java:568), org.testng.internal.MethodInvocationHelper.invokeMethod(MethodInvocationHelper.java:133), org.testng.internal.TestInvoker.invokeMethod(TestInvoker.java:598), org.testng.internal.TestInvoker.invokeTestMethod(TestInvoker.java:173), org.testng.internal.MethodRunner.runInSequence(MethodRunner.java:46), org.testng.internal.TestInvoker$MethodInvocationAgent.invoke(TestInvoker.java:824), org.testng.internal.TestInvoker.invokeTestMethods(TestInvoker.java:146), org.testng.internal.TestMethodWorker.invokeTestMethods(TestMethodWorker.java:146), org.testng.internal.TestMethodWorker.run(TestMethodWorker.java:128), java.base/java.util.ArrayList.forEach(ArrayList.java:1511), org.testng.TestRunner.privateRun(TestRunner.java:794), org.testng.TestRunner.run(TestRunner.java:596), org.testng.SuiteRunner.runTest(SuiteRunner.java:377), org.testng.SuiteRunner.runSequentially(SuiteRunner.java:371), org.testng.SuiteRunner.privateRun(SuiteRunner.java:332), org.testng.SuiteRunner.run(SuiteRunner.java:276), org.testng.SuiteRunnerWorker.runSuite(SuiteRunnerWorker.java:53), org.testng.SuiteRunnerWorker.run(SuiteRunnerWorker.java:96), org.testng.TestNG.runSuitesSequentially(TestNG.java:1212), org.testng.TestNG.runSuitesLocally(TestNG.java:1134), org.testng.TestNG.runSuites(TestNG.java:1063), org.testng.TestNG.run(TestNG.java:1031), org.testng.remote.AbstractRemoteTestNG.run(AbstractRemoteTestNG.java:115), org.testng.remote.RemoteTestNG.initAndRun(RemoteTestNG.java:251), org.testng.remote.RemoteTestNG.main(RemoteTestNG.java:77)][0m
[DEBUG] 2023-05-11 18:34:17.580 MyListeners:100 - [1;31mScreenshot stored at: D:\ECLIPSE_LATEST\HeroApp1/screenshots/validate_relationshipManager_testcase__T_h_u_ _M_a_y_ _1_1_ _1_8___3_4___1_6_ _I_S_T_ _2_0_2_3_.png[0m
[DEBUG] 2023-05-11 18:34:17.586 MyListeners:73 - [1;31mVALIDATE_RELATIONSHIPMANAGER_TESTCASE - FAILURE[0m
[DEBUG] 2023-05-11 18:34:17.592 MyListeners:40 - [1;30mVALIDATE_RSA_TESTCASE - STARTS[0m
[DEBUG] 2023-05-11 18:34:30.738 Dashboard_Page_Actions:66 - Exception Handledorg.openqa.selenium.NoSuchElementException: An element could not be located on the page using the given search parameters.
For documentation on this error, please visit: https://www.seleniumhq.org/exceptions/no_such_element.html
Build info: version: '3.141.59', revision: 'e82be7d358', time: '2018-11-14T08:17:03'
System info: host: 'DESKTOP-A2S9SMV', ip: '192.168.0.107', os.name: 'Windows 10', os.arch: 'amd64', os.version: '10.0', java.version: '17.0.6'
Driver info: io.appium.java_client.android.AndroidDriver
Capabilities {appActivity: com.customerapp.hero.views...., appPackage: com.customerapp.hero, automationName: UiAutomator2, databaseEnabled: false, desired: {appActivity: com.customerapp.hero.views...., appPackage: com.customerapp.hero, automationName: UiAutomator2, deviceName: Samsung, newCommandTimeout: 1200, platformName: android, platformVersion: 13.0, udid: RZCT904J89D}, deviceApiLevel: 33, deviceManufacturer: samsung, deviceModel: SM-M536B, deviceName: RZCT904J89D, deviceScreenDensity: 450, deviceScreenSize: 1080x2400, deviceUDID: RZCT904J89D, javascriptEnabled: true, locationContextEnabled: false, networkConnectionEnabled: true, newCommandTimeout: 1200, pixelRatio: 2.8125, platform: LINUX, platformName: Android, platformVersion: 13, statBarHeight: 90, takesScreenshot: true, udid: RZCT904J89D, viewportRect: {height: 2085, left: 0, top: 90, width: 1080}, warnings: {}, webStorageEnabled: false}
Session ID: 35d12f7d-9c25-4947-88c0-6453abc72a16
*** Element info: {Using=xpath, value=//*[@text='Allow Hero App to access this deviceâ€™s location?']}
[DEBUG] 2023-05-11 18:35:05.576 Generic:169 - [1;31morg.openqa.selenium.TimeoutException: Expected condition failed: waiting for visibility of Proxy element for: DefaultElementLocator 'By.xpath: /hierarchy/android.widget.FrameLayout/android.widget.LinearLayout/android.widget.FrameLayout/android.widget.LinearLayout/android.widget.FrameLayout/android.view.ViewGroup/android.view.ViewGroup/android.view.ViewGroup/android.widget.FrameLayout/android.view.ViewGroup/android.view.ViewGroup/android.view.ViewGroup[2]/android.view.ViewGroup/android.widget.ScrollView/android.view.ViewGroup/android.view.ViewGroup[1]/androidx.recyclerview.widget.RecyclerView/android.view.ViewGroup[4]/android.view.View' (tried for 20 second(s) with 500 milliseconds interval)[0m
[DEBUG] 2023-05-11 18:35:36.400 Generic:153 - [1;31morg.openqa.selenium.TimeoutException: Expected condition failed: waiting for element to be clickable: Proxy element for: DefaultElementLocator 'By.xpath: /hierarchy/android.widget.FrameLayout/android.widget.LinearLayout/android.widget.FrameLayout/android.widget.LinearLayout/android.widget.FrameLayout/android.view.ViewGroup/android.view.ViewGroup/android.view.ViewGroup/android.widget.FrameLayout/android.view.ViewGroup/android.view.ViewGroup/android.view.ViewGroup[2]/android.view.ViewGroup/android.widget.ScrollView/android.view.ViewGroup/android.view.ViewGroup[1]/androidx.recyclerview.widget.RecyclerView/android.view.ViewGroup[4]/android.view.View' (tried for 20 second(s) with 500 milliseconds interval)[0m
[DEBUG] 2023-05-11 18:36:10.677 Generic:169 - [1;31morg.openqa.selenium.TimeoutException: Expected condition failed: waiting for visibility of Proxy element for: DefaultElementLocator 'By.id: com.customerapp.hero:id/lbl' (tried for 20 second(s) with 500 milliseconds interval)[0m
[DEBUG] 2023-05-11 18:36:20.801 MyListeners:57 - [1;31m[jdk.internal.reflect.GeneratedConstructorAccessor37.newInstance(Unknown Source), java.base/jdk.internal.reflect.DelegatingConstructorAccessorImpl.newInstance(DelegatingConstructorAccessorImpl.java:45), java.base/java.lang.reflect.Constructor.newInstanceWithCaller(Constructor.java:499), java.base/java.lang.reflect.Constructor.newInstance(Constructor.java:480), org.openqa.selenium.remote.http.W3CHttpResponseCodec.createException(W3CHttpResponseCodec.java:187), org.openqa.selenium.remote.http.W3CHttpResponseCodec.decode(W3CHttpResponseCodec.java:122), org.openqa.selenium.remote.http.W3CHttpResponseCodec.decode(W3CHttpResponseCodec.java:49), org.openqa.selenium.remote.HttpCommandExecutor.execute(HttpCommandExecutor.java:158), io.appium.java_client.remote.AppiumCommandExecutor.execute(AppiumCommandExecutor.java:250), org.openqa.selenium.remote.RemoteWebDriver.execute(RemoteWebDriver.java:552), io.appium.java_client.DefaultGenericMobileDriver.execute(DefaultGenericMobileDriver.java:41), io.appium.java_client.AppiumDriver.execute(AppiumDriver.java:1), io.appium.java_client.android.AndroidDriver.execute(AndroidDriver.java:1), org.openqa.selenium.remote.RemoteWebDriver.findElement(RemoteWebDriver.java:323), io.appium.java_client.DefaultGenericMobileDriver.findElement(DefaultGenericMobileDriver.java:61), io.appium.java_client.AppiumDriver.findElement(AppiumDriver.java:1), io.appium.java_client.android.AndroidDriver.findElement(AndroidDriver.java:1), org.openqa.selenium.remote.RemoteWebDriver.findElementById(RemoteWebDriver.java:372), io.appium.java_client.DefaultGenericMobileDriver.findElementById(DefaultGenericMobileDriver.java:69), io.appium.java_client.AppiumDriver.findElementById(AppiumDriver.java:1), io.appium.java_client.android.AndroidDriver.findElementById(AndroidDriver.java:1), org.openqa.selenium.By$ById.findElement(By.java:188), org.openqa.selenium.remote.RemoteWebDriver.findElement(RemoteWebDriver.java:315), io.appium.java_client.DefaultGenericMobileDriver.findElement(DefaultGenericMobileDriver.java:57), io.appium.java_client.AppiumDriver.findElement(AppiumDriver.java:1), io.appium.java_client.android.AndroidDriver.findElement(AndroidDriver.java:1), org.openqa.selenium.support.pagefactory.DefaultElementLocator.findElement(DefaultElementLocator.java:69), org.openqa.selenium.support.pagefactory.internal.LocatingElementHandler.invoke(LocatingElementHandler.java:38), jdk.proxy2/jdk.proxy2.$Proxy27.getText(Unknown Source), com.oneapp.utils.Generic.hardAssertion(Generic.java:30), com.oneapp.page_actions.RSA_Page_Action.RSAPageAssertionAction(RSA_Page_Action.java:32), com.oneapp.test_suits.Dashboard_testcases.validate_RSA_testcase(Dashboard_testcases.java:50), java.base/jdk.internal.reflect.NativeMethodAccessorImpl.invoke0(Native Method), java.base/jdk.internal.reflect.NativeMethodAccessorImpl.invoke(NativeMethodAccessorImpl.java:77), java.base/jdk.internal.reflect.DelegatingMethodAccessorImpl.invoke(DelegatingMethodAccessorImpl.java:43), java.base/java.lang.reflect.Method.invoke(Method.java:568), org.testng.internal.MethodInvocationHelper.invokeMethod(MethodInvocationHelper.java:133), org.testng.internal.TestInvoker.invokeMethod(TestInvoker.java:598), org.testng.internal.TestInvoker.invokeTestMethod(TestInvoker.java:173), org.testng.internal.MethodRunner.runInSequence(MethodRunner.java:46), org.testng.internal.TestInvoker$MethodInvocationAgent.invoke(TestInvoker.java:824), org.testng.internal.TestInvoker.invokeTestMethods(TestInvoker.java:146), org.testng.internal.TestMethodWorker.invokeTestMethods(TestMethodWorker.java:146), org.testng.internal.TestMethodWorker.run(TestMethodWorker.java:128), java.base/java.util.ArrayList.forEach(ArrayList.java:1511), org.testng.TestRunner.privateRun(TestRunner.java:794), org.testng.TestRunner.run(TestRunner.java:596), org.testng.SuiteRunner.runTest(SuiteRunner.java:377), org.testng.SuiteRunner.runSequentially(SuiteRunner.java:371), org.testng.SuiteRunner.privateRun(SuiteRunner.java:332), org.testng.SuiteRunner.run(SuiteRunner.java:276), org.testng.SuiteRunnerWorker.runSuite(SuiteRunnerWorker.java:53), org.testng.SuiteRunnerWorker.run(SuiteRunnerWorker.java:96), org.testng.TestNG.runSuitesSequentially(TestNG.java:1212), org.testng.TestNG.runSuitesLocally(TestNG.java:1134), org.testng.TestNG.runSuites(TestNG.java:1063), org.testng.TestNG.run(TestNG.java:1031), org.testng.remote.AbstractRemoteTestNG.run(AbstractRemoteTestNG.java:115), org.testng.remote.RemoteTestNG.initAndRun(RemoteTestNG.java:251), org.testng.remote.RemoteTestNG.main(RemoteTestNG.java:77)][0m
[DEBUG] 2023-05-11 18:36:21.407 MyListeners:100 - [1;31mScreenshot stored at: D:\ECLIPSE_LATEST\HeroApp1/screenshots/validate_RSA_testcase__T_h_u_ _M_a_y_ _1_1_ _1_8___3_6___2_0_ _I_S_T_ _2_0_2_3_.png[0m
[DEBUG] 2023-05-11 18:36:21.409 MyListeners:73 - [1;31mVALIDATE_RSA_TESTCASE - FAILURE[0m
[DEBUG] 2023-05-11 18:36:21.415 MyListeners:40 - [1;30mVALIDATE_DEALORLOCATOR_TESTCASE - STARTS[0m
[DEBUG] 2023-05-11 18:36:34.854 Dashboard_Page_Actions:66 - Exception Handledorg.openqa.selenium.NoSuchElementException: An element could not be located on the page using the given search parameters.
For documentation on this error, please visit: https://www.seleniumhq.org/exceptions/no_such_element.html
Build info: version: '3.141.59', revision: 'e82be7d358', time: '2018-11-14T08:17:03'
System info: host: 'DESKTOP-A2S9SMV', ip: '192.168.0.107', os.name: 'Windows 10', os.arch: 'amd64', os.version: '10.0', java.version: '17.0.6'
Driver info: io.appium.java_client.android.AndroidDriver
Capabilities {appActivity: com.customerapp.hero.views...., appPackage: com.customerapp.hero, automationName: UiAutomator2, databaseEnabled: false, desired: {appActivity: com.customerapp.hero.views...., appPackage: com.customerapp.hero, automationName: UiAutomator2, deviceName: Samsung, newCommandTimeout: 1200, platformName: android, platformVersion: 13.0, udid: RZCT904J89D}, deviceApiLevel: 33, deviceManufacturer: samsung, deviceModel: SM-M536B, deviceName: RZCT904J89D, deviceScreenDensity: 450, deviceScreenSize: 1080x2400, deviceUDID: RZCT904J89D, javascriptEnabled: true, locationContextEnabled: false, networkConnectionEnabled: true, newCommandTimeout: 1200, pixelRatio: 2.8125, platform: LINUX, platformName: Android, platformVersion: 13, statBarHeight: 90, takesScreenshot: true, udid: RZCT904J89D, viewportRect: {height: 2085, left: 0, top: 90, width: 1080}, warnings: {}, webStorageEnabled: false}
Session ID: 35d12f7d-9c25-4947-88c0-6453abc72a16
*** Element info: {Using=xpath, value=//*[@text='Allow Hero App to access this deviceâ€™s location?']}
[DEBUG] 2023-05-11 18:36:42.360 Generic:165 - Successfully Visibility  ----> 
[DEBUG] 2023-05-11 18:36:42.885 Generic:149 - Successfully Click  ----> 
[DEBUG] 2023-05-11 18:36:46.941 Generic:165 - Successfully Visibility  ----> Dealer Locator
[DEBUG] 2023-05-11 18:36:47.009 Generic:32 - Actual element --> Dealer Locator
[DEBUG] 2023-05-11 18:37:00.838 Generic:165 - Successfully Visibility  ----> 
[DEBUG] 2023-05-11 18:37:01.017 Generic:149 - Successfully Click  ----> 
[DEBUG] 2023-05-11 18:37:04.131 Generic:127 - Itration of the elements starts
[DEBUG] 2023-05-11 18:37:08.355 Generic:136 - This element gets clicked ----> DELHI
[DEBUG] 2023-05-11 18:37:13.067 Generic:165 - Successfully Visibility  ----> 
[DEBUG] 2023-05-11 18:37:13.305 Generic:149 - Successfully Click  ----> 
[DEBUG] 2023-05-11 18:37:16.427 Generic:127 - Itration of the elements starts
[DEBUG] 2023-05-11 18:37:20.525 Generic:136 - This element gets clicked ----> DELHI
[DEBUG] 2023-05-11 18:37:25.462 Generic:165 - Successfully Visibility  ----> 
[DEBUG] 2023-05-11 18:37:26.149 Generic:149 - Successfully Click  ----> 
[DEBUG] 2023-05-11 18:37:26.256 DealerLocator_Page_Action:64 - BELOW ARE THE LIST OF DEALER LOCATORS WHICH ARE IN DELHI STATE
[DEBUG] 2023-05-11 18:37:27.011 DealerLocator_Page_Action:68 - Dealer Locator
[DEBUG] 2023-05-11 18:37:27.031 DealerLocator_Page_Action:68 - DELHI
[DEBUG] 2023-05-11 18:37:27.048 DealerLocator_Page_Action:68 - DELHI
[DEBUG] 2023-05-11 18:37:27.083 DealerLocator_Page_Action:68 - Hans Motors
[DEBUG] 2023-05-11 18:37:27.112 DealerLocator_Page_Action:68 - PLOT NO.1, GALI NO.1, KARAWAL NAGAR SHAHEED BHAGAT SINGH COLONY (NEAR TOLL TAX), DELHI, DELHI, 110090
[DEBUG] 2023-05-11 18:37:27.134 DealerLocator_Page_Action:68 - 22.1 Km.
[DEBUG] 2023-05-11 18:37:27.155 DealerLocator_Page_Action:68 -  â€¢ 
[DEBUG] 2023-05-11 18:37:27.190 DealerLocator_Page_Action:68 - 50 mins
[DEBUG] 2023-05-11 18:37:27.225 DealerLocator_Page_Action:68 - Shiva Auto Gallery
[DEBUG] 2023-05-11 18:37:27.254 DealerLocator_Page_Action:68 - D- 1/12 , MANGAL BAZAR ROAD , SANGAM VIHAR, OPP. BATRA HOSPITAL, DELHI, DELHI, 110080
[DEBUG] 2023-05-11 18:37:27.276 DealerLocator_Page_Action:68 - 19.9 Km.
[DEBUG] 2023-05-11 18:37:27.318 DealerLocator_Page_Action:68 -  â€¢ 
[DEBUG] 2023-05-11 18:37:27.352 DealerLocator_Page_Action:68 - 57 mins
[DEBUG] 2023-05-11 18:37:27.374 DealerLocator_Page_Action:68 - RANA MOTORS
[DEBUG] 2023-05-11 18:37:27.410 DealerLocator_Page_Action:68 - C-3 SURAJ PARK OPP. BADALI INDUSTRIAL AREA, NEAR SAMAYPUR BADALI METRO STATION, DELHI, DELHI, 110042
[DEBUG] 2023-05-11 18:37:27.453 DealerLocator_Page_Action:68 - 32.7 Km.
[DEBUG] 2023-05-11 18:37:27.496 DealerLocator_Page_Action:68 -  â€¢ 
[DEBUG] 2023-05-11 18:37:27.528 DealerLocator_Page_Action:68 - 1 hr
[DEBUG] 2023-05-11 18:37:27.551 DealerLocator_Page_Action:68 - M.S JWALAJI MOTORS
[DEBUG] 2023-05-11 18:37:27.577 DealerLocator_Page_Action:68 - X-1577, PANDIT TOLI RAM MARKET, RAJGARH COLONY, KRISHNA NAGAR, DELHI, DELHI, 110031
[DEBUG] 2023-05-11 18:37:27.616 DealerLocator_Page_Action:68 - 7.2 Km.
[DEBUG] 2023-05-11 18:37:27.647 DealerLocator_Page_Action:68 -  â€¢ 
[DEBUG] 2023-05-11 18:37:27.669 DealerLocator_Page_Action:68 - 19 mins
[DEBUG] 2023-05-11 18:37:27.687 DealerLocator_Page_Action:68 - PASHUPATI AUTOS
[DEBUG] 2023-05-11 18:37:27.704 DealerLocator_Page_Action:68 - 661, NEAR DEVLI BUS STAND,, DEVLI(KHANPUR), DELHI, DELHI, 110062
[DEBUG] 2023-05-11 18:37:27.721 DealerLocator_Page_Action:68 - 22.2 Km.
[DEBUG] 2023-05-11 18:37:27.747 DealerLocator_Page_Action:68 -  â€¢ 
[DEBUG] 2023-05-11 18:37:27.779 DealerLocator_Page_Action:68 - 1 hr 2 mins
[DEBUG] 2023-05-11 18:37:27.807 DealerLocator_Page_Action:68 - SHARMA AUTOMOBILES
[DEBUG] 2023-05-11 18:37:27.834 DealerLocator_Page_Action:68 - 35/19-20, MAIN ROHTAK ROAD , RAJENDRA PARK, NANGLOI, DELHI, DELHI, 110041
[DEBUG] 2023-05-11 18:37:31.986 Generic:165 - Successfully Visibility  ----> 
[DEBUG] 2023-05-11 18:37:32.531 Generic:149 - Successfully Click  ----> 
[DEBUG] 2023-05-11 18:37:46.056 Generic:165 - Successfully Visibility  ----> 0112293007
[DEBUG] 2023-05-11 18:37:46.121 Generic:32 - Actual element --> 0112293007
[DEBUG] 2023-05-11 18:38:03.528 MyListeners:48 - [1;32mVALIDATE_DEALORLOCATOR_TESTCASE - PASSED[0m
[DEBUG] 2023-05-11 18:38:05.301 BrowserFactory:69 - Android Real device gets closed
[DEBUG] 2023-05-11 18:38:05.302 BrowserFactory:70 - ++++++++++++++++++++++++++++++++
