<?xml version="1.0" encoding="UTF-8"?>
<!-- Generated by org.testng.reporters.JUnitXMLReporter -->
<testsuite ignored="2" hostname="DESKTOP-A2S9SMV" failures="0" tests="4" name="TestingTest" time="174.214" errors="0" timestamp="2023-12-30T14:44:22 IST">
  <testcase classname="com.oneapp.test_suits.LoginTestCases" name="TC001_ValidLoginTestCase" time="19.059"/>
  <testcase classname="com.oneapp.test_suits.LoginTestCases" name="TC001_ValidLoginTestCase" time="15.938"/>
  <testcase classname="com.oneapp.test_suits.LoginTestCases" name="TC001_ValidLoginTestCase" time="10.456"/>
  <testcase classname="com.oneapp.test_suits.OtpTestCases" name="TC101_ValidOtpTestcase" time="78.823"/>
  <testcase classname="com.oneapp.basic.BaseClass" name="@BeforeSuite AppiumServerStarts" time="0.0">
    <ignored/>
  </testcase> <!-- @BeforeSuite AppiumServerStarts -->
  <testcase classname="com.oneapp.basic.BaseClass" name="@AfterSuite AppiumServiceStops" time="0.0">
    <ignored/>
  </testcase> <!-- @AfterSuite AppiumServiceStops -->
</testsuite> <!-- TestingTest -->
