[INFO ] 2023-06-21 20:43:30.666 BaseClass:83 - PLATFORM NAME IS --> Android
[INFO ] 2023-06-21 20:43:30.683 BaseClass:85 - DEVICE NAME IS --> Samsung
[INFO ] 2023-06-21 20:43:30.683 BaseClass:87 - AUTOMATION NAME IS --> UiAutomator2
[INFO ] 2023-06-21 20:43:30.684 BaseClass:89 - UDID IS --> RZCT904J89D
[DEBUG] 2023-06-21 20:43:30.685 BaseClass:99 - Android Real device gets opened
[DEBUG] 2023-06-21 20:43:58.608 BaseClass:132 - fd1c73da-809a-4a39-9293-be997bbcc70f
[DEBUG] 2023-06-21 20:44:00.565 MyListeners:40 - [1;30mTC101_VALIDOTPTESTCASE - STARTS[0m
[DEBUG] 2023-06-21 20:44:01.189 Generic:211 - Successfully Visibility  ----> Allow
[DEBUG] 2023-06-21 20:44:01.354 Generic:169 -  element is displaying ----> Allow
[DEBUG] 2023-06-21 20:44:02.282 Generic:211 - Successfully Visibility  ----> Allow
[DEBUG] 2023-06-21 20:44:02.672 Generic:135 - Successfully Clicked  ----> Allow
[DEBUG] 2023-06-21 20:44:04.281 Generic:211 - Successfully Visibility  ----> Enter mobile number
[DEBUG] 2023-06-21 20:44:04.292 Generic:148 - Successfully cleared textbox
[DEBUG] 2023-06-21 20:44:05.195 Generic:211 - Successfully Visibility  ----> Enter mobile number
[DEBUG] 2023-06-21 20:44:05.205 Generic:148 - Successfully cleared textbox
[DEBUG] 2023-06-21 20:44:05.331 Generic:201 - Successfully enter value ----> 9926438293
[DEBUG] 2023-06-21 20:44:07.008 Generic:211 - Successfully Visibility  ----> Continue
[DEBUG] 2023-06-21 20:44:07.321 Generic:135 - Successfully Clicked  ----> Continue
[DEBUG] 2023-06-21 20:44:07.472 MyListeners:57 - [1;31m[com.oneapp.basic.BaseClass.OtpData(BaseClass.java:150), com.oneapp.test_suits.OtpTestCases.TC101_ValidOtpTestcase(OtpTestCases.java:24), sun.reflect.NativeMethodAccessorImpl.invoke0(Native Method), sun.reflect.NativeMethodAccessorImpl.invoke(Unknown Source), sun.reflect.DelegatingMethodAccessorImpl.invoke(Unknown Source), java.lang.reflect.Method.invoke(Unknown Source), org.testng.internal.MethodInvocationHelper.invokeMethod(MethodInvocationHelper.java:133), org.testng.internal.TestInvoker.invokeMethod(TestInvoker.java:598), org.testng.internal.TestInvoker.invokeTestMethod(TestInvoker.java:173), org.testng.internal.MethodRunner.runInSequence(MethodRunner.java:46), org.testng.internal.TestInvoker$MethodInvocationAgent.invoke(TestInvoker.java:824), org.testng.internal.TestInvoker.invokeTestMethods(TestInvoker.java:146), org.testng.internal.TestMethodWorker.invokeTestMethods(TestMethodWorker.java:146), org.testng.internal.TestMethodWorker.run(TestMethodWorker.java:128), java.util.ArrayList.forEach(Unknown Source), org.testng.TestRunner.privateRun(TestRunner.java:794), org.testng.TestRunner.run(TestRunner.java:596), org.testng.SuiteRunner.runTest(SuiteRunner.java:377), org.testng.SuiteRunner.runSequentially(SuiteRunner.java:371), org.testng.SuiteRunner.privateRun(SuiteRunner.java:332), org.testng.SuiteRunner.run(SuiteRunner.java:276), org.testng.SuiteRunnerWorker.runSuite(SuiteRunnerWorker.java:53), org.testng.SuiteRunnerWorker.run(SuiteRunnerWorker.java:96), org.testng.TestNG.runSuitesSequentially(TestNG.java:1212), org.testng.TestNG.runSuitesLocally(TestNG.java:1134), org.testng.TestNG.runSuites(TestNG.java:1063), org.testng.TestNG.run(TestNG.java:1031), org.testng.remote.AbstractRemoteTestNG.run(AbstractRemoteTestNG.java:115), org.testng.remote.RemoteTestNG.initAndRun(RemoteTestNG.java:251), org.testng.remote.RemoteTestNG.main(RemoteTestNG.java:77)][0m
[DEBUG] 2023-06-21 20:44:08.672 MyListeners:100 - [1;31mScreenshot stored at: D:\ECLIPSE_LATEST\HeroApp1Copy/screenshots/TC101_ValidOtpTestcase__W_e_d_ _J_u_n_ _2_1_ _2_0___4_4___0_7_ _I_S_T_ _2_0_2_3_.png[0m
[DEBUG] 2023-06-21 20:44:08.676 MyListeners:73 - [1;31mTC101_VALIDOTPTESTCASE - FAILURE[0m
[DEBUG] 2023-06-21 20:44:10.828 BaseClass:145 - Session gets closed
[DEBUG] 2023-06-21 20:44:10.828 BaseClass:146 - ++++++++++++++++++++++++++++++++
[INFO ] 2023-06-21 20:48:00.399 BaseClass:83 - PLATFORM NAME IS --> Android
[INFO ] 2023-06-21 20:48:00.406 BaseClass:85 - DEVICE NAME IS --> Samsung
[INFO ] 2023-06-21 20:48:00.406 BaseClass:87 - AUTOMATION NAME IS --> UiAutomator2
[INFO ] 2023-06-21 20:48:00.407 BaseClass:89 - UDID IS --> RZCT904J89D
[DEBUG] 2023-06-21 20:48:00.408 BaseClass:99 - Android Real device gets opened
[DEBUG] 2023-06-21 20:48:23.974 BaseClass:132 - 517eb495-84ad-4c74-ace5-28ceb157a72f
[DEBUG] 2023-06-21 20:48:25.558 MyListeners:40 - [1;30mTC101_VALIDOTPTESTCASE - STARTS[0m
[DEBUG] 2023-06-21 20:48:26.149 Generic:211 - Successfully Visibility  ----> Allow
[DEBUG] 2023-06-21 20:48:26.272 Generic:169 -  element is displaying ----> Allow
[DEBUG] 2023-06-21 20:48:27.206 Generic:211 - Successfully Visibility  ----> Allow
[DEBUG] 2023-06-21 20:48:27.549 Generic:135 - Successfully Clicked  ----> Allow
[DEBUG] 2023-06-21 20:48:28.495 Generic:211 - Successfully Visibility  ----> Enter mobile number
[DEBUG] 2023-06-21 20:48:28.505 Generic:148 - Successfully cleared textbox
[DEBUG] 2023-06-21 20:48:29.991 Generic:211 - Successfully Visibility  ----> Enter mobile number
[DEBUG] 2023-06-21 20:48:30.011 Generic:148 - Successfully cleared textbox
[DEBUG] 2023-06-21 20:48:30.131 Generic:201 - Successfully enter value ----> 9926438293
[DEBUG] 2023-06-21 20:48:33.210 Generic:211 - Successfully Visibility  ----> Continue
[DEBUG] 2023-06-21 20:48:33.503 Generic:135 - Successfully Clicked  ----> Continue
[DEBUG] 2023-06-21 20:48:35.915 Generic:214 - [1;31morg.openqa.selenium.StaleElementReferenceException: The element 'By.id: com.customerapp.hero:id/btn_lbl' is not linked to the same object in DOM anymore
For documentation on this error, please visit: https://www.seleniumhq.org/exceptions/stale_element_reference.html
Build info: version: '3.141.59', revision: 'e82be7d358', time: '2018-11-14T08:17:03'
System info: host: 'DESKTOP-A2S9SMV', ip: '192.168.0.107', os.name: 'Windows 10', os.arch: 'amd64', os.version: '10.0', java.version: '1.8.0_371'
Driver info: io.appium.java_client.android.AndroidDriver
Capabilities {appActivity: com.customerapp.hero.views...., appPackage: com.customerapp.hero, automationName: UiAutomator2, databaseEnabled: false, desired: {appActivity: com.customerapp.hero.views...., appPackage: com.customerapp.hero, automationName: UiAutomator2, deviceName: Samsung, newCommandTimeout: 1200, platformName: android, udid: RZCT904J89D}, deviceApiLevel: 33, deviceManufacturer: samsung, deviceModel: SM-M536B, deviceName: RZCT904J89D, deviceScreenDensity: 450, deviceScreenSize: 1080x2400, deviceUDID: RZCT904J89D, javascriptEnabled: true, locationContextEnabled: false, networkConnectionEnabled: true, newCommandTimeout: 1200, pixelRatio: 2.8125, platform: LINUX, platformName: Android, platformVersion: 13, statBarHeight: 90, takesScreenshot: true, udid: RZCT904J89D, viewportRect: {height: 2085, left: 0, top: 90, width: 1080}, warnings: {}, webStorageEnabled: false}
Session ID: 517eb495-84ad-4c74-ace5-28ceb157a72f[0m
[DEBUG] 2023-06-21 20:48:36.663 Generic:135 - Successfully Clicked  ----> Verify
[DEBUG] 2023-06-21 20:49:06.926 Generic:214 - [1;31morg.openqa.selenium.TimeoutException: Expected condition failed: waiting for visibility of Located by By.chained({By.xpath: //*[@text='book service paid']}) (tried for 20 second(s) with 500 milliseconds interval)[0m
[DEBUG] 2023-06-21 20:49:37.063 MyListeners:57 - [1;31m[io.appium.java_client.pagefactory.AppiumElementLocator.findElement(AppiumElementLocator.java:126), io.appium.java_client.pagefactory.interceptors.InterceptorOfASingleElement.intercept(InterceptorOfASingleElement.java:59), io.appium.java_client.android.AndroidElement$$EnhancerByCGLIB$$b598166c.getText(<generated>), com.oneapp.utils.Generic.elementDisplaying(Generic.java:169), com.oneapp.test_suits.OtpTestCases.TC101_ValidOtpTestcase(OtpTestCases.java:27), sun.reflect.NativeMethodAccessorImpl.invoke0(Native Method), sun.reflect.NativeMethodAccessorImpl.invoke(Unknown Source), sun.reflect.DelegatingMethodAccessorImpl.invoke(Unknown Source), java.lang.reflect.Method.invoke(Unknown Source), org.testng.internal.MethodInvocationHelper.invokeMethod(MethodInvocationHelper.java:133), org.testng.internal.TestInvoker.invokeMethod(TestInvoker.java:598), org.testng.internal.TestInvoker.invokeTestMethod(TestInvoker.java:173), org.testng.internal.MethodRunner.runInSequence(MethodRunner.java:46), org.testng.internal.TestInvoker$MethodInvocationAgent.invoke(TestInvoker.java:824), org.testng.internal.TestInvoker.invokeTestMethods(TestInvoker.java:146), org.testng.internal.TestMethodWorker.invokeTestMethods(TestMethodWorker.java:146), org.testng.internal.TestMethodWorker.run(TestMethodWorker.java:128), java.util.ArrayList.forEach(Unknown Source), org.testng.TestRunner.privateRun(TestRunner.java:794), org.testng.TestRunner.run(TestRunner.java:596), org.testng.SuiteRunner.runTest(SuiteRunner.java:377), org.testng.SuiteRunner.runSequentially(SuiteRunner.java:371), org.testng.SuiteRunner.privateRun(SuiteRunner.java:332), org.testng.SuiteRunner.run(SuiteRunner.java:276), org.testng.SuiteRunnerWorker.runSuite(SuiteRunnerWorker.java:53), org.testng.SuiteRunnerWorker.run(SuiteRunnerWorker.java:96), org.testng.TestNG.runSuitesSequentially(TestNG.java:1212), org.testng.TestNG.runSuitesLocally(TestNG.java:1134), org.testng.TestNG.runSuites(TestNG.java:1063), org.testng.TestNG.run(TestNG.java:1031), org.testng.remote.AbstractRemoteTestNG.run(AbstractRemoteTestNG.java:115), org.testng.remote.RemoteTestNG.initAndRun(RemoteTestNG.java:251), org.testng.remote.RemoteTestNG.main(RemoteTestNG.java:77)][0m
[DEBUG] 2023-06-21 20:49:37.425 MyListeners:100 - [1;31mScreenshot stored at: D:\ECLIPSE_LATEST\HeroApp1Copy/screenshots/TC101_ValidOtpTestcase__W_e_d_ _J_u_n_ _2_1_ _2_0___4_9___3_7_ _I_S_T_ _2_0_2_3_.png[0m
[DEBUG] 2023-06-21 20:49:37.430 MyListeners:73 - [1;31mTC101_VALIDOTPTESTCASE - FAILURE[0m
[DEBUG] 2023-06-21 20:49:39.458 BaseClass:145 - Session gets closed
[DEBUG] 2023-06-21 20:49:39.458 BaseClass:146 - ++++++++++++++++++++++++++++++++
[INFO ] 2023-06-21 20:51:40.154 BaseClass:83 - PLATFORM NAME IS --> Android
[INFO ] 2023-06-21 20:51:40.161 BaseClass:85 - DEVICE NAME IS --> Samsung
[INFO ] 2023-06-21 20:51:40.162 BaseClass:87 - AUTOMATION NAME IS --> UiAutomator2
[INFO ] 2023-06-21 20:51:40.163 BaseClass:89 - UDID IS --> RZCT904J89D
[DEBUG] 2023-06-21 20:51:40.164 BaseClass:99 - Android Real device gets opened
[DEBUG] 2023-06-21 20:52:07.566 BaseClass:134 - 104140b0-5df8-4c17-be81-e9443d01d001
[DEBUG] 2023-06-21 20:52:09.405 MyListeners:40 - [1;30mTC101_VALIDOTPTESTCASE - STARTS[0m
[DEBUG] 2023-06-21 20:52:09.832 Generic:211 - Successfully Visibility  ----> Allow
[DEBUG] 2023-06-21 20:52:09.948 Generic:169 -  element is displaying ----> Allow
[DEBUG] 2023-06-21 20:52:10.857 Generic:211 - Successfully Visibility  ----> Allow
[DEBUG] 2023-06-21 20:52:11.184 Generic:135 - Successfully Clicked  ----> Allow
[DEBUG] 2023-06-21 20:52:12.162 Generic:211 - Successfully Visibility  ----> Enter mobile number
[DEBUG] 2023-06-21 20:52:12.171 Generic:148 - Successfully cleared textbox
[DEBUG] 2023-06-21 20:52:13.636 Generic:211 - Successfully Visibility  ----> Enter mobile number
[DEBUG] 2023-06-21 20:52:13.652 Generic:148 - Successfully cleared textbox
[DEBUG] 2023-06-21 20:52:13.772 Generic:201 - Successfully enter value ----> 9926438293
[DEBUG] 2023-06-21 20:52:16.789 Generic:211 - Successfully Visibility  ----> Continue
[DEBUG] 2023-06-21 20:52:17.140 Generic:135 - Successfully Clicked  ----> Continue
[DEBUG] 2023-06-21 20:52:27.424 Generic:211 - Successfully Visibility  ----> Verify
[DEBUG] 2023-06-21 20:52:28.375 Generic:135 - Successfully Clicked  ----> Verify
[DEBUG] 2023-06-21 20:52:32.680 Generic:211 - Successfully Visibility  ----> book service paid
[DEBUG] 2023-06-21 20:52:32.830 Generic:169 -  element is displaying ----> book service paid
[DEBUG] 2023-06-21 20:52:33.426 Generic:211 - Successfully Visibility  ----> book service paid
[DEBUG] 2023-06-21 20:52:33.916 Generic:135 - Successfully Clicked  ----> book service paid
[DEBUG] 2023-06-21 20:52:34.724 OtpTestCases:35 - Book service PAID vin selected
[DEBUG] 2023-06-21 20:52:35.018 Generic:211 - Successfully Visibility  ----> Continue
[DEBUG] 2023-06-21 20:52:35.342 Generic:135 - Successfully Clicked  ----> Continue
[DEBUG] 2023-06-21 20:52:37.758 Generic:211 - Successfully Visibility  ----> Allow Hero App to access this deviceâ€™s location?
[DEBUG] 2023-06-21 20:52:37.887 Generic:169 -  element is displaying ----> Allow Hero App to access this deviceâ€™s location?
[DEBUG] 2023-06-21 20:52:38.319 Generic:211 - Successfully Visibility  ----> Only this time
[DEBUG] 2023-06-21 20:52:38.581 Generic:135 - Successfully Clicked  ----> Only this time
[DEBUG] 2023-06-21 20:52:47.616 Generic:211 - Successfully Visibility  ----> 
[DEBUG] 2023-06-21 20:52:47.883 Generic:135 - Successfully Clicked  ----> 
[DEBUG] 2023-06-21 20:52:49.238 Generic:211 - Successfully Visibility  ----> Logout
[DEBUG] 2023-06-21 20:52:49.730 Generic:135 - Successfully Clicked  ----> Logout
[DEBUG] 2023-06-21 20:52:50.766 Generic:211 - Successfully Visibility  ----> YES
[DEBUG] 2023-06-21 20:52:50.990 Generic:135 - Successfully Clicked  ----> YES
[DEBUG] 2023-06-21 20:53:21.222 Generic:214 - [1;31morg.openqa.selenium.TimeoutException: Expected condition failed: waiting for visibility of Located by By.chained({By.id: com.google.android.gms:id/cancel}) (tried for 20 second(s) with 500 milliseconds interval)[0m
[DEBUG] 2023-06-21 20:53:51.328 OtpTestCases:57 - [1;31morg.openqa.selenium.NoSuchElementException: Can't locate an element by this strategy: By.chained({By.id: com.google.android.gms:id/cancel})[0m
[DEBUG] 2023-06-21 20:53:51.338 MyListeners:48 - [1;32mTC101_VALIDOTPTESTCASE - PASSED[0m
[DEBUG] 2023-06-21 20:53:53.502 BaseClass:147 - Session gets closed
[DEBUG] 2023-06-21 20:53:53.502 BaseClass:148 - ++++++++++++++++++++++++++++++++
[INFO ] 2023-06-21 20:58:00.350 BaseClass:84 - PLATFORM NAME IS --> Android
[INFO ] 2023-06-21 20:58:00.360 BaseClass:86 - DEVICE NAME IS --> Samsung
[INFO ] 2023-06-21 20:58:00.361 BaseClass:88 - AUTOMATION NAME IS --> UiAutomator2
[INFO ] 2023-06-21 20:58:00.361 BaseClass:90 - UDID IS --> RZCT904J89D
[DEBUG] 2023-06-21 20:58:00.362 BaseClass:100 - Android Real device gets opened
[DEBUG] 2023-06-21 20:58:27.798 BaseClass:135 - 8b438d43-0137-4cff-8fcd-73e8bde12a92
[DEBUG] 2023-06-21 20:58:29.472 MyListeners:40 - [1;30mTC101_VALIDOTPTESTCASE - STARTS[0m
[DEBUG] 2023-06-21 20:58:30.324 Generic:211 - Successfully Visibility  ----> Allow
[DEBUG] 2023-06-21 20:58:30.445 Generic:169 -  element is displaying ----> Allow
[DEBUG] 2023-06-21 20:58:31.335 Generic:211 - Successfully Visibility  ----> Allow
[DEBUG] 2023-06-21 20:58:31.669 Generic:135 - Successfully Clicked  ----> Allow
[DEBUG] 2023-06-21 20:58:32.586 Generic:211 - Successfully Visibility  ----> Enter mobile number
[DEBUG] 2023-06-21 20:58:32.601 Generic:148 - Successfully cleared textbox
[DEBUG] 2023-06-21 20:58:33.617 Generic:211 - Successfully Visibility  ----> Enter mobile number
[DEBUG] 2023-06-21 20:58:33.627 Generic:148 - Successfully cleared textbox
[DEBUG] 2023-06-21 20:58:33.749 Generic:201 - Successfully enter value ----> 9926438293
[DEBUG] 2023-06-21 20:58:35.604 Generic:211 - Successfully Visibility  ----> Continue
[DEBUG] 2023-06-21 20:58:35.887 Generic:135 - Successfully Clicked  ----> Continue
[DEBUG] 2023-06-21 20:58:36.020 MyListeners:57 - [1;31m[com.oneapp.pageobjects.OTP_Page_Object.OtpData(OTP_Page_Object.java:88), com.oneapp.test_suits.OtpTestCases.TC101_ValidOtpTestcase(OtpTestCases.java:24), sun.reflect.NativeMethodAccessorImpl.invoke0(Native Method), sun.reflect.NativeMethodAccessorImpl.invoke(Unknown Source), sun.reflect.DelegatingMethodAccessorImpl.invoke(Unknown Source), java.lang.reflect.Method.invoke(Unknown Source), org.testng.internal.MethodInvocationHelper.invokeMethod(MethodInvocationHelper.java:133), org.testng.internal.TestInvoker.invokeMethod(TestInvoker.java:598), org.testng.internal.TestInvoker.invokeTestMethod(TestInvoker.java:173), org.testng.internal.MethodRunner.runInSequence(MethodRunner.java:46), org.testng.internal.TestInvoker$MethodInvocationAgent.invoke(TestInvoker.java:824), org.testng.internal.TestInvoker.invokeTestMethods(TestInvoker.java:146), org.testng.internal.TestMethodWorker.invokeTestMethods(TestMethodWorker.java:146), org.testng.internal.TestMethodWorker.run(TestMethodWorker.java:128), java.util.ArrayList.forEach(Unknown Source), org.testng.TestRunner.privateRun(TestRunner.java:794), org.testng.TestRunner.run(TestRunner.java:596), org.testng.SuiteRunner.runTest(SuiteRunner.java:377), org.testng.SuiteRunner.runSequentially(SuiteRunner.java:371), org.testng.SuiteRunner.privateRun(SuiteRunner.java:332), org.testng.SuiteRunner.run(SuiteRunner.java:276), org.testng.SuiteRunnerWorker.runSuite(SuiteRunnerWorker.java:53), org.testng.SuiteRunnerWorker.run(SuiteRunnerWorker.java:96), org.testng.TestNG.runSuitesSequentially(TestNG.java:1212), org.testng.TestNG.runSuitesLocally(TestNG.java:1134), org.testng.TestNG.runSuites(TestNG.java:1063), org.testng.TestNG.run(TestNG.java:1031), org.testng.remote.AbstractRemoteTestNG.run(AbstractRemoteTestNG.java:115), org.testng.remote.RemoteTestNG.initAndRun(RemoteTestNG.java:251), org.testng.remote.RemoteTestNG.main(RemoteTestNG.java:77)][0m
[DEBUG] 2023-06-21 20:58:36.959 MyListeners:100 - [1;31mScreenshot stored at: D:\ECLIPSE_LATEST\HeroApp1Copy/screenshots/TC101_ValidOtpTestcase__W_e_d_ _J_u_n_ _2_1_ _2_0___5_8___3_6_ _I_S_T_ _2_0_2_3_.png[0m
[DEBUG] 2023-06-21 20:58:36.964 MyListeners:73 - [1;31mTC101_VALIDOTPTESTCASE - FAILURE[0m
[DEBUG] 2023-06-21 20:58:39.173 BaseClass:148 - Session gets closed
[DEBUG] 2023-06-21 20:58:39.173 BaseClass:149 - ++++++++++++++++++++++++++++++++
[INFO ] 2023-06-21 21:04:50.830 BaseClass:85 - PLATFORM NAME IS --> Android
[INFO ] 2023-06-21 21:04:50.836 BaseClass:87 - DEVICE NAME IS --> Samsung
[INFO ] 2023-06-21 21:04:50.836 BaseClass:89 - AUTOMATION NAME IS --> UiAutomator2
[INFO ] 2023-06-21 21:04:50.837 BaseClass:91 - UDID IS --> RZCT904J89D
[DEBUG] 2023-06-21 21:04:50.837 BaseClass:101 - Android Real device gets opened
[DEBUG] 2023-06-21 21:05:17.918 BaseClass:136 - f515d189-b8e6-4056-b03a-f6abd6af701a
[DEBUG] 2023-06-21 21:05:19.494 MyListeners:40 - [1;30mTC101_VALIDOTPTESTCASE - STARTS[0m
[DEBUG] 2023-06-21 21:05:19.938 Generic:211 - Successfully Visibility  ----> Allow
[DEBUG] 2023-06-21 21:05:20.049 Generic:169 -  element is displaying ----> Allow
[DEBUG] 2023-06-21 21:05:20.420 Generic:211 - Successfully Visibility  ----> Allow
[DEBUG] 2023-06-21 21:05:21.178 Generic:135 - Successfully Clicked  ----> Allow
[DEBUG] 2023-06-21 21:05:22.101 Generic:211 - Successfully Visibility  ----> Enter mobile number
[DEBUG] 2023-06-21 21:05:22.124 Generic:148 - Successfully cleared textbox
[DEBUG] 2023-06-21 21:05:23.258 Generic:211 - Successfully Visibility  ----> Enter mobile number
[DEBUG] 2023-06-21 21:05:23.276 Generic:148 - Successfully cleared textbox
[DEBUG] 2023-06-21 21:05:23.393 Generic:201 - Successfully enter value ----> 9926438293
[DEBUG] 2023-06-21 21:05:25.772 Generic:211 - Successfully Visibility  ----> Continue
[DEBUG] 2023-06-21 21:05:26.086 Generic:135 - Successfully Clicked  ----> Continue
[DEBUG] 2023-06-21 21:05:26.237 MyListeners:57 - [1;31m[com.oneapp.basic.BaseClass.OtpData(BaseClass.java:155), com.oneapp.test_suits.OtpTestCases.TC101_ValidOtpTestcase(OtpTestCases.java:26), sun.reflect.NativeMethodAccessorImpl.invoke0(Native Method), sun.reflect.NativeMethodAccessorImpl.invoke(Unknown Source), sun.reflect.DelegatingMethodAccessorImpl.invoke(Unknown Source), java.lang.reflect.Method.invoke(Unknown Source), org.testng.internal.MethodInvocationHelper.invokeMethod(MethodInvocationHelper.java:133), org.testng.internal.TestInvoker.invokeMethod(TestInvoker.java:598), org.testng.internal.TestInvoker.invokeTestMethod(TestInvoker.java:173), org.testng.internal.MethodRunner.runInSequence(MethodRunner.java:46), org.testng.internal.TestInvoker$MethodInvocationAgent.invoke(TestInvoker.java:824), org.testng.internal.TestInvoker.invokeTestMethods(TestInvoker.java:146), org.testng.internal.TestMethodWorker.invokeTestMethods(TestMethodWorker.java:146), org.testng.internal.TestMethodWorker.run(TestMethodWorker.java:128), java.util.ArrayList.forEach(Unknown Source), org.testng.TestRunner.privateRun(TestRunner.java:794), org.testng.TestRunner.run(TestRunner.java:596), org.testng.SuiteRunner.runTest(SuiteRunner.java:377), org.testng.SuiteRunner.runSequentially(SuiteRunner.java:371), org.testng.SuiteRunner.privateRun(SuiteRunner.java:332), org.testng.SuiteRunner.run(SuiteRunner.java:276), org.testng.SuiteRunnerWorker.runSuite(SuiteRunnerWorker.java:53), org.testng.SuiteRunnerWorker.run(SuiteRunnerWorker.java:96), org.testng.TestNG.runSuitesSequentially(TestNG.java:1212), org.testng.TestNG.runSuitesLocally(TestNG.java:1134), org.testng.TestNG.runSuites(TestNG.java:1063), org.testng.TestNG.run(TestNG.java:1031), org.testng.remote.AbstractRemoteTestNG.run(AbstractRemoteTestNG.java:115), org.testng.remote.RemoteTestNG.initAndRun(RemoteTestNG.java:251), org.testng.remote.RemoteTestNG.main(RemoteTestNG.java:77)][0m
[DEBUG] 2023-06-21 21:05:27.195 MyListeners:100 - [1;31mScreenshot stored at: D:\ECLIPSE_LATEST\HeroApp1Copy/screenshots/TC101_ValidOtpTestcase__W_e_d_ _J_u_n_ _2_1_ _2_1___0_5___2_6_ _I_S_T_ _2_0_2_3_.png[0m
[DEBUG] 2023-06-21 21:05:27.202 MyListeners:73 - [1;31mTC101_VALIDOTPTESTCASE - FAILURE[0m
[DEBUG] 2023-06-21 21:05:29.372 BaseClass:149 - Session gets closed
[DEBUG] 2023-06-21 21:05:29.372 BaseClass:150 - ++++++++++++++++++++++++++++++++
[INFO ] 2023-06-21 21:09:21.996 BaseClass:85 - PLATFORM NAME IS --> Android
[INFO ] 2023-06-21 21:09:22.002 BaseClass:87 - DEVICE NAME IS --> Samsung
[INFO ] 2023-06-21 21:09:22.003 BaseClass:89 - AUTOMATION NAME IS --> UiAutomator2
[INFO ] 2023-06-21 21:09:22.003 BaseClass:91 - UDID IS --> RZCT904J89D
[DEBUG] 2023-06-21 21:09:22.004 BaseClass:101 - Android Real device gets opened
[DEBUG] 2023-06-21 21:09:49.079 BaseClass:136 - 0576f020-4096-4df9-bfa3-ae792647d110
[DEBUG] 2023-06-21 21:09:50.507 MyListeners:40 - [1;30mTC101_VALIDOTPTESTCASE - STARTS[0m
[DEBUG] 2023-06-21 21:09:51.710 Generic:211 - Successfully Visibility  ----> Allow
[DEBUG] 2023-06-21 21:09:51.828 Generic:169 -  element is displaying ----> Allow
[DEBUG] 2023-06-21 21:09:52.222 Generic:211 - Successfully Visibility  ----> Allow
[DEBUG] 2023-06-21 21:09:53.015 Generic:135 - Successfully Clicked  ----> Allow
[DEBUG] 2023-06-21 21:09:53.912 Generic:211 - Successfully Visibility  ----> Enter mobile number
[DEBUG] 2023-06-21 21:09:53.934 Generic:148 - Successfully cleared textbox
[DEBUG] 2023-06-21 21:09:55.164 Generic:211 - Successfully Visibility  ----> Enter mobile number
[DEBUG] 2023-06-21 21:09:55.182 Generic:148 - Successfully cleared textbox
[DEBUG] 2023-06-21 21:09:55.306 Generic:201 - Successfully enter value ----> 9926438293
[DEBUG] 2023-06-21 21:09:57.699 Generic:211 - Successfully Visibility  ----> Continue
[DEBUG] 2023-06-21 21:09:58.002 Generic:135 - Successfully Clicked  ----> Continue
[DEBUG] 2023-06-21 21:10:07.444 Generic:211 - Successfully Visibility  ----> Verify
[DEBUG] 2023-06-21 21:10:08.367 Generic:135 - Successfully Clicked  ----> Verify
[DEBUG] 2023-06-21 21:10:12.513 Generic:211 - Successfully Visibility  ----> book service paid
[DEBUG] 2023-06-21 21:10:12.687 Generic:169 -  element is displaying ----> book service paid
[DEBUG] 2023-06-21 21:10:13.309 Generic:211 - Successfully Visibility  ----> book service paid
[DEBUG] 2023-06-21 21:10:13.737 Generic:135 - Successfully Clicked  ----> book service paid
[DEBUG] 2023-06-21 21:10:14.527 OtpTestCases:37 - Book service PAID vin selected
[DEBUG] 2023-06-21 21:10:14.861 Generic:211 - Successfully Visibility  ----> Continue
[DEBUG] 2023-06-21 21:10:15.191 Generic:135 - Successfully Clicked  ----> Continue
[DEBUG] 2023-06-21 21:10:18.409 Generic:211 - Successfully Visibility  ----> Allow Hero App to access this deviceâ€™s location?
[DEBUG] 2023-06-21 21:10:18.523 Generic:169 -  element is displaying ----> Allow Hero App to access this deviceâ€™s location?
[DEBUG] 2023-06-21 21:10:18.907 Generic:211 - Successfully Visibility  ----> Only this time
[DEBUG] 2023-06-21 21:10:19.188 Generic:135 - Successfully Clicked  ----> Only this time
[DEBUG] 2023-06-21 21:10:30.666 Generic:211 - Successfully Visibility  ----> 
[DEBUG] 2023-06-21 21:10:30.918 Generic:135 - Successfully Clicked  ----> 
[DEBUG] 2023-06-21 21:10:32.213 Generic:211 - Successfully Visibility  ----> Logout
[DEBUG] 2023-06-21 21:10:32.726 Generic:135 - Successfully Clicked  ----> Logout
[DEBUG] 2023-06-21 21:10:33.785 Generic:211 - Successfully Visibility  ----> YES
[DEBUG] 2023-06-21 21:10:33.980 Generic:135 - Successfully Clicked  ----> YES
[DEBUG] 2023-06-21 21:10:34.096 MyListeners:48 - [1;32mTC101_VALIDOTPTESTCASE - PASSED[0m
[DEBUG] 2023-06-21 21:10:34.255 MyListeners:40 - [1;30mTC102_INVALIDOTPTESTCASE - STARTS[0m
[DEBUG] 2023-06-21 21:11:04.355 Generic:214 - [1;31morg.openqa.selenium.TimeoutException: Expected condition failed: waiting for visibility of Located by By.chained({By.xpath: //*[@text='Allow']}) (tried for 20 second(s) with 500 milliseconds interval)[0m
[DEBUG] 2023-06-21 21:11:34.492 OtpTestCases:62 - [1;31morg.openqa.selenium.NoSuchElementException: Can't locate an element by this strategy: By.chained({By.xpath: //*[@text='Allow']})[0m
[DEBUG] 2023-06-21 21:11:34.755 Generic:211 - Successfully Visibility  ----> Enter mobile number
[DEBUG] 2023-06-21 21:11:34.763 Generic:148 - Successfully cleared textbox
[DEBUG] 2023-06-21 21:11:36.090 Generic:211 - Successfully Visibility  ----> Enter mobile number
[DEBUG] 2023-06-21 21:11:36.103 Generic:148 - Successfully cleared textbox
[DEBUG] 2023-06-21 21:11:36.203 Generic:201 - Successfully enter value ----> 9926438293
[DEBUG] 2023-06-21 21:11:38.592 Generic:211 - Successfully Visibility  ----> Continue
[DEBUG] 2023-06-21 21:11:38.850 Generic:135 - Successfully Clicked  ----> Continue
[DEBUG] 2023-06-21 21:11:47.177 Generic:211 - Successfully Visibility  ----> Verify
[DEBUG] 2023-06-21 21:11:47.921 Generic:135 - Successfully Clicked  ----> Verify
[DEBUG] 2023-06-21 21:12:18.161 Generic:214 - [1;31morg.openqa.selenium.TimeoutException: Expected condition failed: waiting for visibility of Located by By.chained({By.xpath: //*[@text='book service paid']}) (tried for 20 second(s) with 500 milliseconds interval)[0m
[DEBUG] 2023-06-21 21:12:48.286 MyListeners:57 - [1;31m[io.appium.java_client.pagefactory.AppiumElementLocator.findElement(AppiumElementLocator.java:126), io.appium.java_client.pagefactory.interceptors.InterceptorOfASingleElement.intercept(InterceptorOfASingleElement.java:59), io.appium.java_client.android.AndroidElement$$EnhancerByCGLIB$$b598166c.getText(<generated>), com.oneapp.utils.Generic.elementDisplaying(Generic.java:169), com.oneapp.test_suits.OtpTestCases.TC102_InValidOtpTestcase(OtpTestCases.java:78), sun.reflect.NativeMethodAccessorImpl.invoke0(Native Method), sun.reflect.NativeMethodAccessorImpl.invoke(Unknown Source), sun.reflect.DelegatingMethodAccessorImpl.invoke(Unknown Source), java.lang.reflect.Method.invoke(Unknown Source), org.testng.internal.MethodInvocationHelper.invokeMethod(MethodInvocationHelper.java:133), org.testng.internal.TestInvoker.invokeMethod(TestInvoker.java:598), org.testng.internal.TestInvoker.invokeTestMethod(TestInvoker.java:173), org.testng.internal.MethodRunner.runInSequence(MethodRunner.java:46), org.testng.internal.TestInvoker$MethodInvocationAgent.invoke(TestInvoker.java:824), org.testng.internal.TestInvoker.invokeTestMethods(TestInvoker.java:146), org.testng.internal.TestMethodWorker.invokeTestMethods(TestMethodWorker.java:146), org.testng.internal.TestMethodWorker.run(TestMethodWorker.java:128), java.util.ArrayList.forEach(Unknown Source), org.testng.TestRunner.privateRun(TestRunner.java:794), org.testng.TestRunner.run(TestRunner.java:596), org.testng.SuiteRunner.runTest(SuiteRunner.java:377), org.testng.SuiteRunner.runSequentially(SuiteRunner.java:371), org.testng.SuiteRunner.privateRun(SuiteRunner.java:332), org.testng.SuiteRunner.run(SuiteRunner.java:276), org.testng.SuiteRunnerWorker.runSuite(SuiteRunnerWorker.java:53), org.testng.SuiteRunnerWorker.run(SuiteRunnerWorker.java:96), org.testng.TestNG.runSuitesSequentially(TestNG.java:1212), org.testng.TestNG.runSuitesLocally(TestNG.java:1134), org.testng.TestNG.runSuites(TestNG.java:1063), org.testng.TestNG.run(TestNG.java:1031), org.testng.remote.AbstractRemoteTestNG.run(AbstractRemoteTestNG.java:115), org.testng.remote.RemoteTestNG.initAndRun(RemoteTestNG.java:251), org.testng.remote.RemoteTestNG.main(RemoteTestNG.java:77)][0m
[DEBUG] 2023-06-21 21:12:48.643 MyListeners:100 - [1;31mScreenshot stored at: D:\ECLIPSE_LATEST\HeroApp1Copy/screenshots/TC102_InValidOtpTestcase__W_e_d_ _J_u_n_ _2_1_ _2_1___1_2___4_8_ _I_S_T_ _2_0_2_3_.png[0m
[DEBUG] 2023-06-21 21:12:48.646 MyListeners:73 - [1;31mTC102_INVALIDOTPTESTCASE - FAILURE[0m
[DEBUG] 2023-06-21 21:12:50.549 BaseClass:149 - Session gets closed
[DEBUG] 2023-06-21 21:12:50.550 BaseClass:150 - ++++++++++++++++++++++++++++++++
