<?xml version="1.0" encoding="UTF-8"?>
<!-- Generated by org.testng.reporters.JUnitXMLReporter -->
<testsuite ignored="0" hostname="DESKTOP-A2S9SMV" failures="0" tests="3" name="ReferAFriendTest" time="570.28" errors="0" timestamp="2024-02-02T18:06:46 IST">
  <testcase classname="com.oneapp.test_suits.ReferToFriendTestCases" name="TC901_ValidateValidReferToFriend" time="169.59"/>
  <testcase classname="com.oneapp.test_suits.ReferToFriendTestCases" name="TC901_ValidateValidReferToFriend" time="152.744"/>
  <testcase classname="com.oneapp.test_suits.ReferToFriendTestCases" name="TC901_ValidateValidReferToFriend" time="180.066"/>
</testsuite> <!-- ReferAFriendTest -->
